<?xml version="1.0" encoding="UTF-8"?>
<coverage generated="1779670659367" clover="3.2.0">
  <project timestamp="1779670659367" name="All files">
    <metrics statements="1180" coveredstatements="145" conditionals="619" coveredconditionals="83" methods="263" coveredmethods="20" elements="2062" coveredelements="248" complexity="0" loc="1180" ncloc="1180" packages="21" files="59" classes="59"/>
    <package name="src">
      <metrics statements="43" coveredstatements="9" conditionals="6" coveredconditionals="3" methods="4" coveredmethods="3"/>
      <file name="app.controller.ts" path="D:\omnicore\APIOmniCore\src\app.controller.ts">
        <metrics statements="6" coveredstatements="6" conditionals="4" coveredconditionals="3" methods="2" coveredmethods="2"/>
        <line num="1" count="1" type="stmt"/>
        <line num="2" count="1" type="stmt"/>
        <line num="5" count="1" type="stmt"/>
        <line num="6" count="1" type="cond" truecount="3" falsecount="1"/>
        <line num="9" count="1" type="stmt"/>
        <line num="10" count="1" type="stmt"/>
      </file>
      <file name="app.module.ts" path="D:\omnicore\APIOmniCore\src\app.module.ts">
        <metrics statements="24" coveredstatements="0" conditionals="0" coveredconditionals="0" methods="0" coveredmethods="0"/>
        <line num="1" count="0" type="stmt"/>
        <line num="2" count="0" type="stmt"/>
        <line num="3" count="0" type="stmt"/>
        <line num="4" count="0" type="stmt"/>
        <line num="5" count="0" type="stmt"/>
        <line num="6" count="0" type="stmt"/>
        <line num="7" count="0" type="stmt"/>
        <line num="8" count="0" type="stmt"/>
        <line num="9" count="0" type="stmt"/>
        <line num="10" count="0" type="stmt"/>
        <line num="11" count="0" type="stmt"/>
        <line num="12" count="0" type="stmt"/>
        <line num="13" count="0" type="stmt"/>
        <line num="14" count="0" type="stmt"/>
        <line num="15" count="0" type="stmt"/>
        <line num="16" count="0" type="stmt"/>
        <line num="17" count="0" type="stmt"/>
        <line num="18" count="0" type="stmt"/>
        <line num="19" count="0" type="stmt"/>
        <line num="20" count="0" type="stmt"/>
        <line num="21" count="0" type="stmt"/>
        <line num="22" count="0" type="stmt"/>
        <line num="23" count="0" type="stmt"/>
        <line num="50" count="0" type="stmt"/>
      </file>
      <file name="app.service.ts" path="D:\omnicore\APIOmniCore\src\app.service.ts">
        <metrics statements="3" coveredstatements="3" conditionals="0" coveredconditionals="0" methods="1" coveredmethods="1"/>
        <line num="1" count="1" type="stmt"/>
        <line num="4" count="1" type="stmt"/>
        <line num="6" count="1" type="stmt"/>
      </file>
      <file name="main.ts" path="D:\omnicore\APIOmniCore\src\main.ts">
        <metrics statements="10" coveredstatements="0" conditionals="2" coveredconditionals="0" methods="1" coveredmethods="0"/>
        <line num="1" count="0" type="stmt"/>
        <line num="2" count="0" type="stmt"/>
        <line num="3" count="0" type="stmt"/>
        <line num="6" count="0" type="stmt"/>
        <line num="9" count="0" type="stmt"/>
        <line num="12" count="0" type="stmt"/>
        <line num="14" count="0" type="cond" truecount="0" falsecount="2"/>
        <line num="15" count="0" type="stmt"/>
        <line num="16" count="0" type="stmt"/>
        <line num="18" count="0" type="stmt"/>
      </file>
    </package>
    <package name="src.auth">
      <metrics statements="135" coveredstatements="3" conditionals="78" coveredconditionals="0" methods="27" coveredmethods="0"/>
      <file name="auth.controller.ts" path="D:\omnicore\APIOmniCore\src\auth\auth.controller.ts">
        <metrics statements="20" coveredstatements="0" conditionals="6" coveredconditionals="0" methods="7" coveredmethods="0"/>
        <line num="1" count="0" type="stmt"/>
        <line num="2" count="0" type="stmt"/>
        <line num="3" count="0" type="stmt"/>
        <line num="6" count="0" type="stmt"/>
        <line num="7" count="0" type="cond" truecount="0" falsecount="4"/>
        <line num="10" count="0" type="stmt"/>
        <line num="11" count="0" type="stmt"/>
        <line num="15" count="0" type="stmt"/>
        <line num="16" count="0" type="stmt"/>
        <line num="20" count="0" type="stmt"/>
        <line num="21" count="0" type="stmt"/>
        <line num="25" count="0" type="stmt"/>
        <line num="26" count="0" type="stmt"/>
        <line num="31" count="0" type="stmt"/>
        <line num="32" count="0" type="stmt"/>
        <line num="33" count="0" type="cond" truecount="0" falsecount="2"/>
        <line num="34" count="0" type="stmt"/>
        <line num="36" count="0" type="stmt"/>
        <line num="42" count="0" type="stmt"/>
        <line num="43" count="0" type="stmt"/>
      </file>
      <file name="auth.module.ts" path="D:\omnicore\APIOmniCore\src\auth\auth.module.ts">
        <metrics statements="9" coveredstatements="0" conditionals="2" coveredconditionals="0" methods="0" coveredmethods="0"/>
        <line num="1" count="0" type="stmt"/>
        <line num="2" count="0" type="stmt"/>
        <line num="3" count="0" type="stmt"/>
        <line num="4" count="0" type="stmt"/>
        <line num="5" count="0" type="stmt"/>
        <line num="6" count="0" type="stmt"/>
        <line num="7" count="0" type="stmt"/>
        <line num="8" count="0" type="stmt"/>
        <line num="24" count="0" type="stmt"/>
      </file>
      <file name="auth.service.ts" path="D:\omnicore\APIOmniCore\src\auth\auth.service.ts">
        <metrics statements="97" coveredstatements="0" conditionals="68" coveredconditionals="0" methods="18" coveredmethods="0"/>
        <line num="1" count="0" type="stmt"/>
        <line num="2" count="0" type="stmt"/>
        <line num="3" count="0" type="stmt"/>
        <line num="4" count="0" type="stmt"/>
        <line num="5" count="0" type="stmt"/>
        <line num="6" count="0" type="stmt"/>
        <line num="9" count="0" type="stmt"/>
        <line num="11" count="0" type="cond" truecount="0" falsecount="8"/>
        <line num="12" count="0" type="cond" truecount="0" falsecount="4"/>
        <line num="13" count="0" type="stmt"/>
        <line num="17" count="0" type="stmt"/>
        <line num="18" count="0" type="cond" truecount="0" falsecount="5"/>
        <line num="19" count="0" type="stmt"/>
        <line num="20" count="0" type="stmt"/>
        <line num="22" count="0" type="stmt"/>
        <line num="26" count="0" type="stmt"/>
        <line num="35" count="0" type="stmt"/>
        <line num="36" count="0" type="cond" truecount="0" falsecount="2"/>
        <line num="38" count="0" type="stmt"/>
        <line num="39" count="0" type="stmt"/>
        <line num="45" count="0" type="cond" truecount="0" falsecount="2"/>
        <line num="46" count="0" type="stmt"/>
        <line num="47" count="0" type="stmt"/>
        <line num="55" count="0" type="cond" truecount="0" falsecount="3"/>
        <line num="57" count="0" type="stmt"/>
        <line num="65" count="0" type="stmt"/>
        <line num="80" count="0" type="stmt"/>
        <line num="81" count="0" type="cond" truecount="0" falsecount="2"/>
        <line num="82" count="0" type="stmt"/>
        <line num="85" count="0" type="stmt"/>
        <line num="87" count="0" type="stmt"/>
        <line num="93" count="0" type="stmt"/>
        <line num="97" count="0" type="stmt"/>
        <line num="98" count="0" type="stmt"/>
        <line num="100" count="0" type="stmt"/>
        <line num="102" count="0" type="cond" truecount="0" falsecount="2"/>
        <line num="103" count="0" type="stmt"/>
        <line num="104" count="0" type="stmt"/>
        <line num="112" count="0" type="stmt"/>
        <line num="124" count="0" type="cond" truecount="0" falsecount="2"/>
        <line num="125" count="0" type="stmt"/>
        <line num="131" count="0" type="stmt"/>
        <line num="135" count="0" type="stmt"/>
        <line num="144" count="0" type="cond" truecount="0" falsecount="2"/>
        <line num="146" count="0" type="stmt"/>
        <line num="147" count="0" type="cond" truecount="0" falsecount="2"/>
        <line num="148" count="0" type="stmt"/>
        <line num="151" count="0" type="cond" truecount="0" falsecount="4"/>
        <line num="152" count="0" type="stmt"/>
        <line num="153" count="0" type="cond" truecount="0" falsecount="2"/>
        <line num="154" count="0" type="stmt"/>
        <line num="155" count="0" type="stmt"/>
        <line num="156" count="0" type="cond" truecount="0" falsecount="2"/>
        <line num="157" count="0" type="stmt"/>
        <line num="158" count="0" type="cond" truecount="0" falsecount="4"/>
        <line num="159" count="0" type="stmt"/>
        <line num="162" count="0" type="stmt"/>
        <line num="163" count="0" type="cond" truecount="0" falsecount="2"/>
        <line num="164" count="0" type="stmt"/>
        <line num="165" count="0" type="stmt"/>
        <line num="171" count="0" type="stmt"/>
        <line num="172" count="0" type="stmt"/>
        <line num="173" count="0" type="stmt"/>
        <line num="181" count="0" type="stmt"/>
        <line num="186" count="0" type="stmt"/>
        <line num="194" count="0" type="stmt"/>
        <line num="209" count="0" type="stmt"/>
        <line num="210" count="0" type="stmt"/>
        <line num="213" count="0" type="stmt"/>
        <line num="225" count="0" type="stmt"/>
        <line num="240" count="0" type="stmt"/>
        <line num="255" count="0" type="stmt"/>
        <line num="261" count="0" type="stmt"/>
        <line num="268" count="0" type="stmt"/>
        <line num="273" count="0" type="stmt"/>
        <line num="274" count="0" type="stmt"/>
        <line num="285" count="0" type="stmt"/>
        <line num="296" count="0" type="stmt"/>
        <line num="300" count="0" type="stmt"/>
        <line num="301" count="0" type="stmt"/>
        <line num="302" count="0" type="stmt"/>
        <line num="309" count="0" type="stmt"/>
        <line num="310" count="0" type="stmt"/>
        <line num="313" count="0" type="stmt"/>
        <line num="317" count="0" type="cond" truecount="0" falsecount="2"/>
        <line num="318" count="0" type="stmt"/>
        <line num="322" count="0" type="stmt"/>
        <line num="327" count="0" type="stmt"/>
        <line num="334" count="0" type="stmt"/>
        <line num="335" count="0" type="cond" truecount="0" falsecount="2"/>
        <line num="336" count="0" type="stmt"/>
        <line num="338" count="0" type="cond" truecount="0" falsecount="2"/>
        <line num="339" count="0" type="stmt"/>
        <line num="340" count="0" type="stmt"/>
        <line num="341" count="0" type="stmt"/>
        <line num="342" count="0" type="stmt"/>
        <line num="343" count="0" type="stmt"/>
      </file>
      <file name="jwt-auth.guard.ts" path="D:\omnicore\APIOmniCore\src\auth\jwt-auth.guard.ts">
        <metrics statements="3" coveredstatements="3" conditionals="0" coveredconditionals="0" methods="0" coveredmethods="0"/>
        <line num="1" count="3" type="stmt"/>
        <line num="2" count="3" type="stmt"/>
        <line num="5" count="3" type="stmt"/>
      </file>
      <file name="jwt.strategy.ts" path="D:\omnicore\APIOmniCore\src\auth\jwt.strategy.ts">
        <metrics statements="6" coveredstatements="0" conditionals="2" coveredconditionals="0" methods="2" coveredmethods="0"/>
        <line num="1" count="0" type="stmt"/>
        <line num="2" count="0" type="stmt"/>
        <line num="3" count="0" type="stmt"/>
        <line num="6" count="0" type="stmt"/>
        <line num="8" count="0" type="stmt"/>
        <line num="16" count="0" type="stmt"/>
      </file>
    </package>
    <package name="src.categories">
      <metrics statements="32" coveredstatements="3" conditionals="10" coveredconditionals="3" methods="11" coveredmethods="0"/>
      <file name="categories.controller.ts" path="D:\omnicore\APIOmniCore\src\categories\categories.controller.ts">
        <metrics statements="13" coveredstatements="0" conditionals="4" coveredconditionals="0" methods="5" coveredmethods="0"/>
        <line num="1" count="0" type="stmt"/>
        <line num="2" count="0" type="stmt"/>
        <line num="3" count="0" type="stmt"/>
        <line num="7" count="0" type="stmt"/>
        <line num="8" count="0" type="cond" truecount="0" falsecount="4"/>
        <line num="11" count="0" type="stmt"/>
        <line num="12" count="0" type="stmt"/>
        <line num="16" count="0" type="stmt"/>
        <line num="17" count="0" type="stmt"/>
        <line num="21" count="0" type="stmt"/>
        <line num="22" count="0" type="stmt"/>
        <line num="26" count="0" type="stmt"/>
        <line num="27" count="0" type="stmt"/>
      </file>
      <file name="categories.module.ts" path="D:\omnicore\APIOmniCore\src\categories\categories.module.ts">
        <metrics statements="5" coveredstatements="0" conditionals="0" coveredconditionals="0" methods="0" coveredmethods="0"/>
        <line num="1" count="0" type="stmt"/>
        <line num="2" count="0" type="stmt"/>
        <line num="3" count="0" type="stmt"/>
        <line num="4" count="0" type="stmt"/>
        <line num="12" count="0" type="stmt"/>
      </file>
      <file name="categories.service.ts" path="D:\omnicore\APIOmniCore\src\categories\categories.service.ts">
        <metrics statements="14" coveredstatements="3" conditionals="6" coveredconditionals="3" methods="6" coveredmethods="0"/>
        <line num="1" count="3" type="stmt"/>
        <line num="2" count="3" type="stmt"/>
        <line num="5" count="3" type="stmt"/>
        <line num="6" count="0" type="cond" truecount="3" falsecount="1"/>
        <line num="9" count="0" type="stmt"/>
        <line num="16" count="0" type="stmt"/>
        <line num="19" count="0" type="cond" truecount="0" falsecount="2"/>
        <line num="20" count="0" type="stmt"/>
        <line num="24" count="0" type="stmt"/>
        <line num="25" count="0" type="stmt"/>
        <line num="34" count="0" type="stmt"/>
        <line num="35" count="0" type="stmt"/>
        <line num="42" count="0" type="stmt"/>
        <line num="43" count="0" type="stmt"/>
      </file>
    </package>
    <package name="src.common.utils">
      <metrics statements="21" coveredstatements="7" conditionals="8" coveredconditionals="2" methods="2" coveredmethods="0"/>
      <file name="crypto.util.ts" path="D:\omnicore\APIOmniCore\src\common\utils\crypto.util.ts">
        <metrics statements="21" coveredstatements="7" conditionals="8" coveredconditionals="2" methods="2" coveredmethods="0"/>
        <line num="1" count="3" type="stmt"/>
        <line num="3" count="3" type="stmt"/>
        <line num="4" count="3" type="cond" truecount="2" falsecount="0"/>
        <line num="5" count="3" type="stmt"/>
        <line num="6" count="3" type="stmt"/>
        <line num="8" count="3" type="stmt"/>
        <line num="9" count="0" type="cond" truecount="0" falsecount="2"/>
        <line num="10" count="0" type="stmt"/>
        <line num="11" count="0" type="stmt"/>
        <line num="12" count="0" type="stmt"/>
        <line num="13" count="0" type="stmt"/>
        <line num="14" count="0" type="stmt"/>
        <line num="17" count="3" type="stmt"/>
        <line num="18" count="0" type="cond" truecount="0" falsecount="4"/>
        <line num="19" count="0" type="stmt"/>
        <line num="20" count="0" type="stmt"/>
        <line num="21" count="0" type="stmt"/>
        <line num="22" count="0" type="stmt"/>
        <line num="23" count="0" type="stmt"/>
        <line num="24" count="0" type="stmt"/>
        <line num="25" count="0" type="stmt"/>
      </file>
    </package>
    <package name="src.config">
      <metrics statements="27" coveredstatements="18" conditionals="16" coveredconditionals="12" methods="8" coveredmethods="6"/>
      <file name="config.controller.ts" path="D:\omnicore\APIOmniCore\src\config\config.controller.ts">
        <metrics statements="11" coveredstatements="7" conditionals="12" coveredconditionals="9" methods="3" coveredmethods="1"/>
        <line num="1" count="1" type="stmt"/>
        <line num="2" count="1" type="stmt"/>
        <line num="3" count="1" type="stmt"/>
        <line num="8" count="1" type="stmt"/>
        <line num="9" count="1" type="cond" truecount="3" falsecount="1"/>
        <line num="12" count="1" type="cond" truecount="3" falsecount="1"/>
        <line num="13" count="0" type="stmt"/>
        <line num="14" count="0" type="stmt"/>
        <line num="18" count="1" type="stmt"/>
        <line num="22" count="0" type="stmt"/>
        <line num="23" count="0" type="stmt"/>
      </file>
      <file name="config.module.ts" path="D:\omnicore\APIOmniCore\src\config\config.module.ts">
        <metrics statements="5" coveredstatements="0" conditionals="0" coveredconditionals="0" methods="0" coveredmethods="0"/>
        <line num="1" count="0" type="stmt"/>
        <line num="2" count="0" type="stmt"/>
        <line num="3" count="0" type="stmt"/>
        <line num="4" count="0" type="stmt"/>
        <line num="12" count="0" type="stmt"/>
      </file>
      <file name="config.service.ts" path="D:\omnicore\APIOmniCore\src\config\config.service.ts">
        <metrics statements="11" coveredstatements="11" conditionals="4" coveredconditionals="3" methods="5" coveredmethods="5"/>
        <line num="1" count="2" type="stmt"/>
        <line num="2" count="2" type="stmt"/>
        <line num="6" count="2" type="stmt"/>
        <line num="7" count="3" type="cond" truecount="3" falsecount="1"/>
        <line num="11" count="1" type="stmt"/>
        <line num="20" count="1" type="stmt"/>
        <line num="22" count="1" type="stmt"/>
        <line num="23" count="1" type="stmt"/>
        <line num="26" count="1" type="stmt"/>
        <line num="27" count="1" type="stmt"/>
        <line num="29" count="1" type="stmt"/>
      </file>
    </package>
    <package name="src.gpt">
      <metrics statements="78" coveredstatements="7" conditionals="65" coveredconditionals="12" methods="8" coveredmethods="0"/>
      <file name="gpt.module.ts" path="D:\omnicore\APIOmniCore\src\gpt\gpt.module.ts">
        <metrics statements="7" coveredstatements="0" conditionals="0" coveredconditionals="0" methods="0" coveredmethods="0"/>
        <line num="1" count="0" type="stmt"/>
        <line num="2" count="0" type="stmt"/>
        <line num="3" count="0" type="stmt"/>
        <line num="4" count="0" type="stmt"/>
        <line num="5" count="0" type="stmt"/>
        <line num="6" count="0" type="stmt"/>
        <line num="13" count="0" type="stmt"/>
      </file>
      <file name="gpt.service.ts" path="D:\omnicore\APIOmniCore\src\gpt\gpt.service.ts">
        <metrics statements="71" coveredstatements="7" conditionals="65" coveredconditionals="12" methods="8" coveredmethods="0"/>
        <line num="1" count="3" type="stmt"/>
        <line num="2" count="3" type="stmt"/>
        <line num="3" count="3" type="stmt"/>
        <line num="4" count="3" type="stmt"/>
        <line num="5" count="3" type="stmt"/>
        <line num="6" count="3" type="stmt"/>
        <line num="9" count="3" type="stmt"/>
        <line num="10" count="0" type="stmt"/>
        <line num="12" count="0" type="stmt"/>
        <line num="28" count="0" type="cond" truecount="6" falsecount="2"/>
        <line num="29" count="0" type="cond" truecount="3" falsecount="1"/>
        <line num="30" count="0" type="cond" truecount="3" falsecount="1"/>
        <line num="31" count="0" type="stmt"/>
        <line num="35" count="0" type="stmt"/>
        <line num="36" count="0" type="cond" truecount="0" falsecount="2"/>
        <line num="37" count="0" type="stmt"/>
        <line num="38" count="0" type="stmt"/>
        <line num="41" count="0" type="stmt"/>
        <line num="44" count="0" type="stmt"/>
        <line num="45" count="0" type="cond" truecount="0" falsecount="2"/>
        <line num="47" count="0" type="stmt"/>
        <line num="48" count="0" type="stmt"/>
        <line num="51" count="0" type="stmt"/>
        <line num="54" count="0" type="cond" truecount="0" falsecount="2"/>
        <line num="55" count="0" type="cond" truecount="0" falsecount="2"/>
        <line num="58" count="0" type="stmt"/>
        <line num="61" count="0" type="cond" truecount="0" falsecount="2"/>
        <line num="62" count="0" type="stmt"/>
        <line num="66" count="0" type="stmt"/>
        <line num="70" count="0" type="stmt"/>
        <line num="80" count="0" type="stmt"/>
        <line num="82" count="0" type="stmt"/>
        <line num="85" count="0" type="stmt"/>
        <line num="86" count="0" type="stmt"/>
        <line num="89" count="0" type="stmt"/>
        <line num="90" count="0" type="stmt"/>
        <line num="94" count="0" type="stmt"/>
        <line num="99" count="0" type="stmt"/>
        <line num="101" count="0" type="stmt"/>
        <line num="103" count="0" type="stmt"/>
        <line num="109" count="0" type="cond" truecount="0" falsecount="4"/>
        <line num="110" count="0" type="stmt"/>
        <line num="114" count="0" type="stmt"/>
        <line num="145" count="0" type="stmt"/>
        <line num="146" count="0" type="stmt"/>
        <line num="148" count="0" type="stmt"/>
        <line num="149" count="0" type="stmt"/>
        <line num="157" count="0" type="stmt"/>
        <line num="159" count="0" type="cond" truecount="0" falsecount="2"/>
        <line num="160" count="0" type="cond" truecount="0" falsecount="2"/>
        <line num="161" count="0" type="stmt"/>
        <line num="165" count="0" type="stmt"/>
        <line num="166" count="0" type="stmt"/>
        <line num="167" count="0" type="stmt"/>
        <line num="168" count="0" type="stmt"/>
        <line num="169" count="0" type="stmt"/>
        <line num="171" count="0" type="cond" truecount="0" falsecount="2"/>
        <line num="172" count="0" type="stmt"/>
        <line num="173" count="0" type="cond" truecount="0" falsecount="2"/>
        <line num="174" count="0" type="cond" truecount="0" falsecount="2"/>
        <line num="175" count="0" type="stmt"/>
        <line num="182" count="0" type="cond" truecount="0" falsecount="3"/>
        <line num="185" count="0" type="cond" truecount="0" falsecount="2"/>
        <line num="186" count="0" type="stmt"/>
        <line num="187" count="0" type="cond" truecount="0" falsecount="4"/>
        <line num="188" count="0" type="cond" truecount="0" falsecount="2"/>
        <line num="189" count="0" type="cond" truecount="0" falsecount="2"/>
        <line num="192" count="0" type="stmt"/>
        <line num="200" count="0" type="stmt"/>
        <line num="206" count="0" type="stmt"/>
        <line num="207" count="0" type="stmt"/>
      </file>
    </package>
    <package name="src.keyword">
      <metrics statements="36" coveredstatements="18" conditionals="18" coveredconditionals="12" methods="12" coveredmethods="4"/>
      <file name="keyword.controller.ts" path="D:\omnicore\APIOmniCore\src\keyword\keyword.controller.ts">
        <metrics statements="17" coveredstatements="12" conditionals="12" coveredconditionals="9" methods="6" coveredmethods="1"/>
        <line num="1" count="1" type="stmt"/>
        <line num="2" count="1" type="stmt"/>
        <line num="3" count="1" type="stmt"/>
        <line num="4" count="1" type="stmt"/>
        <line num="5" count="1" type="stmt"/>
        <line num="9" count="1" type="stmt"/>
        <line num="10" count="1" type="cond" truecount="3" falsecount="1"/>
        <line num="13" count="1" type="cond" truecount="3" falsecount="1"/>
        <line num="14" count="0" type="stmt"/>
        <line num="18" count="1" type="stmt"/>
        <line num="19" count="0" type="stmt"/>
        <line num="23" count="1" type="stmt"/>
        <line num="24" count="0" type="stmt"/>
        <line num="28" count="1" type="cond" truecount="3" falsecount="1"/>
        <line num="29" count="0" type="stmt"/>
        <line num="33" count="1" type="stmt"/>
        <line num="34" count="0" type="stmt"/>
      </file>
      <file name="keyword.module.ts" path="D:\omnicore\APIOmniCore\src\keyword\keyword.module.ts">
        <metrics statements="5" coveredstatements="0" conditionals="0" coveredconditionals="0" methods="0" coveredmethods="0"/>
        <line num="1" count="0" type="stmt"/>
        <line num="2" count="0" type="stmt"/>
        <line num="3" count="0" type="stmt"/>
        <line num="4" count="0" type="stmt"/>
        <line num="12" count="0" type="stmt"/>
      </file>
      <file name="keyword.service.ts" path="D:\omnicore\APIOmniCore\src\keyword\keyword.service.ts">
        <metrics statements="14" coveredstatements="6" conditionals="6" coveredconditionals="3" methods="6" coveredmethods="3"/>
        <line num="1" count="2" type="stmt"/>
        <line num="4" count="2" type="stmt"/>
        <line num="7" count="2" type="stmt"/>
        <line num="8" count="3" type="cond" truecount="3" falsecount="1"/>
        <line num="11" count="1" type="stmt"/>
        <line num="20" count="1" type="stmt"/>
        <line num="27" count="0" type="stmt"/>
        <line num="30" count="0" type="cond" truecount="0" falsecount="2"/>
        <line num="31" count="0" type="stmt"/>
        <line num="33" count="0" type="stmt"/>
        <line num="37" count="0" type="stmt"/>
        <line num="38" count="0" type="stmt"/>
        <line num="45" count="0" type="stmt"/>
        <line num="46" count="0" type="stmt"/>
      </file>
    </package>
    <package name="src.keyword.dto">
      <metrics statements="7" coveredstatements="7" conditionals="0" coveredconditionals="0" methods="0" coveredmethods="0"/>
      <file name="create-keyword.dto.ts" path="D:\omnicore\APIOmniCore\src\keyword\dto\create-keyword.dto.ts">
        <metrics statements="4" coveredstatements="4" conditionals="0" coveredconditionals="0" methods="0" coveredmethods="0"/>
        <line num="1" count="1" type="stmt"/>
        <line num="3" count="1" type="stmt"/>
        <line num="6" count="1" type="stmt"/>
        <line num="10" count="1" type="stmt"/>
      </file>
      <file name="update-keyword.dto.ts" path="D:\omnicore\APIOmniCore\src\keyword\dto\update-keyword.dto.ts">
        <metrics statements="3" coveredstatements="3" conditionals="0" coveredconditionals="0" methods="0" coveredmethods="0"/>
        <line num="1" count="1" type="stmt"/>
        <line num="2" count="1" type="stmt"/>
        <line num="4" count="1" type="stmt"/>
      </file>
    </package>
    <package name="src.logistics">
      <metrics statements="75" coveredstatements="0" conditionals="14" coveredconditionals="0" methods="35" coveredmethods="0"/>
      <file name="logistics.controller.ts" path="D:\omnicore\APIOmniCore\src\logistics\logistics.controller.ts">
        <metrics statements="35" coveredstatements="0" conditionals="4" coveredconditionals="0" methods="16" coveredmethods="0"/>
        <line num="1" count="0" type="stmt"/>
        <line num="2" count="0" type="stmt"/>
        <line num="3" count="0" type="stmt"/>
        <line num="7" count="0" type="stmt"/>
        <line num="8" count="0" type="cond" truecount="0" falsecount="4"/>
        <line num="15" count="0" type="stmt"/>
        <line num="16" count="0" type="stmt"/>
        <line num="20" count="0" type="stmt"/>
        <line num="21" count="0" type="stmt"/>
        <line num="25" count="0" type="stmt"/>
        <line num="26" count="0" type="stmt"/>
        <line num="30" count="0" type="stmt"/>
        <line num="31" count="0" type="stmt"/>
        <line num="35" count="0" type="stmt"/>
        <line num="36" count="0" type="stmt"/>
        <line num="44" count="0" type="stmt"/>
        <line num="45" count="0" type="stmt"/>
        <line num="49" count="0" type="stmt"/>
        <line num="50" count="0" type="stmt"/>
        <line num="54" count="0" type="stmt"/>
        <line num="55" count="0" type="stmt"/>
        <line num="59" count="0" type="stmt"/>
        <line num="60" count="0" type="stmt"/>
        <line num="64" count="0" type="stmt"/>
        <line num="65" count="0" type="stmt"/>
        <line num="73" count="0" type="stmt"/>
        <line num="74" count="0" type="stmt"/>
        <line num="78" count="0" type="stmt"/>
        <line num="79" count="0" type="stmt"/>
        <line num="83" count="0" type="stmt"/>
        <line num="84" count="0" type="stmt"/>
        <line num="88" count="0" type="stmt"/>
        <line num="89" count="0" type="stmt"/>
        <line num="93" count="0" type="stmt"/>
        <line num="94" count="0" type="stmt"/>
      </file>
      <file name="logistics.module.ts" path="D:\omnicore\APIOmniCore\src\logistics\logistics.module.ts">
        <metrics statements="5" coveredstatements="0" conditionals="0" coveredconditionals="0" methods="0" coveredmethods="0"/>
        <line num="1" count="0" type="stmt"/>
        <line num="2" count="0" type="stmt"/>
        <line num="3" count="0" type="stmt"/>
        <line num="4" count="0" type="stmt"/>
        <line num="12" count="0" type="stmt"/>
      </file>
      <file name="logistics.service.ts" path="D:\omnicore\APIOmniCore\src\logistics\logistics.service.ts">
        <metrics statements="35" coveredstatements="0" conditionals="10" coveredconditionals="0" methods="19" coveredmethods="0"/>
        <line num="1" count="0" type="stmt"/>
        <line num="2" count="0" type="stmt"/>
        <line num="5" count="0" type="stmt"/>
        <line num="6" count="0" type="cond" truecount="0" falsecount="4"/>
        <line num="13" count="0" type="stmt"/>
        <line num="21" count="0" type="stmt"/>
        <line num="25" count="0" type="cond" truecount="0" falsecount="2"/>
        <line num="26" count="0" type="stmt"/>
        <line num="33" count="0" type="stmt"/>
        <line num="40" count="0" type="stmt"/>
        <line num="55" count="0" type="stmt"/>
        <line num="57" count="0" type="stmt"/>
        <line num="59" count="0" type="stmt"/>
        <line num="64" count="0" type="stmt"/>
        <line num="71" count="0" type="stmt"/>
        <line num="83" count="0" type="stmt"/>
        <line num="84" count="0" type="stmt"/>
        <line num="94" count="0" type="stmt"/>
        <line num="101" count="0" type="stmt"/>
        <line num="104" count="0" type="cond" truecount="0" falsecount="2"/>
        <line num="105" count="0" type="stmt"/>
        <line num="112" count="0" type="stmt"/>
        <line num="125" count="0" type="stmt"/>
        <line num="126" count="0" type="stmt"/>
        <line num="133" count="0" type="stmt"/>
        <line num="134" count="0" type="stmt"/>
        <line num="144" count="0" type="stmt"/>
        <line num="151" count="0" type="stmt"/>
        <line num="154" count="0" type="cond" truecount="0" falsecount="2"/>
        <line num="155" count="0" type="stmt"/>
        <line num="162" count="0" type="stmt"/>
        <line num="175" count="0" type="stmt"/>
        <line num="176" count="0" type="stmt"/>
        <line num="183" count="0" type="stmt"/>
        <line num="184" count="0" type="stmt"/>
      </file>
    </package>
    <package name="src.operation-contacts">
      <metrics statements="33" coveredstatements="3" conditionals="16" coveredconditionals="3" methods="11" coveredmethods="0"/>
      <file name="operation-contacts.controller.ts" path="D:\omnicore\APIOmniCore\src\operation-contacts\operation-contacts.controller.ts">
        <metrics statements="13" coveredstatements="0" conditionals="4" coveredconditionals="0" methods="5" coveredmethods="0"/>
        <line num="1" count="0" type="stmt"/>
        <line num="2" count="0" type="stmt"/>
        <line num="3" count="0" type="stmt"/>
        <line num="7" count="0" type="stmt"/>
        <line num="8" count="0" type="cond" truecount="0" falsecount="4"/>
        <line num="11" count="0" type="stmt"/>
        <line num="12" count="0" type="stmt"/>
        <line num="16" count="0" type="stmt"/>
        <line num="17" count="0" type="stmt"/>
        <line num="21" count="0" type="stmt"/>
        <line num="22" count="0" type="stmt"/>
        <line num="26" count="0" type="stmt"/>
        <line num="27" count="0" type="stmt"/>
      </file>
      <file name="operation-contacts.module.ts" path="D:\omnicore\APIOmniCore\src\operation-contacts\operation-contacts.module.ts">
        <metrics statements="5" coveredstatements="0" conditionals="0" coveredconditionals="0" methods="0" coveredmethods="0"/>
        <line num="1" count="0" type="stmt"/>
        <line num="2" count="0" type="stmt"/>
        <line num="3" count="0" type="stmt"/>
        <line num="4" count="0" type="stmt"/>
        <line num="12" count="0" type="stmt"/>
      </file>
      <file name="operation-contacts.service.ts" path="D:\omnicore\APIOmniCore\src\operation-contacts\operation-contacts.service.ts">
        <metrics statements="15" coveredstatements="3" conditionals="12" coveredconditionals="3" methods="6" coveredmethods="0"/>
        <line num="1" count="2" type="stmt"/>
        <line num="2" count="2" type="stmt"/>
        <line num="5" count="2" type="stmt"/>
        <line num="6" count="0" type="cond" truecount="3" falsecount="1"/>
        <line num="9" count="0" type="stmt"/>
        <line num="25" count="0" type="stmt"/>
        <line num="37" count="0" type="cond" truecount="0" falsecount="2"/>
        <line num="38" count="0" type="stmt"/>
        <line num="42" count="0" type="stmt"/>
        <line num="43" count="0" type="stmt"/>
        <line num="62" count="0" type="stmt"/>
        <line num="63" count="0" type="stmt"/>
        <line num="64" count="0" type="stmt"/>
        <line num="83" count="0" type="stmt"/>
        <line num="84" count="0" type="stmt"/>
      </file>
    </package>
    <package name="src.orders">
      <metrics statements="86" coveredstatements="22" conditionals="66" coveredconditionals="15" methods="20" coveredmethods="4"/>
      <file name="orders.controller.ts" path="D:\omnicore\APIOmniCore\src\orders\orders.controller.ts">
        <metrics statements="15" coveredstatements="0" conditionals="4" coveredconditionals="0" methods="6" coveredmethods="0"/>
        <line num="1" count="0" type="stmt"/>
        <line num="2" count="0" type="stmt"/>
        <line num="3" count="0" type="stmt"/>
        <line num="7" count="0" type="stmt"/>
        <line num="8" count="0" type="cond" truecount="0" falsecount="4"/>
        <line num="11" count="0" type="stmt"/>
        <line num="12" count="0" type="stmt"/>
        <line num="16" count="0" type="stmt"/>
        <line num="17" count="0" type="stmt"/>
        <line num="21" count="0" type="stmt"/>
        <line num="22" count="0" type="stmt"/>
        <line num="26" count="0" type="stmt"/>
        <line num="27" count="0" type="stmt"/>
        <line num="31" count="0" type="stmt"/>
        <line num="32" count="0" type="stmt"/>
      </file>
      <file name="orders.module.ts" path="D:\omnicore\APIOmniCore\src\orders\orders.module.ts">
        <metrics statements="6" coveredstatements="0" conditionals="0" coveredconditionals="0" methods="0" coveredmethods="0"/>
        <line num="1" count="0" type="stmt"/>
        <line num="2" count="0" type="stmt"/>
        <line num="3" count="0" type="stmt"/>
        <line num="4" count="0" type="stmt"/>
        <line num="5" count="0" type="stmt"/>
        <line num="13" count="0" type="stmt"/>
      </file>
      <file name="orders.service.ts" path="D:\omnicore\APIOmniCore\src\orders\orders.service.ts">
        <metrics statements="65" coveredstatements="22" conditionals="62" coveredconditionals="15" methods="14" coveredmethods="4"/>
        <line num="1" count="1" type="stmt"/>
        <line num="2" count="1" type="stmt"/>
        <line num="3" count="1" type="stmt"/>
        <line num="6" count="1" type="stmt"/>
        <line num="8" count="3" type="cond" truecount="6" falsecount="2"/>
        <line num="9" count="3" type="stmt"/>
        <line num="13" count="0" type="stmt"/>
        <line num="31" count="2" type="stmt"/>
        <line num="45" count="2" type="cond" truecount="1" falsecount="1"/>
        <line num="46" count="2" type="stmt"/>
        <line num="65" count="0" type="stmt"/>
        <line num="67" count="0" type="stmt"/>
        <line num="72" count="0" type="stmt"/>
        <line num="89" count="0" type="cond" truecount="0" falsecount="2"/>
        <line num="90" count="0" type="stmt"/>
        <line num="94" count="0" type="stmt"/>
        <line num="98" count="0" type="cond" truecount="0" falsecount="2"/>
        <line num="99" count="0" type="cond" truecount="0" falsecount="2"/>
        <line num="101" count="0" type="stmt"/>
        <line num="102" count="0" type="stmt"/>
        <line num="103" count="0" type="stmt"/>
        <line num="105" count="0" type="stmt"/>
        <line num="112" count="2" type="stmt"/>
        <line num="113" count="2" type="stmt"/>
        <line num="115" count="2" type="stmt"/>
        <line num="125" count="2" type="cond" truecount="2" falsecount="0"/>
        <line num="126" count="1" type="stmt"/>
        <line num="129" count="1" type="stmt"/>
        <line num="147" count="1" type="cond" truecount="1" falsecount="1"/>
        <line num="148" count="1" type="cond" truecount="1" falsecount="1"/>
        <line num="149" count="1" type="stmt"/>
        <line num="150" count="0" type="cond" truecount="0" falsecount="4"/>
        <line num="151" count="0" type="stmt"/>
        <line num="155" count="1" type="stmt"/>
        <line num="159" count="0" type="stmt"/>
        <line num="160" count="0" type="stmt"/>
        <line num="166" count="1" type="stmt"/>
        <line num="167" count="1" type="stmt"/>
        <line num="171" count="0" type="cond" truecount="0" falsecount="2"/>
        <line num="173" count="0" type="cond" truecount="0" falsecount="2"/>
        <line num="174" count="0" type="cond" truecount="0" falsecount="2"/>
        <line num="175" count="0" type="stmt"/>
        <line num="176" count="0" type="stmt"/>
        <line num="177" count="0" type="cond" truecount="0" falsecount="2"/>
        <line num="180" count="0" type="cond" truecount="0" falsecount="2"/>
        <line num="181" count="0" type="cond" truecount="0" falsecount="4"/>
        <line num="185" count="0" type="stmt"/>
        <line num="192" count="0" type="stmt"/>
        <line num="193" count="0" type="stmt"/>
        <line num="194" count="0" type="stmt"/>
        <line num="197" count="1" type="stmt"/>
        <line num="202" count="0" type="stmt"/>
        <line num="203" count="0" type="stmt"/>
        <line num="207" count="0" type="cond" truecount="0" falsecount="2"/>
        <line num="209" count="0" type="cond" truecount="0" falsecount="2"/>
        <line num="210" count="0" type="cond" truecount="0" falsecount="2"/>
        <line num="211" count="0" type="stmt"/>
        <line num="212" count="0" type="stmt"/>
        <line num="213" count="0" type="cond" truecount="0" falsecount="2"/>
        <line num="216" count="0" type="cond" truecount="0" falsecount="2"/>
        <line num="217" count="0" type="cond" truecount="0" falsecount="4"/>
        <line num="221" count="0" type="stmt"/>
        <line num="228" count="0" type="stmt"/>
        <line num="229" count="0" type="stmt"/>
        <line num="231" count="0" type="stmt"/>
      </file>
    </package>
    <package name="src.organizations">
      <metrics statements="32" coveredstatements="0" conditionals="24" coveredconditionals="0" methods="6" coveredmethods="0"/>
      <file name="organizations.controller.ts" path="D:\omnicore\APIOmniCore\src\organizations\organizations.controller.ts">
        <metrics statements="8" coveredstatements="0" conditionals="4" coveredconditionals="0" methods="3" coveredmethods="0"/>
        <line num="1" count="0" type="stmt"/>
        <line num="2" count="0" type="stmt"/>
        <line num="5" count="0" type="stmt"/>
        <line num="6" count="0" type="cond" truecount="0" falsecount="4"/>
        <line num="9" count="0" type="stmt"/>
        <line num="10" count="0" type="stmt"/>
        <line num="14" count="0" type="stmt"/>
        <line num="15" count="0" type="stmt"/>
      </file>
      <file name="organizations.module.ts" path="D:\omnicore\APIOmniCore\src\organizations\organizations.module.ts">
        <metrics statements="5" coveredstatements="0" conditionals="0" coveredconditionals="0" methods="0" coveredmethods="0"/>
        <line num="1" count="0" type="stmt"/>
        <line num="2" count="0" type="stmt"/>
        <line num="3" count="0" type="stmt"/>
        <line num="4" count="0" type="stmt"/>
        <line num="12" count="0" type="stmt"/>
      </file>
      <file name="organizations.service.ts" path="D:\omnicore\APIOmniCore\src\organizations\organizations.service.ts">
        <metrics statements="19" coveredstatements="0" conditionals="20" coveredconditionals="0" methods="3" coveredmethods="0"/>
        <line num="1" count="0" type="stmt"/>
        <line num="2" count="0" type="stmt"/>
        <line num="3" count="0" type="stmt"/>
        <line num="6" count="0" type="stmt"/>
        <line num="7" count="0" type="cond" truecount="0" falsecount="4"/>
        <line num="10" count="0" type="stmt"/>
        <line num="14" count="0" type="cond" truecount="0" falsecount="2"/>
        <line num="15" count="0" type="stmt"/>
        <line num="19" count="0" type="stmt"/>
        <line num="29" count="0" type="stmt"/>
        <line num="43" count="0" type="stmt"/>
        <line num="45" count="0" type="stmt"/>
        <line num="46" count="0" type="cond" truecount="0" falsecount="2"/>
        <line num="47" count="0" type="stmt"/>
        <line num="50" count="0" type="cond" truecount="0" falsecount="4"/>
        <line num="52" count="0" type="cond" truecount="0" falsecount="2"/>
        <line num="53" count="0" type="stmt"/>
        <line num="57" count="0" type="stmt"/>
        <line num="61" count="0" type="stmt"/>
      </file>
    </package>
    <package name="src.prisma">
      <metrics statements="19" coveredstatements="11" conditionals="2" coveredconditionals="0" methods="3" coveredmethods="1"/>
      <file name="prisma.module.ts" path="D:\omnicore\APIOmniCore\src\prisma\prisma.module.ts">
        <metrics statements="3" coveredstatements="0" conditionals="0" coveredconditionals="0" methods="0" coveredmethods="0"/>
        <line num="1" count="0" type="stmt"/>
        <line num="2" count="0" type="stmt"/>
        <line num="8" count="0" type="stmt"/>
      </file>
      <file name="prisma.service.ts" path="D:\omnicore\APIOmniCore\src\prisma\prisma.service.ts">
        <metrics statements="16" coveredstatements="11" conditionals="2" coveredconditionals="0" methods="3" coveredmethods="1"/>
        <line num="1" count="8" type="stmt"/>
        <line num="2" count="8" type="stmt"/>
        <line num="3" count="8" type="stmt"/>
        <line num="4" count="8" type="stmt"/>
        <line num="6" count="8" type="stmt"/>
        <line num="7" count="8" type="stmt"/>
        <line num="10" count="8" type="stmt"/>
        <line num="12" count="1" type="stmt"/>
        <line num="13" count="1" type="stmt"/>
        <line num="17" count="1" type="stmt"/>
        <line num="19" count="1" type="stmt"/>
        <line num="23" count="0" type="stmt"/>
        <line num="24" count="0" type="stmt"/>
        <line num="25" count="0" type="stmt"/>
        <line num="27" count="0" type="cond" truecount="0" falsecount="2"/>
        <line num="32" count="0" type="stmt"/>
      </file>
    </package>
    <package name="src.products">
      <metrics statements="49" coveredstatements="3" conditionals="36" coveredconditionals="3" methods="17" coveredmethods="0"/>
      <file name="products.controller.ts" path="D:\omnicore\APIOmniCore\src\products\products.controller.ts">
        <metrics statements="15" coveredstatements="0" conditionals="4" coveredconditionals="0" methods="6" coveredmethods="0"/>
        <line num="1" count="0" type="stmt"/>
        <line num="2" count="0" type="stmt"/>
        <line num="3" count="0" type="stmt"/>
        <line num="7" count="0" type="stmt"/>
        <line num="8" count="0" type="cond" truecount="0" falsecount="4"/>
        <line num="11" count="0" type="stmt"/>
        <line num="17" count="0" type="stmt"/>
        <line num="21" count="0" type="stmt"/>
        <line num="22" count="0" type="stmt"/>
        <line num="26" count="0" type="stmt"/>
        <line num="27" count="0" type="stmt"/>
        <line num="31" count="0" type="stmt"/>
        <line num="32" count="0" type="stmt"/>
        <line num="36" count="0" type="stmt"/>
        <line num="37" count="0" type="stmt"/>
      </file>
      <file name="products.module.ts" path="D:\omnicore\APIOmniCore\src\products\products.module.ts">
        <metrics statements="5" coveredstatements="0" conditionals="0" coveredconditionals="0" methods="0" coveredmethods="0"/>
        <line num="1" count="0" type="stmt"/>
        <line num="2" count="0" type="stmt"/>
        <line num="3" count="0" type="stmt"/>
        <line num="4" count="0" type="stmt"/>
        <line num="12" count="0" type="stmt"/>
      </file>
      <file name="products.service.ts" path="D:\omnicore\APIOmniCore\src\products\products.service.ts">
        <metrics statements="29" coveredstatements="3" conditionals="32" coveredconditionals="3" methods="11" coveredmethods="0"/>
        <line num="1" count="3" type="stmt"/>
        <line num="2" count="3" type="stmt"/>
        <line num="5" count="3" type="stmt"/>
        <line num="6" count="0" type="cond" truecount="3" falsecount="1"/>
        <line num="9" count="0" type="stmt"/>
        <line num="11" count="0" type="cond" truecount="0" falsecount="2"/>
        <line num="12" count="0" type="stmt"/>
        <line num="13" count="0" type="cond" truecount="0" falsecount="2"/>
        <line num="15" count="0" type="stmt"/>
        <line num="18" count="0" type="cond" truecount="0" falsecount="2"/>
        <line num="19" count="0" type="stmt"/>
        <line num="26" count="0" type="stmt"/>
        <line num="40" count="0" type="stmt"/>
        <line num="50" count="0" type="cond" truecount="0" falsecount="2"/>
        <line num="51" count="0" type="stmt"/>
        <line num="55" count="0" type="stmt"/>
        <line num="57" count="0" type="stmt"/>
        <line num="62" count="0" type="stmt"/>
        <line num="68" count="0" type="stmt"/>
        <line num="82" count="0" type="stmt"/>
        <line num="84" count="0" type="stmt"/>
        <line num="87" count="0" type="cond" truecount="0" falsecount="2"/>
        <line num="89" count="0" type="stmt"/>
        <line num="96" count="0" type="cond" truecount="0" falsecount="2"/>
        <line num="98" count="0" type="stmt"/>
        <line num="104" count="0" type="stmt"/>
        <line num="119" count="0" type="stmt"/>
        <line num="120" count="0" type="stmt"/>
        <line num="127" count="0" type="stmt"/>
      </file>
    </package>
    <package name="src.prompts">
      <metrics statements="39" coveredstatements="3" conditionals="14" coveredconditionals="3" methods="13" coveredmethods="0"/>
      <file name="prompts.controller.ts" path="D:\omnicore\APIOmniCore\src\prompts\prompts.controller.ts">
        <metrics statements="15" coveredstatements="0" conditionals="4" coveredconditionals="0" methods="6" coveredmethods="0"/>
        <line num="1" count="0" type="stmt"/>
        <line num="2" count="0" type="stmt"/>
        <line num="3" count="0" type="stmt"/>
        <line num="7" count="0" type="stmt"/>
        <line num="8" count="0" type="cond" truecount="0" falsecount="4"/>
        <line num="11" count="0" type="stmt"/>
        <line num="12" count="0" type="stmt"/>
        <line num="16" count="0" type="stmt"/>
        <line num="17" count="0" type="stmt"/>
        <line num="21" count="0" type="stmt"/>
        <line num="22" count="0" type="stmt"/>
        <line num="26" count="0" type="stmt"/>
        <line num="27" count="0" type="stmt"/>
        <line num="31" count="0" type="stmt"/>
        <line num="32" count="0" type="stmt"/>
      </file>
      <file name="prompts.module.ts" path="D:\omnicore\APIOmniCore\src\prompts\prompts.module.ts">
        <metrics statements="5" coveredstatements="0" conditionals="0" coveredconditionals="0" methods="0" coveredmethods="0"/>
        <line num="1" count="0" type="stmt"/>
        <line num="2" count="0" type="stmt"/>
        <line num="3" count="0" type="stmt"/>
        <line num="4" count="0" type="stmt"/>
        <line num="12" count="0" type="stmt"/>
      </file>
      <file name="prompts.service.ts" path="D:\omnicore\APIOmniCore\src\prompts\prompts.service.ts">
        <metrics statements="19" coveredstatements="3" conditionals="10" coveredconditionals="3" methods="7" coveredmethods="0"/>
        <line num="1" count="3" type="stmt"/>
        <line num="2" count="3" type="stmt"/>
        <line num="5" count="3" type="stmt"/>
        <line num="6" count="0" type="cond" truecount="3" falsecount="1"/>
        <line num="9" count="0" type="stmt"/>
        <line num="16" count="0" type="stmt"/>
        <line num="19" count="0" type="cond" truecount="0" falsecount="2"/>
        <line num="20" count="0" type="stmt"/>
        <line num="25" count="0" type="cond" truecount="0" falsecount="2"/>
        <line num="26" count="0" type="stmt"/>
        <line num="32" count="0" type="stmt"/>
        <line num="34" count="0" type="stmt"/>
        <line num="43" count="0" type="stmt"/>
        <line num="45" count="0" type="cond" truecount="0" falsecount="2"/>
        <line num="46" count="0" type="stmt"/>
        <line num="52" count="0" type="stmt"/>
        <line num="59" count="0" type="stmt"/>
        <line num="60" count="0" type="stmt"/>
        <line num="66" count="0" type="stmt"/>
      </file>
    </package>
    <package name="src.subcategories">
      <metrics statements="35" coveredstatements="0" conditionals="12" coveredconditionals="0" methods="12" coveredmethods="0"/>
      <file name="subcategories.controller.ts" path="D:\omnicore\APIOmniCore\src\subcategories\subcategories.controller.ts">
        <metrics statements="15" coveredstatements="0" conditionals="6" coveredconditionals="0" methods="5" coveredmethods="0"/>
        <line num="1" count="0" type="stmt"/>
        <line num="2" count="0" type="stmt"/>
        <line num="3" count="0" type="stmt"/>
        <line num="7" count="0" type="stmt"/>
        <line num="8" count="0" type="cond" truecount="0" falsecount="4"/>
        <line num="11" count="0" type="stmt"/>
        <line num="12" count="0" type="cond" truecount="0" falsecount="2"/>
        <line num="13" count="0" type="stmt"/>
        <line num="15" count="0" type="stmt"/>
        <line num="19" count="0" type="stmt"/>
        <line num="20" count="0" type="stmt"/>
        <line num="24" count="0" type="stmt"/>
        <line num="25" count="0" type="stmt"/>
        <line num="29" count="0" type="stmt"/>
        <line num="30" count="0" type="stmt"/>
      </file>
      <file name="subcategories.module.ts" path="D:\omnicore\APIOmniCore\src\subcategories\subcategories.module.ts">
        <metrics statements="5" coveredstatements="0" conditionals="0" coveredconditionals="0" methods="0" coveredmethods="0"/>
        <line num="1" count="0" type="stmt"/>
        <line num="2" count="0" type="stmt"/>
        <line num="3" count="0" type="stmt"/>
        <line num="4" count="0" type="stmt"/>
        <line num="12" count="0" type="stmt"/>
      </file>
      <file name="subcategories.service.ts" path="D:\omnicore\APIOmniCore\src\subcategories\subcategories.service.ts">
        <metrics statements="15" coveredstatements="0" conditionals="6" coveredconditionals="0" methods="7" coveredmethods="0"/>
        <line num="1" count="0" type="stmt"/>
        <line num="2" count="0" type="stmt"/>
        <line num="5" count="0" type="stmt"/>
        <line num="6" count="0" type="cond" truecount="0" falsecount="4"/>
        <line num="9" count="0" type="stmt"/>
        <line num="17" count="0" type="stmt"/>
        <line num="24" count="0" type="stmt"/>
        <line num="28" count="0" type="cond" truecount="0" falsecount="2"/>
        <line num="29" count="0" type="stmt"/>
        <line num="33" count="0" type="stmt"/>
        <line num="34" count="0" type="stmt"/>
        <line num="43" count="0" type="stmt"/>
        <line num="44" count="0" type="stmt"/>
        <line num="51" count="0" type="stmt"/>
        <line num="52" count="0" type="stmt"/>
      </file>
    </package>
    <package name="src.templates">
      <metrics statements="45" coveredstatements="0" conditionals="22" coveredconditionals="0" methods="12" coveredmethods="0"/>
      <file name="templates.controller.ts" path="D:\omnicore\APIOmniCore\src\templates\templates.controller.ts">
        <metrics statements="15" coveredstatements="0" conditionals="4" coveredconditionals="0" methods="6" coveredmethods="0"/>
        <line num="1" count="0" type="stmt"/>
        <line num="2" count="0" type="stmt"/>
        <line num="3" count="0" type="stmt"/>
        <line num="7" count="0" type="stmt"/>
        <line num="8" count="0" type="cond" truecount="0" falsecount="4"/>
        <line num="11" count="0" type="stmt"/>
        <line num="12" count="0" type="stmt"/>
        <line num="16" count="0" type="stmt"/>
        <line num="17" count="0" type="stmt"/>
        <line num="21" count="0" type="stmt"/>
        <line num="22" count="0" type="stmt"/>
        <line num="26" count="0" type="stmt"/>
        <line num="27" count="0" type="stmt"/>
        <line num="31" count="0" type="stmt"/>
        <line num="32" count="0" type="stmt"/>
      </file>
      <file name="templates.module.ts" path="D:\omnicore\APIOmniCore\src\templates\templates.module.ts">
        <metrics statements="5" coveredstatements="0" conditionals="0" coveredconditionals="0" methods="0" coveredmethods="0"/>
        <line num="1" count="0" type="stmt"/>
        <line num="2" count="0" type="stmt"/>
        <line num="3" count="0" type="stmt"/>
        <line num="4" count="0" type="stmt"/>
        <line num="12" count="0" type="stmt"/>
      </file>
      <file name="templates.service.ts" path="D:\omnicore\APIOmniCore\src\templates\templates.service.ts">
        <metrics statements="25" coveredstatements="0" conditionals="18" coveredconditionals="0" methods="6" coveredmethods="0"/>
        <line num="1" count="0" type="stmt"/>
        <line num="2" count="0" type="stmt"/>
        <line num="5" count="0" type="stmt"/>
        <line num="6" count="0" type="cond" truecount="0" falsecount="4"/>
        <line num="9" count="0" type="stmt"/>
        <line num="16" count="0" type="stmt"/>
        <line num="19" count="0" type="cond" truecount="0" falsecount="2"/>
        <line num="20" count="0" type="stmt"/>
        <line num="24" count="0" type="stmt"/>
        <line num="26" count="0" type="cond" truecount="0" falsecount="4"/>
        <line num="27" count="0" type="stmt"/>
        <line num="30" count="0" type="stmt"/>
        <line num="40" count="0" type="cond" truecount="0" falsecount="2"/>
        <line num="41" count="0" type="stmt"/>
        <line num="44" count="0" type="stmt"/>
        <line num="53" count="0" type="stmt"/>
        <line num="55" count="0" type="cond" truecount="0" falsecount="2"/>
        <line num="56" count="0" type="cond" truecount="0" falsecount="2"/>
        <line num="57" count="0" type="stmt"/>
        <line num="60" count="0" type="stmt"/>
        <line num="71" count="0" type="cond" truecount="0" falsecount="2"/>
        <line num="72" count="0" type="stmt"/>
        <line num="76" count="0" type="stmt"/>
        <line num="83" count="0" type="stmt"/>
        <line num="84" count="0" type="stmt"/>
      </file>
    </package>
    <package name="src.upload">
      <metrics statements="34" coveredstatements="0" conditionals="27" coveredconditionals="0" methods="5" coveredmethods="0"/>
      <file name="upload.controller.ts" path="D:\omnicore\APIOmniCore\src\upload\upload.controller.ts">
        <metrics statements="17" coveredstatements="0" conditionals="15" coveredconditionals="0" methods="3" coveredmethods="0"/>
        <line num="1" count="0" type="stmt"/>
        <line num="2" count="0" type="stmt"/>
        <line num="3" count="0" type="stmt"/>
        <line num="4" count="0" type="stmt"/>
        <line num="7" count="0" type="stmt"/>
        <line num="8" count="0" type="cond" truecount="0" falsecount="4"/>
        <line num="15" count="0" type="cond" truecount="0" falsecount="2"/>
        <line num="16" count="0" type="stmt"/>
        <line num="18" count="0" type="stmt"/>
        <line num="25" count="0" type="cond" truecount="0" falsecount="5"/>
        <line num="26" count="0" type="cond" truecount="0" falsecount="2"/>
        <line num="27" count="0" type="stmt"/>
        <line num="30" count="0" type="stmt"/>
        <line num="31" count="0" type="stmt"/>
        <line num="33" count="0" type="stmt"/>
        <line num="39" count="0" type="cond" truecount="0" falsecount="2"/>
        <line num="40" count="0" type="stmt"/>
      </file>
      <file name="upload.service.ts" path="D:\omnicore\APIOmniCore\src\upload\upload.service.ts">
        <metrics statements="17" coveredstatements="0" conditionals="12" coveredconditionals="0" methods="2" coveredmethods="0"/>
        <line num="1" count="0" type="stmt"/>
        <line num="2" count="0" type="stmt"/>
        <line num="3" count="0" type="stmt"/>
        <line num="7" count="0" type="stmt"/>
        <line num="12" count="0" type="cond" truecount="0" falsecount="2"/>
        <line num="14" count="0" type="stmt"/>
        <line num="24" count="0" type="cond" truecount="0" falsecount="2"/>
        <line num="25" count="0" type="stmt"/>
        <line num="28" count="0" type="stmt"/>
        <line num="29" count="0" type="stmt"/>
        <line num="31" count="0" type="stmt"/>
        <line num="32" count="0" type="stmt"/>
        <line num="43" count="0" type="cond" truecount="0" falsecount="2"/>
        <line num="44" count="0" type="stmt"/>
        <line num="46" count="0" type="stmt"/>
        <line num="48" count="0" type="stmt"/>
        <line num="49" count="0" type="stmt"/>
      </file>
    </package>
    <package name="src.users">
      <metrics statements="71" coveredstatements="0" conditionals="28" coveredconditionals="0" methods="24" coveredmethods="0"/>
      <file name="users.controller.ts" path="D:\omnicore\APIOmniCore\src\users\users.controller.ts">
        <metrics statements="28" coveredstatements="0" conditionals="6" coveredconditionals="0" methods="10" coveredmethods="0"/>
        <line num="1" count="0" type="stmt"/>
        <line num="2" count="0" type="stmt"/>
        <line num="3" count="0" type="stmt"/>
        <line num="6" count="0" type="stmt"/>
        <line num="7" count="0" type="cond" truecount="0" falsecount="4"/>
        <line num="11" count="0" type="stmt"/>
        <line num="12" count="0" type="stmt"/>
        <line num="18" count="0" type="stmt"/>
        <line num="19" count="0" type="stmt"/>
        <line num="20" count="0" type="stmt"/>
        <line num="25" count="0" type="stmt"/>
        <line num="26" count="0" type="stmt"/>
        <line num="31" count="0" type="stmt"/>
        <line num="32" count="0" type="stmt"/>
        <line num="33" count="0" type="stmt"/>
        <line num="38" count="0" type="stmt"/>
        <line num="39" count="0" type="stmt"/>
        <line num="40" count="0" type="stmt"/>
        <line num="45" count="0" type="stmt"/>
        <line num="46" count="0" type="stmt"/>
        <line num="52" count="0" type="stmt"/>
        <line num="53" count="0" type="stmt"/>
        <line num="58" count="0" type="stmt"/>
        <line num="59" count="0" type="stmt"/>
        <line num="64" count="0" type="stmt"/>
        <line num="66" count="0" type="cond" truecount="0" falsecount="2"/>
        <line num="67" count="0" type="stmt"/>
        <line num="69" count="0" type="stmt"/>
      </file>
      <file name="users.module.ts" path="D:\omnicore\APIOmniCore\src\users\users.module.ts">
        <metrics statements="5" coveredstatements="0" conditionals="0" coveredconditionals="0" methods="0" coveredmethods="0"/>
        <line num="1" count="0" type="stmt"/>
        <line num="2" count="0" type="stmt"/>
        <line num="3" count="0" type="stmt"/>
        <line num="4" count="0" type="stmt"/>
        <line num="12" count="0" type="stmt"/>
      </file>
      <file name="users.service.ts" path="D:\omnicore\APIOmniCore\src\users\users.service.ts">
        <metrics statements="38" coveredstatements="0" conditionals="22" coveredconditionals="0" methods="14" coveredmethods="0"/>
        <line num="1" count="0" type="stmt"/>
        <line num="2" count="0" type="stmt"/>
        <line num="6" count="0" type="stmt"/>
        <line num="7" count="0" type="cond" truecount="0" falsecount="4"/>
        <line num="10" count="0" type="stmt"/>
        <line num="21" count="0" type="stmt"/>
        <line num="32" count="0" type="stmt"/>
        <line num="38" count="0" type="stmt"/>
        <line num="45" count="0" type="stmt"/>
        <line num="49" count="0" type="stmt"/>
        <line num="54" count="0" type="stmt"/>
        <line num="58" count="0" type="cond" truecount="0" falsecount="2"/>
        <line num="59" count="0" type="stmt"/>
        <line num="63" count="0" type="cond" truecount="0" falsecount="2"/>
        <line num="64" count="0" type="stmt"/>
        <line num="68" count="0" type="stmt"/>
        <line num="77" count="0" type="cond" truecount="0" falsecount="2"/>
        <line num="78" count="0" type="stmt"/>
        <line num="82" count="0" type="stmt"/>
        <line num="95" count="0" type="stmt"/>
        <line num="99" count="0" type="stmt"/>
        <line num="105" count="0" type="cond" truecount="0" falsecount="2"/>
        <line num="106" count="0" type="stmt"/>
        <line num="109" count="0" type="stmt"/>
        <line num="124" count="0" type="stmt"/>
        <line num="130" count="0" type="cond" truecount="0" falsecount="2"/>
        <line num="131" count="0" type="stmt"/>
        <line num="134" count="0" type="stmt"/>
        <line num="142" count="0" type="stmt"/>
        <line num="157" count="0" type="stmt"/>
        <line num="167" count="0" type="stmt"/>
        <line num="173" count="0" type="cond" truecount="0" falsecount="2"/>
        <line num="174" count="0" type="stmt"/>
        <line num="177" count="0" type="cond" truecount="0" falsecount="2"/>
        <line num="178" count="0" type="stmt"/>
        <line num="181" count="0" type="stmt"/>
        <line num="193" count="0" type="stmt"/>
        <line num="203" count="0" type="stmt"/>
      </file>
    </package>
    <package name="src.websockets">
      <metrics statements="16" coveredstatements="5" conditionals="4" coveredconditionals="3" methods="5" coveredmethods="0"/>
      <file name="chat.gateway.ts" path="D:\omnicore\APIOmniCore\src\websockets\chat.gateway.ts">
        <metrics statements="13" coveredstatements="5" conditionals="4" coveredconditionals="3" methods="5" coveredmethods="0"/>
        <line num="1" count="3" type="stmt"/>
        <line num="8" count="3" type="stmt"/>
        <line num="9" count="3" type="stmt"/>
        <line num="18" count="3" type="stmt"/>
        <line num="19" count="3" type="cond" truecount="3" falsecount="1"/>
        <line num="20" count="0" type="stmt"/>
        <line num="23" count="0" type="stmt"/>
        <line num="27" count="0" type="stmt"/>
        <line num="31" count="0" type="stmt"/>
        <line num="36" count="0" type="stmt"/>
        <line num="37" count="0" type="stmt"/>
        <line num="42" count="0" type="stmt"/>
        <line num="43" count="0" type="stmt"/>
      </file>
      <file name="websockets.module.ts" path="D:\omnicore\APIOmniCore\src\websockets\websockets.module.ts">
        <metrics statements="3" coveredstatements="0" conditionals="0" coveredconditionals="0" methods="0" coveredmethods="0"/>
        <line num="1" count="0" type="stmt"/>
        <line num="2" count="0" type="stmt"/>
        <line num="9" count="0" type="stmt"/>
      </file>
    </package>
    <package name="src.whatsapp">
      <metrics statements="267" coveredstatements="26" conditionals="153" coveredconditionals="12" methods="28" coveredmethods="2"/>
      <file name="whatsapp.controller.ts" path="D:\omnicore\APIOmniCore\src\whatsapp\whatsapp.controller.ts">
        <metrics statements="34" coveredstatements="13" conditionals="10" coveredconditionals="3" methods="8" coveredmethods="1"/>
        <line num="1" count="1" type="stmt"/>
        <line num="2" count="1" type="stmt"/>
        <line num="3" count="1" type="stmt"/>
        <line num="6" count="1" type="stmt"/>
        <line num="8" count="1" type="stmt"/>
        <line num="10" count="1" type="cond" truecount="3" falsecount="1"/>
        <line num="15" count="1" type="stmt"/>
        <line num="20" count="0" type="cond" truecount="0" falsecount="2"/>
        <line num="21" count="0" type="stmt"/>
        <line num="24" count="0" type="stmt"/>
        <line num="26" count="0" type="cond" truecount="0" falsecount="2"/>
        <line num="27" count="0" type="stmt"/>
        <line num="28" count="0" type="stmt"/>
        <line num="31" count="0" type="stmt"/>
        <line num="36" count="1" type="stmt"/>
        <line num="37" count="0" type="stmt"/>
        <line num="39" count="0" type="stmt"/>
        <line num="40" count="0" type="stmt"/>
        <line num="41" count="0" type="stmt"/>
        <line num="43" count="0" type="stmt"/>
        <line num="44" count="0" type="stmt"/>
        <line num="53" count="1" type="stmt"/>
        <line num="54" count="0" type="stmt"/>
        <line num="59" count="1" type="stmt"/>
        <line num="64" count="0" type="stmt"/>
        <line num="69" count="1" type="stmt"/>
        <line num="74" count="0" type="stmt"/>
        <line num="79" count="1" type="stmt"/>
        <line num="85" count="0" type="stmt"/>
        <line num="86" count="0" type="stmt"/>
        <line num="88" count="0" type="stmt"/>
        <line num="89" count="0" type="stmt"/>
        <line num="98" count="1" type="stmt"/>
        <line num="99" count="0" type="stmt"/>
      </file>
      <file name="whatsapp.module.ts" path="D:\omnicore\APIOmniCore\src\whatsapp\whatsapp.module.ts">
        <metrics statements="6" coveredstatements="0" conditionals="0" coveredconditionals="0" methods="0" coveredmethods="0"/>
        <line num="1" count="0" type="stmt"/>
        <line num="2" count="0" type="stmt"/>
        <line num="3" count="0" type="stmt"/>
        <line num="4" count="0" type="stmt"/>
        <line num="5" count="0" type="stmt"/>
        <line num="12" count="0" type="stmt"/>
      </file>
      <file name="whatsapp.service.ts" path="D:\omnicore\APIOmniCore\src\whatsapp\whatsapp.service.ts">
        <metrics statements="227" coveredstatements="13" conditionals="143" coveredconditionals="9" methods="20" coveredmethods="1"/>
        <line num="1" count="3" type="stmt"/>
        <line num="2" count="3" type="stmt"/>
        <line num="3" count="3" type="stmt"/>
        <line num="4" count="3" type="stmt"/>
        <line num="5" count="3" type="stmt"/>
        <line num="6" count="3" type="stmt"/>
        <line num="7" count="3" type="stmt"/>
        <line num="10" count="3" type="stmt"/>
        <line num="11" count="1" type="stmt"/>
        <line num="13" count="1" type="stmt"/>
        <line num="20" count="1" type="cond" truecount="6" falsecount="2"/>
        <line num="21" count="1" type="cond" truecount="3" falsecount="1"/>
        <line num="22" count="1" type="stmt"/>
        <line num="26" count="0" type="stmt"/>
        <line num="29" count="0" type="stmt"/>
        <line num="33" count="0" type="stmt"/>
        <line num="34" count="0" type="stmt"/>
        <line num="35" count="0" type="stmt"/>
        <line num="36" count="0" type="stmt"/>
        <line num="37" count="0" type="stmt"/>
        <line num="38" count="0" type="stmt"/>
        <line num="40" count="0" type="cond" truecount="0" falsecount="2"/>
        <line num="41" count="0" type="cond" truecount="0" falsecount="2"/>
        <line num="42" count="0" type="stmt"/>
        <line num="44" count="0" type="stmt"/>
        <line num="46" count="0" type="stmt"/>
        <line num="50" count="0" type="cond" truecount="0" falsecount="2"/>
        <line num="51" count="0" type="stmt"/>
        <line num="55" count="0" type="cond" truecount="0" falsecount="2"/>
        <line num="56" count="0" type="stmt"/>
        <line num="57" count="0" type="stmt"/>
        <line num="62" count="0" type="stmt"/>
        <line num="63" count="0" type="stmt"/>
        <line num="68" count="0" type="cond" truecount="0" falsecount="2"/>
        <line num="69" count="0" type="stmt"/>
        <line num="70" count="0" type="stmt"/>
        <line num="73" count="0" type="cond" truecount="0" falsecount="2"/>
        <line num="74" count="0" type="stmt"/>
        <line num="75" count="0" type="stmt"/>
        <line num="78" count="0" type="stmt"/>
        <line num="79" count="0" type="stmt"/>
        <line num="80" count="0" type="stmt"/>
        <line num="81" count="0" type="stmt"/>
        <line num="82" count="0" type="stmt"/>
        <line num="84" count="0" type="stmt"/>
        <line num="86" count="0" type="stmt"/>
        <line num="87" count="0" type="cond" truecount="0" falsecount="5"/>
        <line num="88" count="0" type="stmt"/>
        <line num="89" count="0" type="stmt"/>
        <line num="96" count="0" type="cond" truecount="0" falsecount="2"/>
        <line num="97" count="0" type="stmt"/>
        <line num="99" count="0" type="stmt"/>
        <line num="100" count="0" type="cond" truecount="0" falsecount="2"/>
        <line num="105" count="0" type="cond" truecount="0" falsecount="4"/>
        <line num="106" count="0" type="stmt"/>
        <line num="108" count="0" type="cond" truecount="0" falsecount="2"/>
        <line num="109" count="0" type="stmt"/>
        <line num="115" count="0" type="cond" truecount="0" falsecount="2"/>
        <line num="116" count="0" type="stmt"/>
        <line num="122" count="0" type="stmt"/>
        <line num="141" count="0" type="cond" truecount="0" falsecount="2"/>
        <line num="142" count="0" type="stmt"/>
        <line num="144" count="0" type="cond" truecount="0" falsecount="4"/>
        <line num="145" count="0" type="stmt"/>
        <line num="146" count="0" type="cond" truecount="0" falsecount="2"/>
        <line num="147" count="0" type="stmt"/>
        <line num="151" count="0" type="stmt"/>
        <line num="162" count="0" type="stmt"/>
        <line num="165" count="0" type="cond" truecount="0" falsecount="4"/>
        <line num="166" count="0" type="stmt"/>
        <line num="167" count="0" type="stmt"/>
        <line num="169" count="0" type="cond" truecount="0" falsecount="2"/>
        <line num="170" count="0" type="stmt"/>
        <line num="171" count="0" type="stmt"/>
        <line num="172" count="0" type="cond" truecount="0" falsecount="2"/>
        <line num="174" count="0" type="stmt"/>
        <line num="175" count="0" type="stmt"/>
        <line num="176" count="0" type="cond" truecount="0" falsecount="2"/>
        <line num="177" count="0" type="stmt"/>
        <line num="179" count="0" type="stmt"/>
        <line num="191" count="0" type="stmt"/>
        <line num="194" count="0" type="stmt"/>
        <line num="196" count="0" type="cond" truecount="0" falsecount="2"/>
        <line num="198" count="0" type="cond" truecount="0" falsecount="2"/>
        <line num="200" count="0" type="stmt"/>
        <line num="201" count="0" type="cond" truecount="0" falsecount="2"/>
        <line num="202" count="0" type="stmt"/>
        <line num="203" count="0" type="stmt"/>
        <line num="204" count="0" type="stmt"/>
        <line num="207" count="0" type="cond" truecount="0" falsecount="2"/>
        <line num="208" count="0" type="stmt"/>
        <line num="209" count="0" type="stmt"/>
        <line num="212" count="0" type="stmt"/>
        <line num="213" count="0" type="stmt"/>
        <line num="218" count="0" type="stmt"/>
        <line num="220" count="0" type="stmt"/>
        <line num="221" count="0" type="stmt"/>
        <line num="226" count="0" type="stmt"/>
        <line num="227" count="0" type="stmt"/>
        <line num="241" count="0" type="stmt"/>
        <line num="242" count="0" type="cond" truecount="0" falsecount="2"/>
        <line num="243" count="0" type="cond" truecount="0" falsecount="2"/>
        <line num="244" count="0" type="stmt"/>
        <line num="247" count="0" type="cond" truecount="0" falsecount="2"/>
        <line num="248" count="0" type="stmt"/>
        <line num="253" count="0" type="stmt"/>
        <line num="259" count="0" type="cond" truecount="0" falsecount="2"/>
        <line num="260" count="0" type="stmt"/>
        <line num="261" count="0" type="stmt"/>
        <line num="264" count="0" type="stmt"/>
        <line num="265" count="0" type="stmt"/>
        <line num="269" count="0" type="stmt"/>
        <line num="270" count="0" type="stmt"/>
        <line num="275" count="0" type="cond" truecount="0" falsecount="2"/>
        <line num="276" count="0" type="stmt"/>
        <line num="278" count="0" type="cond" truecount="0" falsecount="4"/>
        <line num="279" count="0" type="stmt"/>
        <line num="282" count="0" type="stmt"/>
        <line num="284" count="0" type="stmt"/>
        <line num="286" count="0" type="stmt"/>
        <line num="292" count="0" type="cond" truecount="0" falsecount="2"/>
        <line num="293" count="0" type="stmt"/>
        <line num="294" count="0" type="cond" truecount="0" falsecount="2"/>
        <line num="295" count="0" type="stmt"/>
        <line num="298" count="0" type="stmt"/>
        <line num="307" count="0" type="stmt"/>
        <line num="309" count="0" type="cond" truecount="0" falsecount="2"/>
        <line num="310" count="0" type="stmt"/>
        <line num="311" count="0" type="stmt"/>
        <line num="314" count="0" type="stmt"/>
        <line num="324" count="0" type="stmt"/>
        <line num="325" count="0" type="stmt"/>
        <line num="327" count="0" type="cond" truecount="0" falsecount="2"/>
        <line num="328" count="0" type="stmt"/>
        <line num="333" count="0" type="cond" truecount="0" falsecount="2"/>
        <line num="335" count="0" type="cond" truecount="0" falsecount="2"/>
        <line num="336" count="0" type="stmt"/>
        <line num="337" count="0" type="cond" truecount="0" falsecount="2"/>
        <line num="338" count="0" type="cond" truecount="0" falsecount="2"/>
        <line num="339" count="0" type="stmt"/>
        <line num="341" count="0" type="stmt"/>
        <line num="343" count="0" type="stmt"/>
        <line num="348" count="0" type="stmt"/>
        <line num="349" count="0" type="cond" truecount="0" falsecount="2"/>
        <line num="351" count="0" type="stmt"/>
        <line num="352" count="0" type="stmt"/>
        <line num="355" count="0" type="cond" truecount="0" falsecount="2"/>
        <line num="357" count="0" type="stmt"/>
        <line num="358" count="0" type="cond" truecount="0" falsecount="2"/>
        <line num="359" count="0" type="cond" truecount="0" falsecount="2"/>
        <line num="360" count="0" type="stmt"/>
        <line num="363" count="0" type="stmt"/>
        <line num="364" count="0" type="stmt"/>
        <line num="366" count="0" type="cond" truecount="0" falsecount="2"/>
        <line num="371" count="0" type="stmt"/>
        <line num="376" count="0" type="stmt"/>
        <line num="385" count="0" type="stmt"/>
        <line num="386" count="0" type="stmt"/>
        <line num="387" count="0" type="stmt"/>
        <line num="390" count="0" type="stmt"/>
        <line num="391" count="0" type="stmt"/>
        <line num="394" count="0" type="stmt"/>
        <line num="396" count="0" type="cond" truecount="0" falsecount="2"/>
        <line num="398" count="0" type="cond" truecount="0" falsecount="2"/>
        <line num="399" count="0" type="stmt"/>
        <line num="400" count="0" type="stmt"/>
        <line num="401" count="0" type="stmt"/>
        <line num="405" count="0" type="cond" truecount="0" falsecount="2"/>
        <line num="406" count="0" type="stmt"/>
        <line num="411" count="0" type="stmt"/>
        <line num="413" count="0" type="cond" truecount="0" falsecount="4"/>
        <line num="415" count="0" type="stmt"/>
        <line num="416" count="0" type="stmt"/>
        <line num="419" count="0" type="stmt"/>
        <line num="420" count="0" type="cond" truecount="0" falsecount="2"/>
        <line num="423" count="0" type="stmt"/>
        <line num="424" count="0" type="cond" truecount="0" falsecount="2"/>
        <line num="426" count="0" type="stmt"/>
        <line num="427" count="0" type="stmt"/>
        <line num="431" count="0" type="stmt"/>
        <line num="432" count="0" type="stmt"/>
        <line num="433" count="0" type="stmt"/>
        <line num="435" count="0" type="stmt"/>
        <line num="438" count="0" type="stmt"/>
        <line num="439" count="0" type="stmt"/>
        <line num="443" count="0" type="stmt"/>
        <line num="444" count="0" type="stmt"/>
        <line num="448" count="0" type="stmt"/>
        <line num="449" count="0" type="stmt"/>
        <line num="451" count="0" type="cond" truecount="0" falsecount="2"/>
        <line num="452" count="0" type="stmt"/>
        <line num="457" count="0" type="stmt"/>
        <line num="459" count="0" type="stmt"/>
        <line num="460" count="0" type="cond" truecount="0" falsecount="2"/>
        <line num="461" count="0" type="stmt"/>
        <line num="462" count="0" type="cond" truecount="0" falsecount="2"/>
        <line num="463" count="0" type="stmt"/>
        <line num="466" count="0" type="stmt"/>
        <line num="468" count="0" type="stmt"/>
        <line num="490" count="0" type="stmt"/>
        <line num="491" count="0" type="stmt"/>
        <line num="493" count="0" type="cond" truecount="0" falsecount="2"/>
        <line num="494" count="0" type="stmt"/>
        <line num="499" count="0" type="stmt"/>
        <line num="502" count="0" type="stmt"/>
        <line num="505" count="0" type="stmt"/>
        <line num="507" count="0" type="cond" truecount="0" falsecount="4"/>
        <line num="508" count="0" type="cond" truecount="0" falsecount="2"/>
        <line num="512" count="0" type="stmt"/>
        <line num="516" count="0" type="cond" truecount="0" falsecount="2"/>
        <line num="517" count="0" type="stmt"/>
        <line num="520" count="0" type="stmt"/>
        <line num="521" count="0" type="stmt"/>
        <line num="522" count="0" type="stmt"/>
        <line num="524" count="0" type="stmt"/>
        <line num="526" count="0" type="cond" truecount="0" falsecount="2"/>
        <line num="527" count="0" type="stmt"/>
        <line num="531" count="0" type="stmt"/>
        <line num="532" count="0" type="stmt"/>
        <line num="534" count="0" type="stmt"/>
        <line num="544" count="0" type="stmt"/>
        <line num="545" count="0" type="cond" truecount="0" falsecount="2"/>
        <line num="546" count="0" type="stmt"/>
        <line num="549" count="0" type="stmt"/>
        <line num="551" count="0" type="stmt"/>
        <line num="552" count="0" type="stmt"/>
        <line num="557" count="0" type="stmt"/>
      </file>
    </package>
  </project>
</coverage>
