{"D:\\omnicore\\APIOmniCore\\src\\app.controller.ts": {"path":"D:\\omnicore\\APIOmniCore\\src\\app.controller.ts","statementMap":{"0":{"start":{"line":1,"column":0},"end":{"line":1,"column":49}},"1":{"start":{"line":2,"column":0},"end":{"line":2,"column":43}},"2":{"start":{"line":5,"column":7},"end":{"line":12,"column":null}},"3":{"start":{"line":6,"column":31},"end":{"line":6,"column":43}},"4":{"start":{"line":10,"column":4},"end":{"line":10,"column":38}},"5":{"start":{"line":5,"column":13},"end":{"line":5,"column":26}},"6":{"start":{"line":9,"column":2},"end":{"line":11,"column":null}},"7":{"start":{"line":5,"column":13},"end":{"line":12,"column":null}}},"fnMap":{"0":{"name":"(anonymous_2)","decl":{"start":{"line":6,"column":2},"end":{"line":6,"column":31}},"loc":{"start":{"line":6,"column":53},"end":{"line":6,"column":57}}},"1":{"name":"(anonymous_3)","decl":{"start":{"line":9,"column":2},"end":{"line":9,"column":10}},"loc":{"start":{"line":9,"column":10},"end":{"line":11,"column":3}}}},"branchMap":{"0":{"loc":{"start":{"line":6,"column":43},"end":{"line":6,"column":56}},"type":"cond-expr","locations":[{"start":{"line":6,"column":53},"end":{"line":6,"column":56}},{"start":{"line":6,"column":53},"end":{"line":6,"column":56}}]},"1":{"loc":{"start":{"line":6,"column":43},"end":{"line":6,"column":53}},"type":"binary-expr","locations":[{"start":{"line":6,"column":43},"end":{"line":6,"column":56}},{"start":{"line":6,"column":43},"end":{"line":6,"column":53}}]}},"s":{"0":1,"1":1,"2":1,"3":1,"4":1,"5":1,"6":1,"7":1},"f":{"0":1,"1":1},"b":{"0":[1,0],"1":[1,1]}}
,"D:\\omnicore\\APIOmniCore\\src\\app.module.ts": {"path":"D:\\omnicore\\APIOmniCore\\src\\app.module.ts","statementMap":{"0":{"start":{"line":1,"column":0},"end":{"line":1,"column":28}},"1":{"start":{"line":2,"column":0},"end":{"line":2,"column":40}},"2":{"start":{"line":3,"column":0},"end":{"line":3,"column":57}},"3":{"start":{"line":4,"column":0},"end":{"line":4,"column":49}},"4":{"start":{"line":5,"column":0},"end":{"line":5,"column":43}},"5":{"start":{"line":6,"column":0},"end":{"line":6,"column":60}},"6":{"start":{"line":7,"column":0},"end":{"line":7,"column":54}},"7":{"start":{"line":8,"column":0},"end":{"line":8,"column":66}},"8":{"start":{"line":9,"column":0},"end":{"line":9,"column":48}},"9":{"start":{"line":10,"column":0},"end":{"line":10,"column":51}},"10":{"start":{"line":11,"column":0},"end":{"line":11,"column":60}},"11":{"start":{"line":12,"column":0},"end":{"line":12,"column":57}},"12":{"start":{"line":13,"column":0},"end":{"line":13,"column":66}},"13":{"start":{"line":14,"column":0},"end":{"line":14,"column":75}},"14":{"start":{"line":15,"column":0},"end":{"line":15,"column":75}},"15":{"start":{"line":16,"column":0},"end":{"line":16,"column":63}},"16":{"start":{"line":17,"column":0},"end":{"line":17,"column":63}},"17":{"start":{"line":18,"column":0},"end":{"line":18,"column":54}},"18":{"start":{"line":19,"column":0},"end":{"line":19,"column":89}},"19":{"start":{"line":20,"column":0},"end":{"line":20,"column":54}},"20":{"start":{"line":21,"column":0},"end":{"line":21,"column":62}},"21":{"start":{"line":22,"column":0},"end":{"line":22,"column":56}},"22":{"start":{"line":23,"column":0},"end":{"line":23,"column":57}},"23":{"start":{"line":50,"column":7},"end":{"line":50,"column":null}},"24":{"start":{"line":50,"column":13},"end":{"line":50,"column":22}},"25":{"start":{"line":50,"column":13},"end":{"line":50,"column":null}}},"fnMap":{},"branchMap":{},"s":{"0":0,"1":0,"2":0,"3":0,"4":0,"5":0,"6":0,"7":0,"8":0,"9":0,"10":0,"11":0,"12":0,"13":0,"14":0,"15":0,"16":0,"17":0,"18":0,"19":0,"20":0,"21":0,"22":0,"23":0,"24":0,"25":0},"f":{},"b":{}}
,"D:\\omnicore\\APIOmniCore\\src\\app.service.ts": {"path":"D:\\omnicore\\APIOmniCore\\src\\app.service.ts","statementMap":{"0":{"start":{"line":1,"column":0},"end":{"line":1,"column":44}},"1":{"start":{"line":4,"column":7},"end":{"line":8,"column":null}},"2":{"start":{"line":6,"column":4},"end":{"line":6,"column":26}},"3":{"start":{"line":4,"column":13},"end":{"line":4,"column":23}},"4":{"start":{"line":4,"column":13},"end":{"line":8,"column":null}}},"fnMap":{"0":{"name":"(anonymous_1)","decl":{"start":{"line":5,"column":2},"end":{"line":5,"column":10}},"loc":{"start":{"line":5,"column":10},"end":{"line":7,"column":3}}}},"branchMap":{},"s":{"0":1,"1":1,"2":1,"3":1,"4":1},"f":{"0":1},"b":{}}
,"D:\\omnicore\\APIOmniCore\\src\\main.ts": {"path":"D:\\omnicore\\APIOmniCore\\src\\main.ts","statementMap":{"0":{"start":{"line":1,"column":0},"end":{"line":1,"column":43}},"1":{"start":{"line":2,"column":0},"end":{"line":2,"column":41}},"2":{"start":{"line":3,"column":0},"end":{"line":3,"column":48}},"3":{"start":{"line":6,"column":14},"end":{"line":6,"column":49}},"4":{"start":{"line":9,"column":2},"end":{"line":9,"column":19}},"5":{"start":{"line":12,"column":2},"end":{"line":12,"column":79}},"6":{"start":{"line":14,"column":15},"end":{"line":14,"column":39}},"7":{"start":{"line":15,"column":2},"end":{"line":15,"column":36}},"8":{"start":{"line":16,"column":2},"end":{"line":16,"column":64}},"9":{"start":{"line":18,"column":0},"end":{"line":18,"column":12}}},"fnMap":{"0":{"name":"bootstrap","decl":{"start":{"line":5,"column":15},"end":{"line":5,"column":24}},"loc":{"start":{"line":5,"column":24},"end":{"line":17,"column":1}}}},"branchMap":{"0":{"loc":{"start":{"line":14,"column":15},"end":{"line":14,"column":39}},"type":"binary-expr","locations":[{"start":{"line":14,"column":15},"end":{"line":14,"column":31}},{"start":{"line":14,"column":35},"end":{"line":14,"column":39}}]}},"s":{"0":0,"1":0,"2":0,"3":0,"4":0,"5":0,"6":0,"7":0,"8":0,"9":0},"f":{"0":0},"b":{"0":[0,0]}}
,"D:\\omnicore\\APIOmniCore\\src\\auth\\auth.controller.ts": {"path":"D:\\omnicore\\APIOmniCore\\src\\auth\\auth.controller.ts","statementMap":{"0":{"start":{"line":1,"column":0},"end":{"line":1,"column":103}},"1":{"start":{"line":2,"column":0},"end":{"line":2,"column":45}},"2":{"start":{"line":3,"column":0},"end":{"line":3,"column":48}},"3":{"start":{"line":6,"column":7},"end":{"line":45,"column":null}},"4":{"start":{"line":7,"column":22},"end":{"line":7,"column":35}},"5":{"start":{"line":11,"column":4},"end":{"line":11,"column":50}},"6":{"start":{"line":16,"column":4},"end":{"line":16,"column":40}},"7":{"start":{"line":21,"column":4},"end":{"line":21,"column":46}},"8":{"start":{"line":26,"column":4},"end":{"line":26,"column":41}},"9":{"start":{"line":32,"column":17},"end":{"line":32,"column":87}},"10":{"start":{"line":33,"column":4},"end":{"line":35,"column":5}},"11":{"start":{"line":34,"column":6},"end":{"line":34,"column":68}},"12":{"start":{"line":36,"column":4},"end":{"line":36,"column":40}},"13":{"start":{"line":43,"column":4},"end":{"line":43,"column":80}},"14":{"start":{"line":6,"column":13},"end":{"line":6,"column":27}},"15":{"start":{"line":10,"column":8},"end":{"line":12,"column":null}},"16":{"start":{"line":15,"column":8},"end":{"line":17,"column":null}},"17":{"start":{"line":20,"column":8},"end":{"line":22,"column":null}},"18":{"start":{"line":25,"column":8},"end":{"line":27,"column":null}},"19":{"start":{"line":31,"column":8},"end":{"line":37,"column":null}},"20":{"start":{"line":42,"column":8},"end":{"line":44,"column":null}},"21":{"start":{"line":6,"column":13},"end":{"line":45,"column":null}}},"fnMap":{"0":{"name":"(anonymous_4)","decl":{"start":{"line":7,"column":2},"end":{"line":7,"column":22}},"loc":{"start":{"line":7,"column":46},"end":{"line":7,"column":50}}},"1":{"name":"(anonymous_5)","decl":{"start":{"line":10,"column":8},"end":{"line":10,"column":16}},"loc":{"start":{"line":10,"column":41},"end":{"line":12,"column":3}}},"2":{"name":"(anonymous_6)","decl":{"start":{"line":15,"column":8},"end":{"line":15,"column":12}},"loc":{"start":{"line":15,"column":12},"end":{"line":17,"column":3}}},"3":{"name":"(anonymous_7)","decl":{"start":{"line":20,"column":8},"end":{"line":20,"column":23}},"loc":{"start":{"line":20,"column":23},"end":{"line":22,"column":3}}},"4":{"name":"(anonymous_8)","decl":{"start":{"line":25,"column":8},"end":{"line":25,"column":18}},"loc":{"start":{"line":25,"column":18},"end":{"line":27,"column":3}}},"5":{"name":"(anonymous_9)","decl":{"start":{"line":31,"column":8},"end":{"line":31,"column":13}},"loc":{"start":{"line":31,"column":35},"end":{"line":37,"column":3}}},"6":{"name":"(anonymous_10)","decl":{"start":{"line":42,"column":8},"end":{"line":42,"column":26}},"loc":{"start":{"line":42,"column":94},"end":{"line":44,"column":3}}}},"branchMap":{"0":{"loc":{"start":{"line":33,"column":4},"end":{"line":35,"column":5}},"type":"if","locations":[{"start":{"line":33,"column":4},"end":{"line":35,"column":5}},{"start":{},"end":{}}]},"1":{"loc":{"start":{"line":7,"column":35},"end":{"line":7,"column":49}},"type":"cond-expr","locations":[{"start":{"line":7,"column":46},"end":{"line":7,"column":49}},{"start":{"line":7,"column":46},"end":{"line":7,"column":49}}]},"2":{"loc":{"start":{"line":7,"column":35},"end":{"line":7,"column":46}},"type":"binary-expr","locations":[{"start":{"line":7,"column":35},"end":{"line":7,"column":49}},{"start":{"line":7,"column":35},"end":{"line":7,"column":46}}]}},"s":{"0":0,"1":0,"2":0,"3":0,"4":0,"5":0,"6":0,"7":0,"8":0,"9":0,"10":0,"11":0,"12":0,"13":0,"14":0,"15":0,"16":0,"17":0,"18":0,"19":0,"20":0,"21":0},"f":{"0":0,"1":0,"2":0,"3":0,"4":0,"5":0,"6":0},"b":{"0":[0,0],"1":[0,0],"2":[0,0]}}
,"D:\\omnicore\\APIOmniCore\\src\\auth\\auth.module.ts": {"path":"D:\\omnicore\\APIOmniCore\\src\\auth\\auth.module.ts","statementMap":{"0":{"start":{"line":1,"column":0},"end":{"line":1,"column":40}},"1":{"start":{"line":2,"column":0},"end":{"line":2,"column":45}},"2":{"start":{"line":3,"column":0},"end":{"line":3,"column":51}},"3":{"start":{"line":4,"column":0},"end":{"line":4,"column":52}},"4":{"start":{"line":5,"column":0},"end":{"line":5,"column":50}},"5":{"start":{"line":6,"column":0},"end":{"line":6,"column":40}},"6":{"start":{"line":7,"column":0},"end":{"line":7,"column":45}},"7":{"start":{"line":8,"column":0},"end":{"line":8,"column":55}},"8":{"start":{"line":24,"column":7},"end":{"line":24,"column":null}},"9":{"start":{"line":24,"column":13},"end":{"line":24,"column":23}},"10":{"start":{"line":24,"column":13},"end":{"line":24,"column":null}}},"fnMap":{},"branchMap":{"0":{"loc":{"start":{"line":16,"column":14},"end":{"line":16,"column":66}},"type":"binary-expr","locations":[{"start":{"line":16,"column":14},"end":{"line":16,"column":36}},{"start":{"line":16,"column":40},"end":{"line":16,"column":66}}]}},"s":{"0":0,"1":0,"2":0,"3":0,"4":0,"5":0,"6":0,"7":0,"8":0,"9":0,"10":0},"f":{},"b":{"0":[0,0]}}
,"D:\\omnicore\\APIOmniCore\\src\\auth\\auth.service.ts": {"path":"D:\\omnicore\\APIOmniCore\\src\\auth\\auth.service.ts","statementMap":{"0":{"start":{"line":1,"column":0},"end":{"line":1,"column":86}},"1":{"start":{"line":2,"column":0},"end":{"line":2,"column":41}},"2":{"start":{"line":3,"column":0},"end":{"line":3,"column":54}},"3":{"start":{"line":4,"column":0},"end":{"line":4,"column":57}},"4":{"start":{"line":5,"column":0},"end":{"line":5,"column":33}},"5":{"start":{"line":6,"column":0},"end":{"line":6,"column":33}},"6":{"start":{"line":9,"column":7},"end":{"line":345,"column":null}},"7":{"start":{"line":11,"column":12},"end":{"line":11,"column":26}},"8":{"start":{"line":12,"column":12},"end":{"line":12,"column":24}},"9":{"start":{"line":13,"column":12},"end":{"line":13,"column":20}},"10":{"start":{"line":17,"column":17},"end":{"line":17,"column":62}},"11":{"start":{"line":18,"column":4},"end":{"line":21,"column":5}},"12":{"start":{"line":19,"column":38},"end":{"line":19,"column":42}},"13":{"start":{"line":20,"column":6},"end":{"line":20,"column":20}},"14":{"start":{"line":22,"column":4},"end":{"line":22,"column":16}},"15":{"start":{"line":26,"column":19},"end":{"line":33,"column":6}},"16":{"start":{"line":35,"column":15},"end":{"line":35,"column":17}},"17":{"start":{"line":36,"column":4},"end":{"line":52,"column":5}},"18":{"start":{"line":38,"column":22},"end":{"line":38,"column":63}},"19":{"start":{"line":39,"column":6},"end":{"line":43,"column":10}},"20":{"start":{"line":39,"column":31},"end":{"line":43,"column":8}},"21":{"start":{"line":45,"column":6},"end":{"line":51,"column":18}},"22":{"start":{"line":46,"column":22},"end":{"line":46,"column":44}},"23":{"start":{"line":47,"column":20},"end":{"line":51,"column":10}},"24":{"start":{"line":55,"column":20},"end":{"line":55,"column":96}},"25":{"start":{"line":55,"column":35},"end":{"line":55,"column":76}},"26":{"start":{"line":57,"column":20},"end":{"line":63,"column":6}},"27":{"start":{"line":65,"column":4},"end":{"line":76,"column":6}},"28":{"start":{"line":80,"column":21},"end":{"line":80,"column":71}},"29":{"start":{"line":81,"column":4},"end":{"line":83,"column":5}},"30":{"start":{"line":82,"column":6},"end":{"line":82,"column":66}},"31":{"start":{"line":85,"column":27},"end":{"line":85,"column":63}},"32":{"start":{"line":87,"column":17},"end":{"line":91,"column":6}},"33":{"start":{"line":93,"column":4},"end":{"line":93,"column":28}},"34":{"start":{"line":97,"column":48},"end":{"line":97,"column":55}},"35":{"start":{"line":98,"column":18},"end":{"line":98,"column":33}},"36":{"start":{"line":100,"column":15},"end":{"line":100,"column":60}},"37":{"start":{"line":102,"column":4},"end":{"line":129,"column":5}},"38":{"start":{"line":103,"column":20},"end":{"line":103,"column":68}},"39":{"start":{"line":104,"column":18},"end":{"line":110,"column":8}},"40":{"start":{"line":112,"column":6},"end":{"line":123,"column":9}},"41":{"start":{"line":124,"column":11},"end":{"line":129,"column":5}},"42":{"start":{"line":125,"column":6},"end":{"line":128,"column":9}},"43":{"start":{"line":131,"column":4},"end":{"line":131,"column":16}},"44":{"start":{"line":135,"column":19},"end":{"line":142,"column":6}},"45":{"start":{"line":144,"column":4},"end":{"line":144,"column":74}},"46":{"start":{"line":144,"column":17},"end":{"line":144,"column":74}},"47":{"start":{"line":146,"column":21},"end":{"line":146,"column":87}},"48":{"start":{"line":146,"column":53},"end":{"line":146,"column":86}},"49":{"start":{"line":147,"column":15},"end":{"line":147,"column":41}},"50":{"start":{"line":148,"column":24},"end":{"line":148,"column":53}},"51":{"start":{"line":151,"column":4},"end":{"line":160,"column":5}},"52":{"start":{"line":152,"column":18},"end":{"line":152,"column":91}},"53":{"start":{"line":153,"column":6},"end":{"line":153,"column":74}},"54":{"start":{"line":153,"column":16},"end":{"line":153,"column":74}},"55":{"start":{"line":154,"column":6},"end":{"line":154,"column":27}},"56":{"start":{"line":155,"column":6},"end":{"line":155,"column":31}},"57":{"start":{"line":156,"column":11},"end":{"line":160,"column":5}},"58":{"start":{"line":157,"column":6},"end":{"line":157,"column":75}},"59":{"start":{"line":158,"column":11},"end":{"line":160,"column":5}},"60":{"start":{"line":159,"column":6},"end":{"line":159,"column":77}},"61":{"start":{"line":162,"column":15},"end":{"line":162,"column":17}},"62":{"start":{"line":163,"column":4},"end":{"line":178,"column":5}},"63":{"start":{"line":164,"column":22},"end":{"line":164,"column":63}},"64":{"start":{"line":165,"column":6},"end":{"line":169,"column":10}},"65":{"start":{"line":165,"column":31},"end":{"line":169,"column":8}},"66":{"start":{"line":171,"column":6},"end":{"line":177,"column":12}},"67":{"start":{"line":172,"column":22},"end":{"line":172,"column":44}},"68":{"start":{"line":173,"column":20},"end":{"line":177,"column":10}},"69":{"start":{"line":181,"column":4},"end":{"line":184,"column":7}},"70":{"start":{"line":186,"column":20},"end":{"line":192,"column":6}},"71":{"start":{"line":194,"column":4},"end":{"line":205,"column":6}},"72":{"start":{"line":209,"column":27},"end":{"line":209,"column":63}},"73":{"start":{"line":210,"column":18},"end":{"line":210,"column":42}},"74":{"start":{"line":213,"column":17},"end":{"line":222,"column":6}},"75":{"start":{"line":225,"column":4},"end":{"line":237,"column":7}},"76":{"start":{"line":240,"column":4},"end":{"line":252,"column":7}},"77":{"start":{"line":255,"column":4},"end":{"line":259,"column":7}},"78":{"start":{"line":261,"column":4},"end":{"line":265,"column":7}},"79":{"start":{"line":268,"column":26},"end":{"line":271,"column":6}},"80":{"start":{"line":273,"column":4},"end":{"line":294,"column":5}},"81":{"start":{"line":274,"column":22},"end":{"line":283,"column":8}},"82":{"start":{"line":285,"column":6},"end":{"line":293,"column":9}},"83":{"start":{"line":296,"column":4},"end":{"line":296,"column":78}},"84":{"start":{"line":300,"column":28},"end":{"line":300,"column":68}},"85":{"start":{"line":301,"column":28},"end":{"line":301,"column":68}},"86":{"start":{"line":302,"column":4},"end":{"line":305,"column":6}},"87":{"start":{"line":309,"column":23},"end":{"line":309,"column":61}},"88":{"start":{"line":310,"column":23},"end":{"line":310,"column":31}},"89":{"start":{"line":313,"column":27},"end":{"line":315,"column":6}},"90":{"start":{"line":317,"column":4},"end":{"line":319,"column":5}},"91":{"start":{"line":318,"column":6},"end":{"line":318,"column":73}},"92":{"start":{"line":322,"column":19},"end":{"line":325,"column":6}},"93":{"start":{"line":327,"column":4},"end":{"line":330,"column":6}},"94":{"start":{"line":334,"column":22},"end":{"line":334,"column":35}},"95":{"start":{"line":335,"column":27},"end":{"line":335,"column":87}},"96":{"start":{"line":336,"column":22},"end":{"line":336,"column":24}},"97":{"start":{"line":338,"column":4},"end":{"line":338,"column":27}},"98":{"start":{"line":338,"column":15},"end":{"line":338,"column":27}},"99":{"start":{"line":339,"column":15},"end":{"line":339,"column":44}},"100":{"start":{"line":340,"column":19},"end":{"line":340,"column":84}},"101":{"start":{"line":341,"column":20},"end":{"line":341,"column":39}},"102":{"start":{"line":342,"column":4},"end":{"line":342,"column":59}},"103":{"start":{"line":343,"column":4},"end":{"line":343,"column":64}},"104":{"start":{"line":9,"column":13},"end":{"line":9,"column":24}},"105":{"start":{"line":9,"column":13},"end":{"line":345,"column":null}}},"fnMap":{"0":{"name":"(anonymous_11)","decl":{"start":{"line":10,"column":2},"end":{"line":10,"column":null}},"loc":{"start":{"line":13,"column":33},"end":{"line":14,"column":6}}},"1":{"name":"(anonymous_12)","decl":{"start":{"line":16,"column":2},"end":{"line":16,"column":7}},"loc":{"start":{"line":16,"column":48},"end":{"line":23,"column":3}}},"2":{"name":"(anonymous_13)","decl":{"start":{"line":25,"column":2},"end":{"line":25,"column":7}},"loc":{"start":{"line":25,"column":23},"end":{"line":77,"column":3}}},"3":{"name":"(anonymous_14)","decl":{"start":{"line":39,"column":25},"end":{"line":39,"column":26}},"loc":{"start":{"line":39,"column":31},"end":{"line":43,"column":8}}},"4":{"name":"(anonymous_15)","decl":{"start":{"line":46,"column":16},"end":{"line":46,"column":18}},"loc":{"start":{"line":46,"column":22},"end":{"line":46,"column":44}}},"5":{"name":"(anonymous_16)","decl":{"start":{"line":47,"column":13},"end":{"line":47,"column":15}},"loc":{"start":{"line":47,"column":20},"end":{"line":51,"column":10}}},"6":{"name":"(anonymous_17)","decl":{"start":{"line":55,"column":30},"end":{"line":55,"column":31}},"loc":{"start":{"line":55,"column":35},"end":{"line":55,"column":76}}},"7":{"name":"(anonymous_18)","decl":{"start":{"line":79,"column":2},"end":{"line":79,"column":7}},"loc":{"start":{"line":79,"column":26},"end":{"line":94,"column":3}}},"8":{"name":"(anonymous_19)","decl":{"start":{"line":96,"column":2},"end":{"line":96,"column":7}},"loc":{"start":{"line":96,"column":39},"end":{"line":132,"column":3}}},"9":{"name":"(anonymous_20)","decl":{"start":{"line":134,"column":2},"end":{"line":134,"column":7}},"loc":{"start":{"line":134,"column":62},"end":{"line":206,"column":3}}},"10":{"name":"(anonymous_21)","decl":{"start":{"line":146,"column":47},"end":{"line":146,"column":49}},"loc":{"start":{"line":146,"column":53},"end":{"line":146,"column":86}}},"11":{"name":"(anonymous_22)","decl":{"start":{"line":165,"column":25},"end":{"line":165,"column":26}},"loc":{"start":{"line":165,"column":31},"end":{"line":169,"column":8}}},"12":{"name":"(anonymous_23)","decl":{"start":{"line":172,"column":16},"end":{"line":172,"column":18}},"loc":{"start":{"line":172,"column":22},"end":{"line":172,"column":44}}},"13":{"name":"(anonymous_24)","decl":{"start":{"line":173,"column":13},"end":{"line":173,"column":15}},"loc":{"start":{"line":173,"column":20},"end":{"line":177,"column":10}}},"14":{"name":"(anonymous_25)","decl":{"start":{"line":208,"column":2},"end":{"line":208,"column":7}},"loc":{"start":{"line":208,"column":17},"end":{"line":297,"column":3}}},"15":{"name":"(anonymous_26)","decl":{"start":{"line":299,"column":2},"end":{"line":299,"column":7}},"loc":{"start":{"line":299,"column":18},"end":{"line":306,"column":3}}},"16":{"name":"(anonymous_27)","decl":{"start":{"line":308,"column":2},"end":{"line":308,"column":7}},"loc":{"start":{"line":308,"column":23},"end":{"line":331,"column":3}}},"17":{"name":"(anonymous_28)","decl":{"start":{"line":333,"column":10},"end":{"line":333,"column":17}},"loc":{"start":{"line":333,"column":30},"end":{"line":344,"column":3}}}},"branchMap":{"0":{"loc":{"start":{"line":18,"column":4},"end":{"line":21,"column":5}},"type":"if","locations":[{"start":{"line":18,"column":4},"end":{"line":21,"column":5}},{"start":{},"end":{}}]},"1":{"loc":{"start":{"line":18,"column":8},"end":{"line":18,"column":76}},"type":"binary-expr","locations":[{"start":{"line":18,"column":8},"end":{"line":18,"column":12}},{"start":{"line":18,"column":16},"end":{"line":18,"column":29}},{"start":{"line":18,"column":34},"end":{"line":18,"column":75}}]},"2":{"loc":{"start":{"line":36,"column":4},"end":{"line":52,"column":5}},"type":"if","locations":[{"start":{"line":36,"column":4},"end":{"line":52,"column":5}},{"start":{"line":44,"column":11},"end":{"line":52,"column":5}}]},"3":{"loc":{"start":{"line":45,"column":13},"end":{"line":51,"column":17}},"type":"binary-expr","locations":[{"start":{"line":45,"column":13},"end":{"line":51,"column":11}},{"start":{"line":51,"column":15},"end":{"line":51,"column":17}}]},"4":{"loc":{"start":{"line":55,"column":20},"end":{"line":55,"column":96}},"type":"binary-expr","locations":[{"start":{"line":55,"column":20},"end":{"line":55,"column":77}},{"start":{"line":55,"column":81},"end":{"line":55,"column":88}},{"start":{"line":55,"column":92},"end":{"line":55,"column":96}}]},"5":{"loc":{"start":{"line":60,"column":12},"end":{"line":60,"column":37}},"type":"binary-expr","locations":[{"start":{"line":60,"column":12},"end":{"line":60,"column":27}},{"start":{"line":60,"column":31},"end":{"line":60,"column":37}}]},"6":{"loc":{"start":{"line":61,"column":13},"end":{"line":61,"column":34}},"type":"binary-expr","locations":[{"start":{"line":61,"column":13},"end":{"line":61,"column":26}},{"start":{"line":61,"column":30},"end":{"line":61,"column":34}}]},"7":{"loc":{"start":{"line":62,"column":18},"end":{"line":62,"column":46}},"type":"binary-expr","locations":[{"start":{"line":62,"column":18},"end":{"line":62,"column":36}},{"start":{"line":62,"column":40},"end":{"line":62,"column":46}}]},"8":{"loc":{"start":{"line":71,"column":20},"end":{"line":71,"column":45}},"type":"binary-expr","locations":[{"start":{"line":71,"column":20},"end":{"line":71,"column":35}},{"start":{"line":71,"column":39},"end":{"line":71,"column":45}}]},"9":{"loc":{"start":{"line":72,"column":30},"end":{"line":72,"column":51}},"type":"binary-expr","locations":[{"start":{"line":72,"column":30},"end":{"line":72,"column":43}},{"start":{"line":72,"column":47},"end":{"line":72,"column":51}}]},"10":{"loc":{"start":{"line":73,"column":20},"end":{"line":73,"column":48}},"type":"binary-expr","locations":[{"start":{"line":73,"column":20},"end":{"line":73,"column":38}},{"start":{"line":73,"column":42},"end":{"line":73,"column":48}}]},"11":{"loc":{"start":{"line":81,"column":4},"end":{"line":83,"column":5}},"type":"if","locations":[{"start":{"line":81,"column":4},"end":{"line":83,"column":5}},{"start":{},"end":{}}]},"12":{"loc":{"start":{"line":102,"column":4},"end":{"line":129,"column":5}},"type":"if","locations":[{"start":{"line":102,"column":4},"end":{"line":129,"column":5}},{"start":{"line":124,"column":11},"end":{"line":129,"column":5}}]},"13":{"loc":{"start":{"line":107,"column":35},"end":{"line":107,"column":55}},"type":"binary-expr","locations":[{"start":{"line":107,"column":35},"end":{"line":107,"column":46}},{"start":{"line":107,"column":50},"end":{"line":107,"column":55}}]},"14":{"loc":{"start":{"line":124,"column":11},"end":{"line":129,"column":5}},"type":"if","locations":[{"start":{"line":124,"column":11},"end":{"line":129,"column":5}},{"start":{},"end":{}}]},"15":{"loc":{"start":{"line":144,"column":4},"end":{"line":144,"column":74}},"type":"if","locations":[{"start":{"line":144,"column":4},"end":{"line":144,"column":74}},{"start":{},"end":{}}]},"16":{"loc":{"start":{"line":147,"column":15},"end":{"line":147,"column":41}},"type":"binary-expr","locations":[{"start":{"line":147,"column":15},"end":{"line":147,"column":31}},{"start":{"line":147,"column":35},"end":{"line":147,"column":41}}]},"17":{"loc":{"start":{"line":151,"column":4},"end":{"line":160,"column":5}},"type":"if","locations":[{"start":{"line":151,"column":4},"end":{"line":160,"column":5}},{"start":{"line":156,"column":11},"end":{"line":160,"column":5}}]},"18":{"loc":{"start":{"line":151,"column":8},"end":{"line":151,"column":58}},"type":"binary-expr","locations":[{"start":{"line":151,"column":8},"end":{"line":151,"column":43}},{"start":{"line":151,"column":47},"end":{"line":151,"column":58}}]},"19":{"loc":{"start":{"line":153,"column":6},"end":{"line":153,"column":74}},"type":"if","locations":[{"start":{"line":153,"column":6},"end":{"line":153,"column":74}},{"start":{},"end":{}}]},"20":{"loc":{"start":{"line":156,"column":11},"end":{"line":160,"column":5}},"type":"if","locations":[{"start":{"line":156,"column":11},"end":{"line":160,"column":5}},{"start":{"line":158,"column":11},"end":{"line":160,"column":5}}]},"21":{"loc":{"start":{"line":158,"column":11},"end":{"line":160,"column":5}},"type":"if","locations":[{"start":{"line":158,"column":11},"end":{"line":160,"column":5}},{"start":{},"end":{}}]},"22":{"loc":{"start":{"line":158,"column":15},"end":{"line":158,"column":85}},"type":"binary-expr","locations":[{"start":{"line":158,"column":15},"end":{"line":158,"column":46}},{"start":{"line":158,"column":50},"end":{"line":158,"column":85}}]},"23":{"loc":{"start":{"line":163,"column":4},"end":{"line":178,"column":5}},"type":"if","locations":[{"start":{"line":163,"column":4},"end":{"line":178,"column":5}},{"start":{"line":170,"column":11},"end":{"line":178,"column":5}}]},"24":{"loc":{"start":{"line":317,"column":4},"end":{"line":319,"column":5}},"type":"if","locations":[{"start":{"line":317,"column":4},"end":{"line":319,"column":5}},{"start":{},"end":{}}]},"25":{"loc":{"start":{"line":335,"column":27},"end":{"line":335,"column":87}},"type":"binary-expr","locations":[{"start":{"line":335,"column":27},"end":{"line":335,"column":49}},{"start":{"line":335,"column":53},"end":{"line":335,"column":87}}]},"26":{"loc":{"start":{"line":338,"column":4},"end":{"line":338,"column":27}},"type":"if","locations":[{"start":{"line":338,"column":4},"end":{"line":338,"column":27}},{"start":{},"end":{}}]},"27":{"loc":{"start":{"line":11,"column":26},"end":{"line":11,"column":null}},"type":"cond-expr","locations":[{"start":{"line":11,"column":38},"end":{"line":11,"column":null}},{"start":{"line":11,"column":38},"end":{"line":11,"column":null}}]},"28":{"loc":{"start":{"line":11,"column":26},"end":{"line":11,"column":38}},"type":"binary-expr","locations":[{"start":{"line":11,"column":26},"end":{"line":11,"column":null}},{"start":{"line":11,"column":26},"end":{"line":11,"column":38}}]},"29":{"loc":{"start":{"line":11,"column":38},"end":{"line":12,"column":null}},"type":"cond-expr","locations":[{"start":{"line":12,"column":34},"end":{"line":12,"column":null}},{"start":{"line":12,"column":34},"end":{"line":12,"column":null}}]},"30":{"loc":{"start":{"line":11,"column":38},"end":{"line":12,"column":34}},"type":"binary-expr","locations":[{"start":{"line":11,"column":38},"end":{"line":12,"column":null}},{"start":{"line":12,"column":24},"end":{"line":12,"column":34}}]},"31":{"loc":{"start":{"line":12,"column":34},"end":{"line":13,"column":null}},"type":"cond-expr","locations":[{"start":{"line":13,"column":33},"end":{"line":13,"column":null}},{"start":{"line":13,"column":33},"end":{"line":13,"column":null}}]},"32":{"loc":{"start":{"line":12,"column":34},"end":{"line":13,"column":33}},"type":"binary-expr","locations":[{"start":{"line":12,"column":34},"end":{"line":13,"column":null}},{"start":{"line":13,"column":20},"end":{"line":13,"column":33}}]}},"s":{"0":0,"1":0,"2":0,"3":0,"4":0,"5":0,"6":0,"7":0,"8":0,"9":0,"10":0,"11":0,"12":0,"13":0,"14":0,"15":0,"16":0,"17":0,"18":0,"19":0,"20":0,"21":0,"22":0,"23":0,"24":0,"25":0,"26":0,"27":0,"28":0,"29":0,"30":0,"31":0,"32":0,"33":0,"34":0,"35":0,"36":0,"37":0,"38":0,"39":0,"40":0,"41":0,"42":0,"43":0,"44":0,"45":0,"46":0,"47":0,"48":0,"49":0,"50":0,"51":0,"52":0,"53":0,"54":0,"55":0,"56":0,"57":0,"58":0,"59":0,"60":0,"61":0,"62":0,"63":0,"64":0,"65":0,"66":0,"67":0,"68":0,"69":0,"70":0,"71":0,"72":0,"73":0,"74":0,"75":0,"76":0,"77":0,"78":0,"79":0,"80":0,"81":0,"82":0,"83":0,"84":0,"85":0,"86":0,"87":0,"88":0,"89":0,"90":0,"91":0,"92":0,"93":0,"94":0,"95":0,"96":0,"97":0,"98":0,"99":0,"100":0,"101":0,"102":0,"103":0,"104":0,"105":0},"f":{"0":0,"1":0,"2":0,"3":0,"4":0,"5":0,"6":0,"7":0,"8":0,"9":0,"10":0,"11":0,"12":0,"13":0,"14":0,"15":0,"16":0,"17":0},"b":{"0":[0,0],"1":[0,0,0],"2":[0,0],"3":[0,0],"4":[0,0,0],"5":[0,0],"6":[0,0],"7":[0,0],"8":[0,0],"9":[0,0],"10":[0,0],"11":[0,0],"12":[0,0],"13":[0,0],"14":[0,0],"15":[0,0],"16":[0,0],"17":[0,0],"18":[0,0],"19":[0,0],"20":[0,0],"21":[0,0],"22":[0,0],"23":[0,0],"24":[0,0],"25":[0,0],"26":[0,0],"27":[0,0],"28":[0,0],"29":[0,0],"30":[0,0],"31":[0,0],"32":[0,0]}}
,"D:\\omnicore\\APIOmniCore\\src\\auth\\jwt-auth.guard.ts": {"path":"D:\\omnicore\\APIOmniCore\\src\\auth\\jwt-auth.guard.ts","statementMap":{"0":{"start":{"line":1,"column":0},"end":{"line":1,"column":44}},"1":{"start":{"line":2,"column":0},"end":{"line":2,"column":45}},"2":{"start":{"line":5,"column":7},"end":{"line":5,"column":null}},"3":{"start":{"line":5,"column":13},"end":{"line":5,"column":25}},"4":{"start":{"line":5,"column":13},"end":{"line":5,"column":null}}},"fnMap":{},"branchMap":{},"s":{"0":3,"1":3,"2":3,"3":3,"4":3},"f":{},"b":{}}
,"D:\\omnicore\\APIOmniCore\\src\\auth\\jwt.strategy.ts": {"path":"D:\\omnicore\\APIOmniCore\\src\\auth\\jwt.strategy.ts","statementMap":{"0":{"start":{"line":1,"column":0},"end":{"line":1,"column":52}},"1":{"start":{"line":2,"column":0},"end":{"line":2,"column":52}},"2":{"start":{"line":3,"column":0},"end":{"line":3,"column":44}},"3":{"start":{"line":6,"column":7},"end":{"line":24,"column":null}},"4":{"start":{"line":8,"column":4},"end":{"line":12,"column":7}},"5":{"start":{"line":16,"column":4},"end":{"line":22,"column":6}},"6":{"start":{"line":6,"column":13},"end":{"line":6,"column":24}},"7":{"start":{"line":6,"column":13},"end":{"line":24,"column":null}}},"fnMap":{"0":{"name":"(anonymous_2)","decl":{"start":{"line":7,"column":2},"end":{"line":7,"column":null}},"loc":{"start":{"line":7,"column":2},"end":{"line":13,"column":3}}},"1":{"name":"(anonymous_3)","decl":{"start":{"line":15,"column":2},"end":{"line":15,"column":7}},"loc":{"start":{"line":15,"column":29},"end":{"line":23,"column":3}}}},"branchMap":{"0":{"loc":{"start":{"line":11,"column":19},"end":{"line":11,"column":71}},"type":"binary-expr","locations":[{"start":{"line":11,"column":19},"end":{"line":11,"column":41}},{"start":{"line":11,"column":45},"end":{"line":11,"column":71}}]}},"s":{"0":0,"1":0,"2":0,"3":0,"4":0,"5":0,"6":0,"7":0},"f":{"0":0,"1":0},"b":{"0":[0,0]}}
,"D:\\omnicore\\APIOmniCore\\src\\categories\\categories.controller.ts": {"path":"D:\\omnicore\\APIOmniCore\\src\\categories\\categories.controller.ts","statementMap":{"0":{"start":{"line":1,"column":0},"end":{"line":1,"column":103}},"1":{"start":{"line":2,"column":0},"end":{"line":2,"column":57}},"2":{"start":{"line":3,"column":0},"end":{"line":3,"column":54}},"3":{"start":{"line":7,"column":7},"end":{"line":29,"column":null}},"4":{"start":{"line":8,"column":31},"end":{"line":8,"column":50}},"5":{"start":{"line":12,"column":4},"end":{"line":12,"column":58}},"6":{"start":{"line":17,"column":4},"end":{"line":17,"column":63}},"7":{"start":{"line":22,"column":4},"end":{"line":22,"column":67}},"8":{"start":{"line":27,"column":4},"end":{"line":27,"column":61}},"9":{"start":{"line":7,"column":13},"end":{"line":7,"column":33}},"10":{"start":{"line":11,"column":2},"end":{"line":13,"column":null}},"11":{"start":{"line":16,"column":2},"end":{"line":18,"column":null}},"12":{"start":{"line":21,"column":2},"end":{"line":23,"column":null}},"13":{"start":{"line":26,"column":2},"end":{"line":28,"column":null}},"14":{"start":{"line":7,"column":13},"end":{"line":29,"column":null}}},"fnMap":{"0":{"name":"(anonymous_4)","decl":{"start":{"line":8,"column":2},"end":{"line":8,"column":31}},"loc":{"start":{"line":8,"column":67},"end":{"line":8,"column":71}}},"1":{"name":"(anonymous_5)","decl":{"start":{"line":11,"column":2},"end":{"line":11,"column":9}},"loc":{"start":{"line":11,"column":29},"end":{"line":13,"column":3}}},"2":{"name":"(anonymous_6)","decl":{"start":{"line":16,"column":2},"end":{"line":16,"column":8}},"loc":{"start":{"line":16,"column":47},"end":{"line":18,"column":3}}},"3":{"name":"(anonymous_7)","decl":{"start":{"line":21,"column":2},"end":{"line":21,"column":8}},"loc":{"start":{"line":21,"column":72},"end":{"line":23,"column":3}}},"4":{"name":"(anonymous_8)","decl":{"start":{"line":26,"column":2},"end":{"line":26,"column":8}},"loc":{"start":{"line":26,"column":53},"end":{"line":28,"column":3}}}},"branchMap":{"0":{"loc":{"start":{"line":8,"column":50},"end":{"line":8,"column":70}},"type":"cond-expr","locations":[{"start":{"line":8,"column":67},"end":{"line":8,"column":70}},{"start":{"line":8,"column":67},"end":{"line":8,"column":70}}]},"1":{"loc":{"start":{"line":8,"column":50},"end":{"line":8,"column":67}},"type":"binary-expr","locations":[{"start":{"line":8,"column":50},"end":{"line":8,"column":70}},{"start":{"line":8,"column":50},"end":{"line":8,"column":67}}]}},"s":{"0":0,"1":0,"2":0,"3":0,"4":0,"5":0,"6":0,"7":0,"8":0,"9":0,"10":0,"11":0,"12":0,"13":0,"14":0},"f":{"0":0,"1":0,"2":0,"3":0,"4":0},"b":{"0":[0,0],"1":[0,0]}}
,"D:\\omnicore\\APIOmniCore\\src\\categories\\categories.module.ts": {"path":"D:\\omnicore\\APIOmniCore\\src\\categories\\categories.module.ts","statementMap":{"0":{"start":{"line":1,"column":0},"end":{"line":1,"column":40}},"1":{"start":{"line":2,"column":0},"end":{"line":2,"column":57}},"2":{"start":{"line":3,"column":0},"end":{"line":3,"column":63}},"3":{"start":{"line":4,"column":0},"end":{"line":4,"column":55}},"4":{"start":{"line":12,"column":7},"end":{"line":12,"column":null}},"5":{"start":{"line":12,"column":13},"end":{"line":12,"column":29}},"6":{"start":{"line":12,"column":13},"end":{"line":12,"column":null}}},"fnMap":{},"branchMap":{},"s":{"0":0,"1":0,"2":0,"3":0,"4":0,"5":0,"6":0},"f":{},"b":{}}
,"D:\\omnicore\\APIOmniCore\\src\\categories\\categories.service.ts": {"path":"D:\\omnicore\\APIOmniCore\\src\\categories\\categories.service.ts","statementMap":{"0":{"start":{"line":1,"column":0},"end":{"line":1,"column":63}},"1":{"start":{"line":2,"column":0},"end":{"line":2,"column":57}},"2":{"start":{"line":5,"column":7},"end":{"line":47,"column":null}},"3":{"start":{"line":6,"column":22},"end":{"line":6,"column":30}},"4":{"start":{"line":9,"column":4},"end":{"line":12,"column":7}},"5":{"start":{"line":16,"column":21},"end":{"line":18,"column":6}},"6":{"start":{"line":19,"column":4},"end":{"line":19,"column":74}},"7":{"start":{"line":19,"column":19},"end":{"line":19,"column":74}},"8":{"start":{"line":20,"column":4},"end":{"line":20,"column":20}},"9":{"start":{"line":24,"column":34},"end":{"line":24,"column":38}},"10":{"start":{"line":25,"column":4},"end":{"line":30,"column":7}},"11":{"start":{"line":34,"column":4},"end":{"line":34,"column":43}},"12":{"start":{"line":35,"column":4},"end":{"line":38,"column":7}},"13":{"start":{"line":42,"column":4},"end":{"line":42,"column":43}},"14":{"start":{"line":43,"column":4},"end":{"line":45,"column":7}},"15":{"start":{"line":5,"column":13},"end":{"line":5,"column":30}},"16":{"start":{"line":5,"column":13},"end":{"line":47,"column":null}}},"fnMap":{"0":{"name":"(anonymous_2)","decl":{"start":{"line":6,"column":2},"end":{"line":6,"column":22}},"loc":{"start":{"line":6,"column":43},"end":{"line":6,"column":47}}},"1":{"name":"(anonymous_3)","decl":{"start":{"line":8,"column":2},"end":{"line":8,"column":7}},"loc":{"start":{"line":8,"column":38},"end":{"line":13,"column":3}}},"2":{"name":"(anonymous_4)","decl":{"start":{"line":15,"column":2},"end":{"line":15,"column":7}},"loc":{"start":{"line":15,"column":50},"end":{"line":21,"column":3}}},"3":{"name":"(anonymous_5)","decl":{"start":{"line":23,"column":2},"end":{"line":23,"column":7}},"loc":{"start":{"line":23,"column":74},"end":{"line":31,"column":3}}},"4":{"name":"(anonymous_6)","decl":{"start":{"line":33,"column":2},"end":{"line":33,"column":7}},"loc":{"start":{"line":33,"column":73},"end":{"line":39,"column":3}}},"5":{"name":"(anonymous_7)","decl":{"start":{"line":41,"column":2},"end":{"line":41,"column":7}},"loc":{"start":{"line":41,"column":49},"end":{"line":46,"column":3}}}},"branchMap":{"0":{"loc":{"start":{"line":19,"column":4},"end":{"line":19,"column":74}},"type":"if","locations":[{"start":{"line":19,"column":4},"end":{"line":19,"column":74}},{"start":{},"end":{}}]},"1":{"loc":{"start":{"line":6,"column":30},"end":{"line":6,"column":46}},"type":"cond-expr","locations":[{"start":{"line":6,"column":43},"end":{"line":6,"column":46}},{"start":{"line":6,"column":43},"end":{"line":6,"column":46}}]},"2":{"loc":{"start":{"line":6,"column":30},"end":{"line":6,"column":43}},"type":"binary-expr","locations":[{"start":{"line":6,"column":30},"end":{"line":6,"column":46}},{"start":{"line":6,"column":30},"end":{"line":6,"column":43}}]}},"s":{"0":3,"1":3,"2":3,"3":0,"4":0,"5":0,"6":0,"7":0,"8":0,"9":0,"10":0,"11":0,"12":0,"13":0,"14":0,"15":3,"16":3},"f":{"0":0,"1":0,"2":0,"3":0,"4":0,"5":0},"b":{"0":[0,0],"1":[3,0],"2":[3,3]}}
,"D:\\omnicore\\APIOmniCore\\src\\common\\utils\\crypto.util.ts": {"path":"D:\\omnicore\\APIOmniCore\\src\\common\\utils\\crypto.util.ts","statementMap":{"0":{"start":{"line":8,"column":0},"end":{"line":8,"column":16}},"1":{"start":{"line":17,"column":0},"end":{"line":17,"column":16}},"2":{"start":{"line":1,"column":0},"end":{"line":1,"column":33}},"3":{"start":{"line":3,"column":18},"end":{"line":3,"column":31}},"4":{"start":{"line":4,"column":16},"end":{"line":4,"column":76}},"5":{"start":{"line":5,"column":23},"end":{"line":5,"column":75}},"6":{"start":{"line":6,"column":18},"end":{"line":6,"column":20}},"7":{"start":{"line":9,"column":2},"end":{"line":9,"column":25}},"8":{"start":{"line":9,"column":13},"end":{"line":9,"column":25}},"9":{"start":{"line":10,"column":13},"end":{"line":10,"column":42}},"10":{"start":{"line":11,"column":17},"end":{"line":11,"column":69}},"11":{"start":{"line":12,"column":18},"end":{"line":12,"column":37}},"12":{"start":{"line":13,"column":2},"end":{"line":13,"column":57}},"13":{"start":{"line":14,"column":2},"end":{"line":14,"column":62}},"14":{"start":{"line":18,"column":2},"end":{"line":18,"column":48}},"15":{"start":{"line":18,"column":36},"end":{"line":18,"column":48}},"16":{"start":{"line":19,"column":20},"end":{"line":19,"column":35}},"17":{"start":{"line":20,"column":13},"end":{"line":20,"column":51}},"18":{"start":{"line":21,"column":24},"end":{"line":21,"column":63}},"19":{"start":{"line":22,"column":19},"end":{"line":22,"column":73}},"20":{"start":{"line":23,"column":18},"end":{"line":23,"column":48}},"21":{"start":{"line":24,"column":2},"end":{"line":24,"column":59}},"22":{"start":{"line":25,"column":2},"end":{"line":25,"column":30}}},"fnMap":{"0":{"name":"encrypt","decl":{"start":{"line":8,"column":16},"end":{"line":8,"column":23}},"loc":{"start":{"line":8,"column":36},"end":{"line":15,"column":1}}},"1":{"name":"decrypt","decl":{"start":{"line":17,"column":16},"end":{"line":17,"column":23}},"loc":{"start":{"line":17,"column":36},"end":{"line":26,"column":1}}}},"branchMap":{"0":{"loc":{"start":{"line":4,"column":16},"end":{"line":4,"column":76}},"type":"binary-expr","locations":[{"start":{"line":4,"column":16},"end":{"line":4,"column":38}},{"start":{"line":4,"column":42},"end":{"line":4,"column":76}}]},"1":{"loc":{"start":{"line":9,"column":2},"end":{"line":9,"column":25}},"type":"if","locations":[{"start":{"line":9,"column":2},"end":{"line":9,"column":25}},{"start":{},"end":{}}]},"2":{"loc":{"start":{"line":18,"column":2},"end":{"line":18,"column":48}},"type":"if","locations":[{"start":{"line":18,"column":2},"end":{"line":18,"column":48}},{"start":{},"end":{}}]},"3":{"loc":{"start":{"line":18,"column":6},"end":{"line":18,"column":34}},"type":"binary-expr","locations":[{"start":{"line":18,"column":6},"end":{"line":18,"column":11}},{"start":{"line":18,"column":15},"end":{"line":18,"column":34}}]}},"s":{"0":3,"1":3,"2":3,"3":3,"4":3,"5":3,"6":3,"7":0,"8":0,"9":0,"10":0,"11":0,"12":0,"13":0,"14":0,"15":0,"16":0,"17":0,"18":0,"19":0,"20":0,"21":0,"22":0},"f":{"0":0,"1":0},"b":{"0":[3,0],"1":[0,0],"2":[0,0],"3":[0,0]}}
,"D:\\omnicore\\APIOmniCore\\src\\config\\config.controller.ts": {"path":"D:\\omnicore\\APIOmniCore\\src\\config\\config.controller.ts","statementMap":{"0":{"start":{"line":1,"column":0},"end":{"line":1,"column":80}},"1":{"start":{"line":2,"column":0},"end":{"line":2,"column":54}},"2":{"start":{"line":3,"column":0},"end":{"line":3,"column":49}},"3":{"start":{"line":8,"column":7},"end":{"line":25,"column":null}},"4":{"start":{"line":9,"column":31},"end":{"line":9,"column":46}},"5":{"start":{"line":13,"column":18},"end":{"line":13,"column":32}},"6":{"start":{"line":14,"column":4},"end":{"line":14,"column":62}},"7":{"start":{"line":22,"column":18},"end":{"line":22,"column":32}},"8":{"start":{"line":23,"column":4},"end":{"line":23,"column":75}},"9":{"start":{"line":8,"column":13},"end":{"line":8,"column":29}},"10":{"start":{"line":12,"column":8},"end":{"line":15,"column":null}},"11":{"start":{"line":18,"column":8},"end":{"line":24,"column":null}},"12":{"start":{"line":8,"column":13},"end":{"line":25,"column":null}}},"fnMap":{"0":{"name":"(anonymous_4)","decl":{"start":{"line":9,"column":2},"end":{"line":9,"column":31}},"loc":{"start":{"line":9,"column":59},"end":{"line":9,"column":63}}},"1":{"name":"(anonymous_5)","decl":{"start":{"line":12,"column":8},"end":{"line":12,"column":19}},"loc":{"start":{"line":12,"column":39},"end":{"line":15,"column":3}}},"2":{"name":"(anonymous_6)","decl":{"start":{"line":18,"column":8},"end":{"line":18,"column":22}},"loc":{"start":{"line":20,"column":27},"end":{"line":24,"column":3}}}},"branchMap":{"0":{"loc":{"start":{"line":12,"column":42},"end":{"line":12,"column":null}},"type":"cond-expr","locations":[{"start":{"line":12,"column":49},"end":{"line":12,"column":null}},{"start":{"line":12,"column":49},"end":{"line":12,"column":null}}]},"1":{"loc":{"start":{"line":12,"column":42},"end":{"line":12,"column":49}},"type":"binary-expr","locations":[{"start":{"line":12,"column":42},"end":{"line":12,"column":null}},{"start":{"line":12,"column":42},"end":{"line":12,"column":49}}]},"2":{"loc":{"start":{"line":21,"column":5},"end":{"line":21,"column":null}},"type":"cond-expr","locations":[{"start":{"line":21,"column":12},"end":{"line":21,"column":null}},{"start":{"line":21,"column":12},"end":{"line":21,"column":null}}]},"3":{"loc":{"start":{"line":21,"column":5},"end":{"line":21,"column":12}},"type":"binary-expr","locations":[{"start":{"line":21,"column":5},"end":{"line":21,"column":null}},{"start":{"line":21,"column":5},"end":{"line":21,"column":12}}]},"4":{"loc":{"start":{"line":9,"column":46},"end":{"line":9,"column":62}},"type":"cond-expr","locations":[{"start":{"line":9,"column":59},"end":{"line":9,"column":62}},{"start":{"line":9,"column":59},"end":{"line":9,"column":62}}]},"5":{"loc":{"start":{"line":9,"column":46},"end":{"line":9,"column":59}},"type":"binary-expr","locations":[{"start":{"line":9,"column":46},"end":{"line":9,"column":62}},{"start":{"line":9,"column":46},"end":{"line":9,"column":59}}]}},"s":{"0":1,"1":1,"2":1,"3":1,"4":1,"5":0,"6":0,"7":0,"8":0,"9":1,"10":1,"11":1,"12":1},"f":{"0":1,"1":0,"2":0},"b":{"0":[1,0],"1":[1,1],"2":[1,0],"3":[1,1],"4":[1,0],"5":[1,1]}}
,"D:\\omnicore\\APIOmniCore\\src\\config\\config.module.ts": {"path":"D:\\omnicore\\APIOmniCore\\src\\config\\config.module.ts","statementMap":{"0":{"start":{"line":1,"column":0},"end":{"line":1,"column":40}},"1":{"start":{"line":2,"column":0},"end":{"line":2,"column":49}},"2":{"start":{"line":3,"column":0},"end":{"line":3,"column":55}},"3":{"start":{"line":4,"column":0},"end":{"line":4,"column":90}},"4":{"start":{"line":12,"column":7},"end":{"line":12,"column":null}},"5":{"start":{"line":12,"column":13},"end":{"line":12,"column":25}},"6":{"start":{"line":12,"column":13},"end":{"line":12,"column":null}}},"fnMap":{},"branchMap":{},"s":{"0":0,"1":0,"2":0,"3":0,"4":0,"5":0,"6":0},"f":{},"b":{}}
,"D:\\omnicore\\APIOmniCore\\src\\config\\config.service.ts": {"path":"D:\\omnicore\\APIOmniCore\\src\\config\\config.service.ts","statementMap":{"0":{"start":{"line":1,"column":0},"end":{"line":1,"column":44}},"1":{"start":{"line":2,"column":0},"end":{"line":2,"column":92}},"2":{"start":{"line":6,"column":7},"end":{"line":31,"column":null}},"3":{"start":{"line":7,"column":31},"end":{"line":7,"column":57}},"4":{"start":{"line":11,"column":4},"end":{"line":11,"column":65}},"5":{"start":{"line":20,"column":21},"end":{"line":20,"column":80}},"6":{"start":{"line":22,"column":4},"end":{"line":24,"column":6}},"7":{"start":{"line":23,"column":26},"end":{"line":23,"column":84}},"8":{"start":{"line":26,"column":20},"end":{"line":27,"column":null}},"9":{"start":{"line":27,"column":26},"end":{"line":27,"column":81}},"10":{"start":{"line":29,"column":4},"end":{"line":29,"column":19}},"11":{"start":{"line":6,"column":13},"end":{"line":6,"column":26}},"12":{"start":{"line":6,"column":13},"end":{"line":31,"column":null}}},"fnMap":{"0":{"name":"(anonymous_2)","decl":{"start":{"line":7,"column":2},"end":{"line":7,"column":31}},"loc":{"start":{"line":7,"column":81},"end":{"line":7,"column":85}}},"1":{"name":"(anonymous_3)","decl":{"start":{"line":10,"column":2},"end":{"line":10,"column":7}},"loc":{"start":{"line":10,"column":55},"end":{"line":12,"column":3}}},"2":{"name":"(anonymous_4)","decl":{"start":{"line":15,"column":2},"end":{"line":15,"column":7}},"loc":{"start":{"line":17,"column":41},"end":{"line":30,"column":3}}},"3":{"name":"(anonymous_5)","decl":{"start":{"line":23,"column":19},"end":{"line":23,"column":20}},"loc":{"start":{"line":23,"column":26},"end":{"line":23,"column":84}}},"4":{"name":"(anonymous_6)","decl":{"start":{"line":27,"column":19},"end":{"line":27,"column":20}},"loc":{"start":{"line":27,"column":26},"end":{"line":27,"column":81}}}},"branchMap":{"0":{"loc":{"start":{"line":7,"column":57},"end":{"line":7,"column":84}},"type":"cond-expr","locations":[{"start":{"line":7,"column":81},"end":{"line":7,"column":84}},{"start":{"line":7,"column":81},"end":{"line":7,"column":84}}]},"1":{"loc":{"start":{"line":7,"column":57},"end":{"line":7,"column":81}},"type":"binary-expr","locations":[{"start":{"line":7,"column":57},"end":{"line":7,"column":84}},{"start":{"line":7,"column":57},"end":{"line":7,"column":81}}]}},"s":{"0":2,"1":2,"2":2,"3":0,"4":0,"5":0,"6":0,"7":0,"8":0,"9":0,"10":0,"11":2,"12":2},"f":{"0":0,"1":0,"2":0,"3":0,"4":0},"b":{"0":[2,0],"1":[2,2]}}
,"D:\\omnicore\\APIOmniCore\\src\\gpt\\gpt.module.ts": {"path":"D:\\omnicore\\APIOmniCore\\src\\gpt\\gpt.module.ts","statementMap":{"0":{"start":{"line":1,"column":0},"end":{"line":1,"column":40}},"1":{"start":{"line":2,"column":0},"end":{"line":2,"column":43}},"2":{"start":{"line":3,"column":0},"end":{"line":3,"column":55}},"3":{"start":{"line":4,"column":0},"end":{"line":4,"column":61}},"4":{"start":{"line":5,"column":0},"end":{"line":5,"column":58}},"5":{"start":{"line":6,"column":0},"end":{"line":6,"column":67}},"6":{"start":{"line":13,"column":7},"end":{"line":13,"column":null}},"7":{"start":{"line":13,"column":13},"end":{"line":13,"column":22}},"8":{"start":{"line":13,"column":13},"end":{"line":13,"column":null}}},"fnMap":{},"branchMap":{},"s":{"0":0,"1":0,"2":0,"3":0,"4":0,"5":0,"6":0,"7":0,"8":0},"f":{},"b":{}}
,"D:\\omnicore\\APIOmniCore\\src\\gpt\\gpt.service.ts": {"path":"D:\\omnicore\\APIOmniCore\\src\\gpt\\gpt.service.ts","statementMap":{"0":{"start":{"line":1,"column":0},"end":{"line":1,"column":52}},"1":{"start":{"line":2,"column":0},"end":{"line":2,"column":28}},"2":{"start":{"line":3,"column":0},"end":{"line":3,"column":57}},"3":{"start":{"line":4,"column":0},"end":{"line":4,"column":63}},"4":{"start":{"line":5,"column":0},"end":{"line":5,"column":60}},"5":{"start":{"line":6,"column":0},"end":{"line":6,"column":69}},"6":{"start":{"line":9,"column":23},"end":{"line":213,"column":null}},"7":{"start":{"line":10,"column":28},"end":{"line":10,"column":55}},"8":{"start":{"line":12,"column":43},"end":{"line":25,"column":8}},"9":{"start":{"line":28,"column":21},"end":{"line":28,"column":29}},"10":{"start":{"line":29,"column":21},"end":{"line":29,"column":38}},"11":{"start":{"line":30,"column":21},"end":{"line":30,"column":37}},"12":{"start":{"line":31,"column":21},"end":{"line":31,"column":40}},"13":{"start":{"line":35,"column":4},"end":{"line":211,"column":5}},"14":{"start":{"line":36,"column":6},"end":{"line":39,"column":7}},"15":{"start":{"line":37,"column":8},"end":{"line":37,"column":68}},"16":{"start":{"line":38,"column":8},"end":{"line":38,"column":111}},"17":{"start":{"line":41,"column":21},"end":{"line":41,"column":58}},"18":{"start":{"line":44,"column":27},"end":{"line":44,"column":75}},"19":{"start":{"line":45,"column":30},"end":{"line":45,"column":81}},"20":{"start":{"line":47,"column":25},"end":{"line":47,"column":68}},"21":{"start":{"line":48,"column":28},"end":{"line":48,"column":66}},"22":{"start":{"line":48,"column":48},"end":{"line":48,"column":54}},"23":{"start":{"line":51,"column":29},"end":{"line":53,"column":8}},"24":{"start":{"line":54,"column":26},"end":{"line":56,"column":72}},"25":{"start":{"line":55,"column":8},"end":{"line":55,"column":106}},"26":{"start":{"line":58,"column":28},"end":{"line":60,"column":8}},"27":{"start":{"line":61,"column":29},"end":{"line":63,"column":88}},"28":{"start":{"line":62,"column":8},"end":{"line":62,"column":111}},"29":{"start":{"line":66,"column":24},"end":{"line":68,"column":8}},"30":{"start":{"line":70,"column":51},"end":{"line":77,"column":8}},"31":{"start":{"line":80,"column":6},"end":{"line":87,"column":9}},"32":{"start":{"line":82,"column":8},"end":{"line":82,"column":50}},"33":{"start":{"line":85,"column":30},"end":{"line":85,"column":71}},"34":{"start":{"line":86,"column":8},"end":{"line":86,"column":57}},"35":{"start":{"line":89,"column":6},"end":{"line":91,"column":7}},"36":{"start":{"line":90,"column":8},"end":{"line":90,"column":78}},"37":{"start":{"line":94,"column":27},"end":{"line":98,"column":8}},"38":{"start":{"line":99,"column":6},"end":{"line":99,"column":48}},"39":{"start":{"line":101,"column":76},"end":{"line":107,"column":8}},"40":{"start":{"line":103,"column":38},"end":{"line":106,"column":10}},"41":{"start":{"line":109,"column":6},"end":{"line":111,"column":7}},"42":{"start":{"line":110,"column":8},"end":{"line":110,"column":79}},"43":{"start":{"line":114,"column":54},"end":{"line":142,"column":8}},"44":{"start":{"line":145,"column":32},"end":{"line":145,"column":34}},"45":{"start":{"line":146,"column":23},"end":{"line":146,"column":25}},"46":{"start":{"line":148,"column":6},"end":{"line":198,"column":7}},"47":{"start":{"line":148,"column":19},"end":{"line":148,"column":20}},"48":{"start":{"line":149,"column":27},"end":{"line":155,"column":10}},"49":{"start":{"line":157,"column":24},"end":{"line":157,"column":54}},"50":{"start":{"line":159,"column":8},"end":{"line":162,"column":9}},"51":{"start":{"line":160,"column":10},"end":{"line":160,"column":46}},"52":{"start":{"line":161,"column":10},"end":{"line":161,"column":16}},"53":{"start":{"line":165,"column":8},"end":{"line":165,"column":42}},"54":{"start":{"line":166,"column":8},"end":{"line":197,"column":9}},"55":{"start":{"line":167,"column":21},"end":{"line":167,"column":36}},"56":{"start":{"line":168,"column":23},"end":{"line":168,"column":56}},"57":{"start":{"line":169,"column":23},"end":{"line":169,"column":25}},"58":{"start":{"line":171,"column":10},"end":{"line":190,"column":11}},"59":{"start":{"line":172,"column":29},"end":{"line":172,"column":94}},"60":{"start":{"line":173,"column":12},"end":{"line":183,"column":82}},"61":{"start":{"line":174,"column":32},"end":{"line":174,"column":173}},"62":{"start":{"line":175,"column":36},"end":{"line":180,"column":56}},"63":{"start":{"line":182,"column":14},"end":{"line":182,"column":244}},"64":{"start":{"line":185,"column":15},"end":{"line":190,"column":11}},"65":{"start":{"line":186,"column":22},"end":{"line":186,"column":93}},"66":{"start":{"line":187,"column":24},"end":{"line":187,"column":74}},"67":{"start":{"line":188,"column":12},"end":{"line":188,"column":41}},"68":{"start":{"line":188,"column":21},"end":{"line":188,"column":41}},"69":{"start":{"line":189,"column":12},"end":{"line":189,"column":84}},"70":{"start":{"line":192,"column":10},"end":{"line":196,"column":13}},"71":{"start":{"line":200,"column":6},"end":{"line":203,"column":8}},"72":{"start":{"line":206,"column":6},"end":{"line":206,"column":80}},"73":{"start":{"line":207,"column":6},"end":{"line":210,"column":8}},"74":{"start":{"line":9,"column":13},"end":{"line":9,"column":23}},"75":{"start":{"line":9,"column":13},"end":{"line":213,"column":null}}},"fnMap":{"0":{"name":"(anonymous_3)","decl":{"start":{"line":27,"column":2},"end":{"line":27,"column":null}},"loc":{"start":{"line":31,"column":57},"end":{"line":32,"column":6}}},"1":{"name":"(anonymous_4)","decl":{"start":{"line":34,"column":2},"end":{"line":34,"column":7}},"loc":{"start":{"line":34,"column":97},"end":{"line":212,"column":3}}},"2":{"name":"(anonymous_5)","decl":{"start":{"line":48,"column":43},"end":{"line":48,"column":44}},"loc":{"start":{"line":48,"column":48},"end":{"line":48,"column":54}}},"3":{"name":"(anonymous_6)","decl":{"start":{"line":54,"column":45},"end":{"line":54,"column":46}},"loc":{"start":{"line":55,"column":8},"end":{"line":55,"column":106}}},"4":{"name":"(anonymous_7)","decl":{"start":{"line":61,"column":47},"end":{"line":61,"column":48}},"loc":{"start":{"line":62,"column":8},"end":{"line":62,"column":111}}},"5":{"name":"(anonymous_8)","decl":{"start":{"line":80,"column":24},"end":{"line":80,"column":25}},"loc":{"start":{"line":80,"column":28},"end":{"line":87,"column":7}}},"6":{"name":"(anonymous_9)","decl":{"start":{"line":103,"column":30},"end":{"line":103,"column":33}},"loc":{"start":{"line":103,"column":38},"end":{"line":106,"column":10}}},"7":{"name":"(anonymous_10)","decl":{"start":{"line":173,"column":47},"end":{"line":173,"column":48}},"loc":{"start":{"line":173,"column":51},"end":{"line":183,"column":13}}}},"branchMap":{"0":{"loc":{"start":{"line":36,"column":6},"end":{"line":39,"column":7}},"type":"if","locations":[{"start":{"line":36,"column":6},"end":{"line":39,"column":7}},{"start":{},"end":{}}]},"1":{"loc":{"start":{"line":45,"column":30},"end":{"line":45,"column":81}},"type":"binary-expr","locations":[{"start":{"line":45,"column":30},"end":{"line":45,"column":51}},{"start":{"line":45,"column":55},"end":{"line":45,"column":81}}]},"2":{"loc":{"start":{"line":54,"column":26},"end":{"line":56,"column":72}},"type":"binary-expr","locations":[{"start":{"line":54,"column":26},"end":{"line":56,"column":18}},{"start":{"line":56,"column":22},"end":{"line":56,"column":72}}]},"3":{"loc":{"start":{"line":55,"column":57},"end":{"line":55,"column":104}},"type":"cond-expr","locations":[{"start":{"line":55,"column":73},"end":{"line":55,"column":99}},{"start":{"line":55,"column":102},"end":{"line":55,"column":104}}]},"4":{"loc":{"start":{"line":61,"column":29},"end":{"line":63,"column":88}},"type":"binary-expr","locations":[{"start":{"line":61,"column":29},"end":{"line":63,"column":18}},{"start":{"line":63,"column":22},"end":{"line":63,"column":88}}]},"5":{"loc":{"start":{"line":71,"column":26},"end":{"line":71,"column":61}},"type":"binary-expr","locations":[{"start":{"line":71,"column":26},"end":{"line":71,"column":39}},{"start":{"line":71,"column":43},"end":{"line":71,"column":61}}]},"6":{"loc":{"start":{"line":72,"column":26},"end":{"line":72,"column":56}},"type":"binary-expr","locations":[{"start":{"line":72,"column":26},"end":{"line":72,"column":39}},{"start":{"line":72,"column":43},"end":{"line":72,"column":56}}]},"7":{"loc":{"start":{"line":104,"column":17},"end":{"line":104,"column":52}},"type":"cond-expr","locations":[{"start":{"line":104,"column":32},"end":{"line":104,"column":43}},{"start":{"line":104,"column":46},"end":{"line":104,"column":52}}]},"8":{"loc":{"start":{"line":105,"column":19},"end":{"line":105,"column":33}},"type":"binary-expr","locations":[{"start":{"line":105,"column":19},"end":{"line":105,"column":27}},{"start":{"line":105,"column":31},"end":{"line":105,"column":33}}]},"9":{"loc":{"start":{"line":109,"column":6},"end":{"line":111,"column":7}},"type":"if","locations":[{"start":{"line":109,"column":6},"end":{"line":111,"column":7}},{"start":{},"end":{}}]},"10":{"loc":{"start":{"line":109,"column":10},"end":{"line":109,"column":104}},"type":"binary-expr","locations":[{"start":{"line":109,"column":10},"end":{"line":109,"column":32}},{"start":{"line":109,"column":36},"end":{"line":109,"column":104}}]},"11":{"loc":{"start":{"line":159,"column":8},"end":{"line":162,"column":9}},"type":"if","locations":[{"start":{"line":159,"column":8},"end":{"line":162,"column":9}},{"start":{},"end":{}}]},"12":{"loc":{"start":{"line":160,"column":23},"end":{"line":160,"column":45}},"type":"binary-expr","locations":[{"start":{"line":160,"column":23},"end":{"line":160,"column":39}},{"start":{"line":160,"column":43},"end":{"line":160,"column":45}}]},"13":{"loc":{"start":{"line":171,"column":10},"end":{"line":190,"column":11}},"type":"if","locations":[{"start":{"line":171,"column":10},"end":{"line":190,"column":11}},{"start":{"line":185,"column":15},"end":{"line":190,"column":11}}]},"14":{"loc":{"start":{"line":173,"column":21},"end":{"line":183,"column":81}},"type":"binary-expr","locations":[{"start":{"line":173,"column":21},"end":{"line":183,"column":34}},{"start":{"line":183,"column":38},"end":{"line":183,"column":81}}]},"15":{"loc":{"start":{"line":174,"column":32},"end":{"line":174,"column":173}},"type":"binary-expr","locations":[{"start":{"line":174,"column":32},"end":{"line":174,"column":57}},{"start":{"line":174,"column":61},"end":{"line":174,"column":173}}]},"16":{"loc":{"start":{"line":177,"column":46},"end":{"line":177,"column":65}},"type":"binary-expr","locations":[{"start":{"line":177,"column":46},"end":{"line":177,"column":59}},{"start":{"line":177,"column":63},"end":{"line":177,"column":65}}]},"17":{"loc":{"start":{"line":182,"column":190},"end":{"line":182,"column":240}},"type":"binary-expr","locations":[{"start":{"line":182,"column":190},"end":{"line":182,"column":212}},{"start":{"line":182,"column":216},"end":{"line":182,"column":226}},{"start":{"line":182,"column":230},"end":{"line":182,"column":240}}]},"18":{"loc":{"start":{"line":185,"column":15},"end":{"line":190,"column":11}},"type":"if","locations":[{"start":{"line":185,"column":15},"end":{"line":190,"column":11}},{"start":{},"end":{}}]},"19":{"loc":{"start":{"line":187,"column":24},"end":{"line":187,"column":74}},"type":"cond-expr","locations":[{"start":{"line":187,"column":30},"end":{"line":187,"column":66}},{"start":{"line":187,"column":70},"end":{"line":187,"column":74}}]},"20":{"loc":{"start":{"line":187,"column":30},"end":{"line":187,"column":66}},"type":"binary-expr","locations":[{"start":{"line":187,"column":30},"end":{"line":187,"column":52}},{"start":{"line":187,"column":56},"end":{"line":187,"column":66}}]},"21":{"loc":{"start":{"line":188,"column":12},"end":{"line":188,"column":41}},"type":"if","locations":[{"start":{"line":188,"column":12},"end":{"line":188,"column":41}},{"start":{},"end":{}}]},"22":{"loc":{"start":{"line":189,"column":21},"end":{"line":189,"column":83}},"type":"cond-expr","locations":[{"start":{"line":189,"column":25},"end":{"line":189,"column":53}},{"start":{"line":189,"column":56},"end":{"line":189,"column":83}}]},"23":{"loc":{"start":{"line":201,"column":14},"end":{"line":201,"column":57}},"type":"binary-expr","locations":[{"start":{"line":201,"column":14},"end":{"line":201,"column":24}},{"start":{"line":201,"column":28},"end":{"line":201,"column":57}}]},"24":{"loc":{"start":{"line":28,"column":29},"end":{"line":28,"column":null}},"type":"cond-expr","locations":[{"start":{"line":28,"column":42},"end":{"line":28,"column":null}},{"start":{"line":28,"column":42},"end":{"line":28,"column":null}}]},"25":{"loc":{"start":{"line":28,"column":29},"end":{"line":28,"column":42}},"type":"binary-expr","locations":[{"start":{"line":28,"column":29},"end":{"line":28,"column":null}},{"start":{"line":28,"column":29},"end":{"line":28,"column":42}}]},"26":{"loc":{"start":{"line":28,"column":42},"end":{"line":29,"column":null}},"type":"cond-expr","locations":[{"start":{"line":29,"column":53},"end":{"line":29,"column":null}},{"start":{"line":29,"column":53},"end":{"line":29,"column":null}}]},"27":{"loc":{"start":{"line":28,"column":42},"end":{"line":29,"column":53}},"type":"binary-expr","locations":[{"start":{"line":28,"column":42},"end":{"line":29,"column":null}},{"start":{"line":29,"column":38},"end":{"line":29,"column":53}}]},"28":{"loc":{"start":{"line":29,"column":53},"end":{"line":30,"column":null}},"type":"cond-expr","locations":[{"start":{"line":30,"column":51},"end":{"line":30,"column":null}},{"start":{"line":30,"column":51},"end":{"line":30,"column":null}}]},"29":{"loc":{"start":{"line":29,"column":53},"end":{"line":30,"column":51}},"type":"binary-expr","locations":[{"start":{"line":29,"column":53},"end":{"line":30,"column":null}},{"start":{"line":30,"column":37},"end":{"line":30,"column":51}}]},"30":{"loc":{"start":{"line":30,"column":51},"end":{"line":31,"column":null}},"type":"cond-expr","locations":[{"start":{"line":31,"column":57},"end":{"line":31,"column":null}},{"start":{"line":31,"column":57},"end":{"line":31,"column":null}}]},"31":{"loc":{"start":{"line":30,"column":51},"end":{"line":31,"column":57}},"type":"binary-expr","locations":[{"start":{"line":30,"column":51},"end":{"line":31,"column":null}},{"start":{"line":31,"column":40},"end":{"line":31,"column":57}}]}},"s":{"0":3,"1":3,"2":3,"3":3,"4":3,"5":3,"6":3,"7":0,"8":0,"9":0,"10":0,"11":0,"12":0,"13":0,"14":0,"15":0,"16":0,"17":0,"18":0,"19":0,"20":0,"21":0,"22":0,"23":0,"24":0,"25":0,"26":0,"27":0,"28":0,"29":0,"30":0,"31":0,"32":0,"33":0,"34":0,"35":0,"36":0,"37":0,"38":0,"39":0,"40":0,"41":0,"42":0,"43":0,"44":0,"45":0,"46":0,"47":0,"48":0,"49":0,"50":0,"51":0,"52":0,"53":0,"54":0,"55":0,"56":0,"57":0,"58":0,"59":0,"60":0,"61":0,"62":0,"63":0,"64":0,"65":0,"66":0,"67":0,"68":0,"69":0,"70":0,"71":0,"72":0,"73":0,"74":3,"75":3},"f":{"0":0,"1":0,"2":0,"3":0,"4":0,"5":0,"6":0,"7":0},"b":{"0":[0,0],"1":[0,0],"2":[0,0],"3":[0,0],"4":[0,0],"5":[0,0],"6":[0,0],"7":[0,0],"8":[0,0],"9":[0,0],"10":[0,0],"11":[0,0],"12":[0,0],"13":[0,0],"14":[0,0],"15":[0,0],"16":[0,0],"17":[0,0,0],"18":[0,0],"19":[0,0],"20":[0,0],"21":[0,0],"22":[0,0],"23":[0,0],"24":[3,0],"25":[3,3],"26":[3,0],"27":[3,3],"28":[3,0],"29":[3,3],"30":[3,0],"31":[3,3]}}
,"D:\\omnicore\\APIOmniCore\\src\\keyword\\keyword.controller.ts": {"path":"D:\\omnicore\\APIOmniCore\\src\\keyword\\keyword.controller.ts","statementMap":{"0":{"start":{"line":1,"column":0},"end":{"line":1,"column":103}},"1":{"start":{"line":2,"column":0},"end":{"line":2,"column":51}},"2":{"start":{"line":3,"column":0},"end":{"line":3,"column":60}},"3":{"start":{"line":4,"column":0},"end":{"line":4,"column":60}},"4":{"start":{"line":5,"column":0},"end":{"line":5,"column":54}},"5":{"start":{"line":9,"column":7},"end":{"line":36,"column":null}},"6":{"start":{"line":10,"column":31},"end":{"line":10,"column":47}},"7":{"start":{"line":14,"column":4},"end":{"line":14,"column":72}},"8":{"start":{"line":19,"column":4},"end":{"line":19,"column":55}},"9":{"start":{"line":24,"column":4},"end":{"line":24,"column":59}},"10":{"start":{"line":29,"column":4},"end":{"line":29,"column":76}},"11":{"start":{"line":34,"column":4},"end":{"line":34,"column":58}},"12":{"start":{"line":9,"column":13},"end":{"line":9,"column":30}},"13":{"start":{"line":13,"column":2},"end":{"line":15,"column":null}},"14":{"start":{"line":18,"column":2},"end":{"line":20,"column":null}},"15":{"start":{"line":23,"column":2},"end":{"line":25,"column":null}},"16":{"start":{"line":28,"column":2},"end":{"line":30,"column":null}},"17":{"start":{"line":33,"column":2},"end":{"line":35,"column":null}},"18":{"start":{"line":9,"column":13},"end":{"line":36,"column":null}}},"fnMap":{"0":{"name":"(anonymous_4)","decl":{"start":{"line":10,"column":2},"end":{"line":10,"column":31}},"loc":{"start":{"line":10,"column":61},"end":{"line":10,"column":65}}},"1":{"name":"(anonymous_5)","decl":{"start":{"line":13,"column":2},"end":{"line":13,"column":8}},"loc":{"start":{"line":13,"column":72},"end":{"line":15,"column":3}}},"2":{"name":"(anonymous_6)","decl":{"start":{"line":18,"column":2},"end":{"line":18,"column":9}},"loc":{"start":{"line":18,"column":29},"end":{"line":20,"column":3}}},"3":{"name":"(anonymous_7)","decl":{"start":{"line":23,"column":2},"end":{"line":23,"column":9}},"loc":{"start":{"line":23,"column":54},"end":{"line":25,"column":3}}},"4":{"name":"(anonymous_8)","decl":{"start":{"line":28,"column":2},"end":{"line":28,"column":8}},"loc":{"start":{"line":28,"column":97},"end":{"line":30,"column":3}}},"5":{"name":"(anonymous_9)","decl":{"start":{"line":33,"column":2},"end":{"line":33,"column":8}},"loc":{"start":{"line":33,"column":53},"end":{"line":35,"column":3}}}},"branchMap":{"0":{"loc":{"start":{"line":13,"column":56},"end":{"line":13,"column":null}},"type":"cond-expr","locations":[{"start":{"line":13,"column":72},"end":{"line":13,"column":null}},{"start":{"line":13,"column":72},"end":{"line":13,"column":null}}]},"1":{"loc":{"start":{"line":13,"column":56},"end":{"line":13,"column":72}},"type":"binary-expr","locations":[{"start":{"line":13,"column":56},"end":{"line":13,"column":null}},{"start":{"line":13,"column":56},"end":{"line":13,"column":72}}]},"2":{"loc":{"start":{"line":28,"column":81},"end":{"line":28,"column":null}},"type":"cond-expr","locations":[{"start":{"line":28,"column":97},"end":{"line":28,"column":null}},{"start":{"line":28,"column":97},"end":{"line":28,"column":null}}]},"3":{"loc":{"start":{"line":28,"column":81},"end":{"line":28,"column":97}},"type":"binary-expr","locations":[{"start":{"line":28,"column":81},"end":{"line":28,"column":null}},{"start":{"line":28,"column":81},"end":{"line":28,"column":97}}]},"4":{"loc":{"start":{"line":10,"column":47},"end":{"line":10,"column":64}},"type":"cond-expr","locations":[{"start":{"line":10,"column":61},"end":{"line":10,"column":64}},{"start":{"line":10,"column":61},"end":{"line":10,"column":64}}]},"5":{"loc":{"start":{"line":10,"column":47},"end":{"line":10,"column":61}},"type":"binary-expr","locations":[{"start":{"line":10,"column":47},"end":{"line":10,"column":64}},{"start":{"line":10,"column":47},"end":{"line":10,"column":61}}]}},"s":{"0":1,"1":1,"2":1,"3":1,"4":1,"5":1,"6":1,"7":0,"8":0,"9":0,"10":0,"11":0,"12":1,"13":1,"14":1,"15":1,"16":1,"17":1,"18":1},"f":{"0":1,"1":0,"2":0,"3":0,"4":0,"5":0},"b":{"0":[1,0],"1":[1,1],"2":[1,0],"3":[1,1],"4":[1,0],"5":[1,1]}}
,"D:\\omnicore\\APIOmniCore\\src\\keyword\\keyword.module.ts": {"path":"D:\\omnicore\\APIOmniCore\\src\\keyword\\keyword.module.ts","statementMap":{"0":{"start":{"line":1,"column":0},"end":{"line":1,"column":40}},"1":{"start":{"line":2,"column":0},"end":{"line":2,"column":51}},"2":{"start":{"line":3,"column":0},"end":{"line":3,"column":57}},"3":{"start":{"line":4,"column":0},"end":{"line":4,"column":55}},"4":{"start":{"line":12,"column":7},"end":{"line":12,"column":null}},"5":{"start":{"line":12,"column":13},"end":{"line":12,"column":26}},"6":{"start":{"line":12,"column":13},"end":{"line":12,"column":null}}},"fnMap":{},"branchMap":{},"s":{"0":0,"1":0,"2":0,"3":0,"4":0,"5":0,"6":0},"f":{},"b":{}}
,"D:\\omnicore\\APIOmniCore\\src\\keyword\\keyword.service.ts": {"path":"D:\\omnicore\\APIOmniCore\\src\\keyword\\keyword.service.ts","statementMap":{"0":{"start":{"line":1,"column":0},"end":{"line":1,"column":63}},"1":{"start":{"line":4,"column":0},"end":{"line":4,"column":57}},"2":{"start":{"line":7,"column":7},"end":{"line":50,"column":null}},"3":{"start":{"line":8,"column":22},"end":{"line":8,"column":30}},"4":{"start":{"line":11,"column":4},"end":{"line":16,"column":7}},"5":{"start":{"line":20,"column":4},"end":{"line":23,"column":7}},"6":{"start":{"line":27,"column":20},"end":{"line":29,"column":6}},"7":{"start":{"line":30,"column":4},"end":{"line":32,"column":5}},"8":{"start":{"line":31,"column":6},"end":{"line":31,"column":69}},"9":{"start":{"line":33,"column":4},"end":{"line":33,"column":19}},"10":{"start":{"line":37,"column":4},"end":{"line":37,"column":43}},"11":{"start":{"line":38,"column":4},"end":{"line":41,"column":7}},"12":{"start":{"line":45,"column":4},"end":{"line":45,"column":43}},"13":{"start":{"line":46,"column":4},"end":{"line":48,"column":7}},"14":{"start":{"line":7,"column":13},"end":{"line":7,"column":27}},"15":{"start":{"line":7,"column":13},"end":{"line":50,"column":null}}},"fnMap":{"0":{"name":"(anonymous_2)","decl":{"start":{"line":8,"column":2},"end":{"line":8,"column":22}},"loc":{"start":{"line":8,"column":43},"end":{"line":8,"column":47}}},"1":{"name":"(anonymous_3)","decl":{"start":{"line":10,"column":2},"end":{"line":10,"column":7}},"loc":{"start":{"line":10,"column":73},"end":{"line":17,"column":3}}},"2":{"name":"(anonymous_4)","decl":{"start":{"line":19,"column":2},"end":{"line":19,"column":7}},"loc":{"start":{"line":19,"column":38},"end":{"line":24,"column":3}}},"3":{"name":"(anonymous_5)","decl":{"start":{"line":26,"column":2},"end":{"line":26,"column":7}},"loc":{"start":{"line":26,"column":50},"end":{"line":34,"column":3}}},"4":{"name":"(anonymous_6)","decl":{"start":{"line":36,"column":2},"end":{"line":36,"column":7}},"loc":{"start":{"line":36,"column":85},"end":{"line":42,"column":3}}},"5":{"name":"(anonymous_7)","decl":{"start":{"line":44,"column":2},"end":{"line":44,"column":7}},"loc":{"start":{"line":44,"column":49},"end":{"line":49,"column":3}}}},"branchMap":{"0":{"loc":{"start":{"line":30,"column":4},"end":{"line":32,"column":5}},"type":"if","locations":[{"start":{"line":30,"column":4},"end":{"line":32,"column":5}},{"start":{},"end":{}}]},"1":{"loc":{"start":{"line":8,"column":30},"end":{"line":8,"column":46}},"type":"cond-expr","locations":[{"start":{"line":8,"column":43},"end":{"line":8,"column":46}},{"start":{"line":8,"column":43},"end":{"line":8,"column":46}}]},"2":{"loc":{"start":{"line":8,"column":30},"end":{"line":8,"column":43}},"type":"binary-expr","locations":[{"start":{"line":8,"column":30},"end":{"line":8,"column":46}},{"start":{"line":8,"column":30},"end":{"line":8,"column":43}}]}},"s":{"0":2,"1":2,"2":2,"3":3,"4":1,"5":1,"6":0,"7":0,"8":0,"9":0,"10":0,"11":0,"12":0,"13":0,"14":2,"15":2},"f":{"0":3,"1":1,"2":1,"3":0,"4":0,"5":0},"b":{"0":[0,0],"1":[2,0],"2":[2,2]}}
,"D:\\omnicore\\APIOmniCore\\src\\keyword\\dto\\create-keyword.dto.ts": {"path":"D:\\omnicore\\APIOmniCore\\src\\keyword\\dto\\create-keyword.dto.ts","statementMap":{"0":{"start":{"line":1,"column":0},"end":{"line":1,"column":55}},"1":{"start":{"line":3,"column":0},"end":{"line":3,"column":13}},"2":{"start":{"line":6,"column":2},"end":{"line":6,"column":null}},"3":{"start":{"line":10,"column":2},"end":{"line":10,"column":null}}},"fnMap":{},"branchMap":{},"s":{"0":1,"1":1,"2":1,"3":1},"f":{},"b":{}}
,"D:\\omnicore\\APIOmniCore\\src\\keyword\\dto\\update-keyword.dto.ts": {"path":"D:\\omnicore\\APIOmniCore\\src\\keyword\\dto\\update-keyword.dto.ts","statementMap":{"0":{"start":{"line":1,"column":0},"end":{"line":1,"column":51}},"1":{"start":{"line":2,"column":0},"end":{"line":2,"column":56}},"2":{"start":{"line":4,"column":0},"end":{"line":4,"column":13}}},"fnMap":{},"branchMap":{},"s":{"0":1,"1":1,"2":1},"f":{},"b":{}}
,"D:\\omnicore\\APIOmniCore\\src\\logistics\\logistics.controller.ts": {"path":"D:\\omnicore\\APIOmniCore\\src\\logistics\\logistics.controller.ts","statementMap":{"0":{"start":{"line":1,"column":0},"end":{"line":1,"column":103}},"1":{"start":{"line":2,"column":0},"end":{"line":2,"column":55}},"2":{"start":{"line":3,"column":0},"end":{"line":3,"column":54}},"3":{"start":{"line":7,"column":7},"end":{"line":96,"column":null}},"4":{"start":{"line":8,"column":31},"end":{"line":8,"column":49}},"5":{"start":{"line":16,"column":4},"end":{"line":16,"column":70}},"6":{"start":{"line":21,"column":4},"end":{"line":21,"column":73}},"7":{"start":{"line":26,"column":4},"end":{"line":26,"column":74}},"8":{"start":{"line":31,"column":4},"end":{"line":31,"column":78}},"9":{"start":{"line":36,"column":4},"end":{"line":36,"column":72}},"10":{"start":{"line":45,"column":4},"end":{"line":45,"column":71}},"11":{"start":{"line":50,"column":4},"end":{"line":50,"column":74}},"12":{"start":{"line":55,"column":4},"end":{"line":55,"column":75}},"13":{"start":{"line":60,"column":4},"end":{"line":60,"column":79}},"14":{"start":{"line":65,"column":4},"end":{"line":65,"column":73}},"15":{"start":{"line":74,"column":4},"end":{"line":74,"column":70}},"16":{"start":{"line":79,"column":4},"end":{"line":79,"column":73}},"17":{"start":{"line":84,"column":4},"end":{"line":84,"column":74}},"18":{"start":{"line":89,"column":4},"end":{"line":89,"column":78}},"19":{"start":{"line":94,"column":4},"end":{"line":94,"column":72}},"20":{"start":{"line":7,"column":13},"end":{"line":7,"column":32}},"21":{"start":{"line":15,"column":2},"end":{"line":17,"column":null}},"22":{"start":{"line":20,"column":2},"end":{"line":22,"column":null}},"23":{"start":{"line":25,"column":2},"end":{"line":27,"column":null}},"24":{"start":{"line":30,"column":2},"end":{"line":32,"column":null}},"25":{"start":{"line":35,"column":2},"end":{"line":37,"column":null}},"26":{"start":{"line":44,"column":2},"end":{"line":46,"column":null}},"27":{"start":{"line":49,"column":2},"end":{"line":51,"column":null}},"28":{"start":{"line":54,"column":2},"end":{"line":56,"column":null}},"29":{"start":{"line":59,"column":2},"end":{"line":61,"column":null}},"30":{"start":{"line":64,"column":2},"end":{"line":66,"column":null}},"31":{"start":{"line":73,"column":2},"end":{"line":75,"column":null}},"32":{"start":{"line":78,"column":2},"end":{"line":80,"column":null}},"33":{"start":{"line":83,"column":2},"end":{"line":85,"column":null}},"34":{"start":{"line":88,"column":2},"end":{"line":90,"column":null}},"35":{"start":{"line":93,"column":2},"end":{"line":95,"column":null}},"36":{"start":{"line":7,"column":13},"end":{"line":96,"column":null}}},"fnMap":{"0":{"name":"(anonymous_4)","decl":{"start":{"line":8,"column":2},"end":{"line":8,"column":31}},"loc":{"start":{"line":8,"column":65},"end":{"line":8,"column":69}}},"1":{"name":"(anonymous_5)","decl":{"start":{"line":15,"column":2},"end":{"line":15,"column":22}},"loc":{"start":{"line":15,"column":42},"end":{"line":17,"column":3}}},"2":{"name":"(anonymous_6)","decl":{"start":{"line":20,"column":2},"end":{"line":20,"column":21}},"loc":{"start":{"line":20,"column":66},"end":{"line":22,"column":3}}},"3":{"name":"(anonymous_7)","decl":{"start":{"line":25,"column":2},"end":{"line":25,"column":20}},"loc":{"start":{"line":25,"column":59},"end":{"line":27,"column":3}}},"4":{"name":"(anonymous_8)","decl":{"start":{"line":30,"column":2},"end":{"line":30,"column":20}},"loc":{"start":{"line":30,"column":84},"end":{"line":32,"column":3}}},"5":{"name":"(anonymous_9)","decl":{"start":{"line":35,"column":2},"end":{"line":35,"column":20}},"loc":{"start":{"line":35,"column":65},"end":{"line":37,"column":3}}},"6":{"name":"(anonymous_10)","decl":{"start":{"line":44,"column":2},"end":{"line":44,"column":23}},"loc":{"start":{"line":44,"column":43},"end":{"line":46,"column":3}}},"7":{"name":"(anonymous_11)","decl":{"start":{"line":49,"column":2},"end":{"line":49,"column":22}},"loc":{"start":{"line":49,"column":67},"end":{"line":51,"column":3}}},"8":{"name":"(anonymous_12)","decl":{"start":{"line":54,"column":2},"end":{"line":54,"column":21}},"loc":{"start":{"line":54,"column":60},"end":{"line":56,"column":3}}},"9":{"name":"(anonymous_13)","decl":{"start":{"line":59,"column":2},"end":{"line":59,"column":21}},"loc":{"start":{"line":59,"column":85},"end":{"line":61,"column":3}}},"10":{"name":"(anonymous_14)","decl":{"start":{"line":64,"column":2},"end":{"line":64,"column":21}},"loc":{"start":{"line":64,"column":66},"end":{"line":66,"column":3}}},"11":{"name":"(anonymous_15)","decl":{"start":{"line":73,"column":2},"end":{"line":73,"column":22}},"loc":{"start":{"line":73,"column":42},"end":{"line":75,"column":3}}},"12":{"name":"(anonymous_16)","decl":{"start":{"line":78,"column":2},"end":{"line":78,"column":21}},"loc":{"start":{"line":78,"column":66},"end":{"line":80,"column":3}}},"13":{"name":"(anonymous_17)","decl":{"start":{"line":83,"column":2},"end":{"line":83,"column":20}},"loc":{"start":{"line":83,"column":59},"end":{"line":85,"column":3}}},"14":{"name":"(anonymous_18)","decl":{"start":{"line":88,"column":2},"end":{"line":88,"column":20}},"loc":{"start":{"line":88,"column":84},"end":{"line":90,"column":3}}},"15":{"name":"(anonymous_19)","decl":{"start":{"line":93,"column":2},"end":{"line":93,"column":20}},"loc":{"start":{"line":93,"column":65},"end":{"line":95,"column":3}}}},"branchMap":{"0":{"loc":{"start":{"line":8,"column":49},"end":{"line":8,"column":68}},"type":"cond-expr","locations":[{"start":{"line":8,"column":65},"end":{"line":8,"column":68}},{"start":{"line":8,"column":65},"end":{"line":8,"column":68}}]},"1":{"loc":{"start":{"line":8,"column":49},"end":{"line":8,"column":65}},"type":"binary-expr","locations":[{"start":{"line":8,"column":49},"end":{"line":8,"column":68}},{"start":{"line":8,"column":49},"end":{"line":8,"column":65}}]}},"s":{"0":0,"1":0,"2":0,"3":0,"4":0,"5":0,"6":0,"7":0,"8":0,"9":0,"10":0,"11":0,"12":0,"13":0,"14":0,"15":0,"16":0,"17":0,"18":0,"19":0,"20":0,"21":0,"22":0,"23":0,"24":0,"25":0,"26":0,"27":0,"28":0,"29":0,"30":0,"31":0,"32":0,"33":0,"34":0,"35":0,"36":0},"f":{"0":0,"1":0,"2":0,"3":0,"4":0,"5":0,"6":0,"7":0,"8":0,"9":0,"10":0,"11":0,"12":0,"13":0,"14":0,"15":0},"b":{"0":[0,0],"1":[0,0]}}
[...]
3}}},"12":{"name":"(anonymous_23)","decl":{"start":{"line":374,"column":10},"end":{"line":374,"column":15}},"loc":{"start":{"line":374,"column":96},"end":{"line":428,"column":3}}},"13":{"name":"(anonymous_24)","decl":{"start":{"line":394,"column":45},"end":{"line":394,"column":46}},"loc":{"start":{"line":394,"column":50},"end":{"line":394,"column":74}}},"14":{"name":"(anonymous_25)","decl":{"start":{"line":430,"column":10},"end":{"line":430,"column":27}},"loc":{"start":{"line":430,"column":82},"end":{"line":440,"column":3}}},"15":{"name":"(anonymous_26)","decl":{"start":{"line":442,"column":2},"end":{"line":442,"column":7}},"loc":{"start":{"line":442,"column":43},"end":{"line":454,"column":3}}},"16":{"name":"(anonymous_27)","decl":{"start":{"line":456,"column":2},"end":{"line":456,"column":7}},"loc":{"start":{"line":456,"column":80},"end":{"line":496,"column":3}}},"17":{"name":"(anonymous_28)","decl":{"start":{"line":498,"column":10},"end":{"line":498,"column":15}},"loc":{"start":{"line":498,"column":63},"end":{"line":528,"column":3}}},"18":{"name":"(anonymous_29)","decl":{"start":{"line":530,"column":10},"end":{"line":530,"column":15}},"loc":{"start":{"line":530,"column":67},"end":{"line":554,"column":3}}},"19":{"name":"(anonymous_30)","decl":{"start":{"line":556,"column":10},"end":{"line":556,"column":15}},"loc":{"start":{"line":556,"column":27},"end":{"line":558,"column":3}}}},"branchMap":{"0":{"loc":{"start":{"line":40,"column":6},"end":{"line":47,"column":7}},"type":"if","locations":[{"start":{"line":40,"column":6},"end":{"line":47,"column":7}},{"start":{},"end":{}}]},"1":{"loc":{"start":{"line":41,"column":8},"end":{"line":45,"column":9}},"type":"if","locations":[{"start":{"line":41,"column":8},"end":{"line":45,"column":9}},{"start":{"line":43,"column":15},"end":{"line":45,"column":9}}]},"2":{"loc":{"start":{"line":50,"column":6},"end":{"line":59,"column":7}},"type":"if","locations":[{"start":{"line":50,"column":6},"end":{"line":59,"column":7}},{"start":{},"end":{}}]},"3":{"loc":{"start":{"line":55,"column":8},"end":{"line":58,"column":9}},"type":"if","locations":[{"start":{"line":55,"column":8},"end":{"line":58,"column":9}},{"start":{},"end":{}}]},"4":{"loc":{"start":{"line":68,"column":6},"end":{"line":71,"column":7}},"type":"if","locations":[{"start":{"line":68,"column":6},"end":{"line":71,"column":7}},{"start":{},"end":{}}]},"5":{"loc":{"start":{"line":73,"column":6},"end":{"line":76,"column":7}},"type":"if","locations":[{"start":{"line":73,"column":6},"end":{"line":76,"column":7}},{"start":{},"end":{}}]},"6":{"loc":{"start":{"line":87,"column":6},"end":{"line":102,"column":7}},"type":"if","locations":[{"start":{"line":87,"column":6},"end":{"line":102,"column":7}},{"start":{},"end":{}}]},"7":{"loc":{"start":{"line":87,"column":10},"end":{"line":87,"column":73}},"type":"binary-expr","locations":[{"start":{"line":87,"column":10},"end":{"line":87,"column":18}},{"start":{"line":87,"column":22},"end":{"line":87,"column":51}},{"start":{"line":87,"column":55},"end":{"line":87,"column":73}}]},"8":{"loc":{"start":{"line":96,"column":8},"end":{"line":101,"column":9}},"type":"if","locations":[{"start":{"line":96,"column":8},"end":{"line":101,"column":9}},{"start":{"line":98,"column":15},"end":{"line":101,"column":9}}]},"9":{"loc":{"start":{"line":100,"column":116},"end":{"line":100,"column":134}},"type":"binary-expr","locations":[{"start":{"line":100,"column":116},"end":{"line":100,"column":124}},{"start":{"line":100,"column":128},"end":{"line":100,"column":134}}]},"10":{"loc":{"start":{"line":105,"column":6},"end":{"line":119,"column":7}},"type":"if","locations":[{"start":{"line":105,"column":6},"end":{"line":119,"column":7}},{"start":{},"end":{}}]},"11":{"loc":{"start":{"line":105,"column":10},"end":{"line":105,"column":37}},"type":"binary-expr","locations":[{"start":{"line":105,"column":10},"end":{"line":105,"column":25}},{"start":{"line":105,"column":29},"end":{"line":105,"column":37}}]},"12":{"loc":{"start":{"line":108,"column":8},"end":{"line":118,"column":9}},"type":"if","locations":[{"start":{"line":108,"column":8},"end":{"line":118,"column":9}},{"start":{},"end":{}}]},"13":{"loc":{"start":{"line":115,"column":10},"end":{"line":117,"column":11}},"type":"if","locations":[{"start":{"line":115,"column":10},"end":{"line":117,"column":11}},{"start":{},"end":{}}]},"14":{"loc":{"start":{"line":141,"column":22},"end":{"line":141,"column":36}},"type":"binary-expr","locations":[{"start":{"line":141,"column":22},"end":{"line":141,"column":30}},{"start":{"line":141,"column":34},"end":{"line":141,"column":36}}]},"15":{"loc":{"start":{"line":144,"column":6},"end":{"line":148,"column":7}},"type":"if","locations":[{"start":{"line":144,"column":6},"end":{"line":148,"column":7}},{"start":{},"end":{}}]},"16":{"loc":{"start":{"line":144,"column":10},"end":{"line":144,"column":48}},"type":"binary-expr","locations":[{"start":{"line":144,"column":10},"end":{"line":144,"column":36}},{"start":{"line":144,"column":40},"end":{"line":144,"column":48}}]},"17":{"loc":{"start":{"line":146,"column":8},"end":{"line":146,"column":62}},"type":"if","locations":[{"start":{"line":146,"column":8},"end":{"line":146,"column":62}},{"start":{},"end":{}}]},"18":{"loc":{"start":{"line":165,"column":6},"end":{"line":216,"column":7}},"type":"if","locations":[{"start":{"line":165,"column":6},"end":{"line":216,"column":7}},{"start":{"line":169,"column":13},"end":{"line":216,"column":7}}]},"19":{"loc":{"start":{"line":165,"column":10},"end":{"line":165,"column":48}},"type":"binary-expr","locations":[{"start":{"line":165,"column":10},"end":{"line":165,"column":36}},{"start":{"line":165,"column":40},"end":{"line":165,"column":48}}]},"20":{"loc":{"start":{"line":169,"column":13},"end":{"line":216,"column":7}},"type":"if","locations":[{"start":{"line":169,"column":13},"end":{"line":216,"column":7}},{"start":{"line":198,"column":13},"end":{"line":216,"column":7}}]},"21":{"loc":{"start":{"line":172,"column":24},"end":{"line":172,"column":43}},"type":"binary-expr","locations":[{"start":{"line":172,"column":24},"end":{"line":172,"column":37}},{"start":{"line":172,"column":41},"end":{"line":172,"column":43}}]},"22":{"loc":{"start":{"line":176,"column":22},"end":{"line":176,"column":44}},"type":"binary-expr","locations":[{"start":{"line":176,"column":22},"end":{"line":176,"column":29}},{"start":{"line":176,"column":33},"end":{"line":176,"column":44}}]},"23":{"loc":{"start":{"line":196,"column":67},"end":{"line":196,"column":115}},"type":"cond-expr","locations":[{"start":{"line":196,"column":90},"end":{"line":196,"column":101}},{"start":{"line":196,"column":104},"end":{"line":196,"column":115}}]},"24":{"loc":{"start":{"line":198,"column":13},"end":{"line":216,"column":7}},"type":"if","locations":[{"start":{"line":198,"column":13},"end":{"line":216,"column":7}},{"start":{},"end":{}}]},"25":{"loc":{"start":{"line":201,"column":8},"end":{"line":205,"column":9}},"type":"if","locations":[{"start":{"line":201,"column":8},"end":{"line":205,"column":9}},{"start":{},"end":{}}]},"26":{"loc":{"start":{"line":207,"column":8},"end":{"line":215,"column":9}},"type":"if","locations":[{"start":{"line":207,"column":8},"end":{"line":215,"column":9}},{"start":{"line":211,"column":15},"end":{"line":215,"column":9}}]},"27":{"loc":{"start":{"line":242,"column":22},"end":{"line":242,"column":126}},"type":"cond-expr","locations":[{"start":{"line":242,"column":49},"end":{"line":242,"column":92}},{"start":{"line":242,"column":95},"end":{"line":242,"column":126}}]},"28":{"loc":{"start":{"line":243,"column":22},"end":{"line":243,"column":126}},"type":"cond-expr","locations":[{"start":{"line":243,"column":49},"end":{"line":243,"column":92}},{"start":{"line":243,"column":95},"end":{"line":243,"column":126}}]},"29":{"loc":{"start":{"line":247,"column":54},"end":{"line":247,"column":106}},"type":"cond-expr","locations":[{"start":{"line":247,"column":79},"end":{"line":247,"column":90}},{"start":{"line":247,"column":93},"end":{"line":247,"column":106}}]},"30":{"loc":{"start":{"line":252,"column":39},"end":{"line":252,"column":57}},"type":"default-arg","locations":[{"start":{"line":252,"column":55},"end":{"line":252,"column":57}}]},"31":{"loc":{"start":{"line":259,"column":4},"end":{"line":262,"column":5}},"type":"if","locations":[{"start":{"line":259,"column":4},"end":{"line":262,"column":5}},{"start":{},"end":{}}]},"32":{"loc":{"start":{"line":268,"column":57},"end":{"line":268,"column":78}},"type":"default-arg","locations":[{"start":{"line":268,"column":72},"end":{"line":268,"column":78}}]},"33":{"loc":{"start":{"line":275,"column":6},"end":{"line":275,"column":74}},"type":"if","locations":[{"start":{"line":275,"column":6},"end":{"line":275,"column":74}},{"start":{},"end":{}}]},"34":{"loc":{"start":{"line":278,"column":6},"end":{"line":280,"column":7}},"type":"if","locations":[{"start":{"line":278,"column":6},"end":{"line":280,"column":7}},{"start":{},"end":{}}]},"35":{"loc":{"start":{"line":278,"column":10},"end":{"line":278,"column":52}},"type":"binary-expr","locations":[{"start":{"line":278,"column":10},"end":{"line":278,"column":28}},{"start":{"line":278,"column":32},"end":{"line":278,"column":52}}]},"36":{"loc":{"start":{"line":292,"column":6},"end":{"line":296,"column":7}},"type":"if","locations":[{"start":{"line":292,"column":6},"end":{"line":296,"column":7}},{"start":{"line":294,"column":13},"end":{"line":296,"column":7}}]},"37":{"loc":{"start":{"line":294,"column":13},"end":{"line":296,"column":7}},"type":"if","locations":[{"start":{"line":294,"column":13},"end":{"line":296,"column":7}},{"start":{},"end":{}}]},"38":{"loc":{"start":{"line":309,"column":6},"end":{"line":312,"column":7}},"type":"if","locations":[{"start":{"line":309,"column":6},"end":{"line":312,"column":7}},{"start":{},"end":{}}]},"39":{"loc":{"start":{"line":327,"column":74},"end":{"line":327,"column":126}},"type":"cond-expr","locations":[{"start":{"line":327,"column":99},"end":{"line":327,"column":110}},{"start":{"line":327,"column":113},"end":{"line":327,"column":126}}]},"40":{"loc":{"start":{"line":333,"column":47},"end":{"line":333,"column":102}},"type":"cond-expr","locations":[{"start":{"line":333,"column":69},"end":{"line":333,"column":97}},{"start":{"line":333,"column":100},"end":{"line":333,"column":102}}]},"41":{"loc":{"start":{"line":335,"column":4},"end":{"line":344,"column":5}},"type":"if","locations":[{"start":{"line":335,"column":4},"end":{"line":344,"column":5}},{"start":{"line":342,"column":11},"end":{"line":344,"column":5}}]},"42":{"loc":{"start":{"line":337,"column":6},"end":{"line":340,"column":7}},"type":"if","locations":[{"start":{"line":337,"column":6},"end":{"line":340,"column":7}},{"start":{},"end":{}}]},"43":{"loc":{"start":{"line":338,"column":24},"end":{"line":338,"column":70}},"type":"binary-expr","locations":[{"start":{"line":338,"column":24},"end":{"line":338,"column":43}},{"start":{"line":338,"column":47},"end":{"line":338,"column":70}}]},"44":{"loc":{"start":{"line":349,"column":4},"end":{"line":349,"column":35}},"type":"if","locations":[{"start":{"line":349,"column":4},"end":{"line":349,"column":35}},{"start":{},"end":{}}]},"45":{"loc":{"start":{"line":355,"column":19},"end":{"line":355,"column":65}},"type":"binary-expr","locations":[{"start":{"line":355,"column":19},"end":{"line":355,"column":38}},{"start":{"line":355,"column":42},"end":{"line":355,"column":65}}]},"46":{"loc":{"start":{"line":358,"column":22},"end":{"line":358,"column":68}},"type":"binary-expr","locations":[{"start":{"line":358,"column":22},"end":{"line":358,"column":41}},{"start":{"line":358,"column":45},"end":{"line":358,"column":68}}]},"47":{"loc":{"start":{"line":359,"column":6},"end":{"line":361,"column":7}},"type":"if","locations":[{"start":{"line":359,"column":6},"end":{"line":361,"column":7}},{"start":{},"end":{}}]},"48":{"loc":{"start":{"line":366,"column":66},"end":{"line":366,"column":129}},"type":"cond-expr","locations":[{"start":{"line":366,"column":94},"end":{"line":366,"column":110}},{"start":{"line":366,"column":113},"end":{"line":366,"column":129}}]},"49":{"loc":{"start":{"line":396,"column":6},"end":{"line":408,"column":7}},"type":"if","locations":[{"start":{"line":396,"column":6},"end":{"line":408,"column":7}},{"start":{"line":403,"column":13},"end":{"line":408,"column":7}}]},"50":{"loc":{"start":{"line":398,"column":8},"end":{"line":402,"column":9}},"type":"if","locations":[{"start":{"line":398,"column":8},"end":{"line":402,"column":9}},{"start":{},"end":{}}]},"51":{"loc":{"start":{"line":405,"column":8},"end":{"line":407,"column":9}},"type":"if","locations":[{"start":{"line":405,"column":8},"end":{"line":407,"column":9}},{"start":{},"end":{}}]},"52":{"loc":{"start":{"line":413,"column":4},"end":{"line":421,"column":5}},"type":"if","locations":[{"start":{"line":413,"column":4},"end":{"line":421,"column":5}},{"start":{"line":417,"column":11},"end":{"line":421,"column":5}}]},"53":{"loc":{"start":{"line":413,"column":8},"end":{"line":413,"column":36}},"type":"binary-expr","locations":[{"start":{"line":413,"column":8},"end":{"line":413,"column":19}},{"start":{"line":413,"column":23},"end":{"line":413,"column":36}}]},"54":{"loc":{"start":{"line":420,"column":95},"end":{"line":420,"column":155}},"type":"cond-expr","locations":[{"start":{"line":420,"column":122},"end":{"line":420,"column":130}},{"start":{"line":420,"column":133},"end":{"line":420,"column":155}}]},"55":{"loc":{"start":{"line":424,"column":28},"end":{"line":424,"column":85}},"type":"cond-expr","locations":[{"start":{"line":424,"column":48},"end":{"line":424,"column":73}},{"start":{"line":424,"column":76},"end":{"line":424,"column":85}}]},"56":{"loc":{"start":{"line":451,"column":68},"end":{"line":451,"column":120}},"type":"cond-expr","locations":[{"start":{"line":451,"column":93},"end":{"line":451,"column":104}},{"start":{"line":451,"column":107},"end":{"line":451,"column":120}}]},"57":{"loc":{"start":{"line":460,"column":6},"end":{"line":464,"column":7}},"type":"if","locations":[{"start":{"line":460,"column":6},"end":{"line":464,"column":7}},{"start":{},"end":{}}]},"58":{"loc":{"start":{"line":462,"column":8},"end":{"line":462,"column":73}},"type":"if","locations":[{"start":{"line":462,"column":8},"end":{"line":462,"column":73}},{"start":{},"end":{}}]},"59":{"loc":{"start":{"line":493,"column":62},"end":{"line":493,"column":114}},"type":"cond-expr","locations":[{"start":{"line":493,"column":87},"end":{"line":493,"column":98}},{"start":{"line":493,"column":101},"end":{"line":493,"column":114}}]},"60":{"loc":{"start":{"line":507,"column":4},"end":{"line":509,"column":5}},"type":"if","locations":[{"start":{"line":507,"column":4},"end":{"line":509,"column":5}},{"start":{},"end":{}}]},"61":{"loc":{"start":{"line":507,"column":8},"end":{"line":507,"column":38}},"type":"binary-expr","locations":[{"start":{"line":507,"column":8},"end":{"line":507,"column":20}},{"start":{"line":507,"column":24},"end":{"line":507,"column":38}}]},"62":{"loc":{"start":{"line":508,"column":56},"end":{"line":508,"column":103}},"type":"binary-expr","locations":[{"start":{"line":508,"column":56},"end":{"line":508,"column":80}},{"start":{"line":508,"column":84},"end":{"line":508,"column":103}}]},"63":{"loc":{"start":{"line":516,"column":4},"end":{"line":518,"column":5}},"type":"if","locations":[{"start":{"line":516,"column":4},"end":{"line":518,"column":5}},{"start":{},"end":{}}]},"64":{"loc":{"start":{"line":526,"column":20},"end":{"line":526,"column":66}},"type":"binary-expr","locations":[{"start":{"line":526,"column":20},"end":{"line":526,"column":39}},{"start":{"line":526,"column":43},"end":{"line":526,"column":66}}]},"65":{"loc":{"start":{"line":545,"column":8},"end":{"line":547,"column":9}},"type":"if","locations":[{"start":{"line":545,"column":8},"end":{"line":547,"column":9}},{"start":{},"end":{}}]},"66":{"loc":{"start":{"line":20,"column":29},"end":{"line":20,"column":null}},"type":"cond-expr","locations":[{"start":{"line":20,"column":42},"end":{"line":20,"column":null}},{"start":{"line":20,"column":42},"end":{"line":20,"column":null}}]},"67":{"loc":{"start":{"line":20,"column":29},"end":{"line":20,"column":42}},"type":"binary-expr","locations":[{"start":{"line":20,"column":29},"end":{"line":20,"column":null}},{"start":{"line":20,"column":29},"end":{"line":20,"column":42}}]},"68":{"loc":{"start":{"line":20,"column":42},"end":{"line":21,"column":null}},"type":"cond-expr","locations":[{"start":{"line":21,"column":45},"end":{"line":21,"column":null}},{"start":{"line":21,"column":45},"end":{"line":21,"column":null}}]},"69":{"loc":{"start":{"line":20,"column":42},"end":{"line":21,"column":45}},"type":"binary-expr","locations":[{"start":{"line":20,"column":42},"end":{"line":21,"column":null}},{"start":{"line":21,"column":34},"end":{"line":21,"column":45}}]},"70":{"loc":{"start":{"line":21,"column":45},"end":{"line":22,"column":null}},"type":"cond-expr","locations":[{"start":{"line":22,"column":43},"end":{"line":22,"column":null}},{"start":{"line":22,"column":43},"end":{"line":22,"column":null}}]},"71":{"loc":{"start":{"line":21,"column":45},"end":{"line":22,"column":43}},"type":"binary-expr","locations":[{"start":{"line":21,"column":45},"end":{"line":22,"column":null}},{"start":{"line":22,"column":33},"end":{"line":22,"column":43}}]}},"s":{"0":3,"1":3,"2":3,"3":3,"4":3,"5":3,"6":3,"7":3,"8":1,"9":1,"10":1,"11":1,"12":1,"13":0,"14":0,"15":0,"16":0,"17":0,"18":0,"19":0,"20":0,"21":0,"22":0,"23":0,"24":0,"25":0,"26":0,"27":0,"28":0,"29":0,"30":0,"31":0,"32":0,"33":0,"34":0,"35":0,"36":0,"37":0,"38":0,"39":0,"40":0,"41":0,"42":0,"43":0,"44":0,"45":0,"46":0,"47":0,"48":0,"49":0,"50":0,"51":0,"52":0,"53":0,"54":0,"55":0,"56":0,"57":0,"58":0,"59":0,"60":0,"61":0,"62":0,"63":0,"64":0,"65":0,"66":0,"67":0,"68":0,"69":0,"70":0,"71":0,"72":0,"73":0,"74":0,"75":0,"76":0,"77":0,"78":0,"79":0,"80":0,"81":0,"82":0,"83":0,"84":0,"85":0,"86":0,"87":0,"88":0,"89":0,"90":0,"91":0,"92":0,"93":0,"94":0,"95":0,"96":0,"97":0,"98":0,"99":0,"100":0,"101":0,"102":0,"103":0,"104":0,"105":0,"106":0,"107":0,"108":0,"109":0,"110":0,"111":0,"112":0,"113":0,"114":0,"115":0,"116":0,"117":0,"118":0,"119":0,"120":0,"121":0,"122":0,"123":0,"124":0,"125":0,"126":0,"127":0,"128":0,"129":0,"130":0,"131":0,"132":0,"133":0,"134":0,"135":0,"136":0,"137":0,"138":0,"139":0,"140":0,"141":0,"142":0,"143":0,"144":0,"145":0,"146":0,"147":0,"148":0,"149":0,"150":0,"151":0,"152":0,"153":0,"154":0,"155":0,"156":0,"157":0,"158":0,"159":0,"160":0,"161":0,"162":0,"163":0,"164":0,"165":0,"166":0,"167":0,"168":0,"169":0,"170":0,"171":0,"172":0,"173":0,"174":0,"175":0,"176":0,"177":0,"178":0,"179":0,"180":0,"181":0,"182":0,"183":0,"184":0,"185":0,"186":0,"187":0,"188":0,"189":0,"190":0,"191":0,"192":0,"193":0,"194":0,"195":0,"196":0,"197":0,"198":0,"199":0,"200":0,"201":0,"202":0,"203":0,"204":0,"205":0,"206":0,"207":0,"208":0,"209":0,"210":0,"211":0,"212":0,"213":0,"214":0,"215":0,"216":0,"217":0,"218":0,"219":0,"220":0,"221":0,"222":0,"223":0,"224":0,"225":0,"226":0,"227":0,"228":0,"229":0,"230":0,"231":0,"232":3,"233":3},"f":{"0":1,"1":0,"2":0,"3":0,"4":0,"5":0,"6":0,"7":0,"8":0,"9":0,"10":0,"11":0,"12":0,"13":0,"14":0,"15":0,"16":0,"17":0,"18":0,"19":0},"b":{"0":[0,0],"1":[0,0],"2":[0,0],"3":[0,0],"4":[0,0],"5":[0,0],"6":[0,0],"7":[0,0,0],"8":[0,0],"9":[0,0],"10":[0,0],"11":[0,0],"12":[0,0],"13":[0,0],"14":[0,0],"15":[0,0],"16":[0,0],"17":[0,0],"18":[0,0],"19":[0,0],"20":[0,0],"21":[0,0],"22":[0,0],"23":[0,0],"24":[0,0],"25":[0,0],"26":[0,0],"27":[0,0],"28":[0,0],"29":[0,0],"30":[0],"31":[0,0],"32":[0],"33":[0,0],"34":[0,0],"35":[0,0],"36":[0,0],"37":[0,0],"38":[0,0],"39":[0,0],"40":[0,0],"41":[0,0],"42":[0,0],"43":[0,0],"44":[0,0],"45":[0,0],"46":[0,0],"47":[0,0],"48":[0,0],"49":[0,0],"50":[0,0],"51":[0,0],"52":[0,0],"53":[0,0],"54":[0,0],"55":[0,0],"56":[0,0],"57":[0,0],"58":[0,0],"59":[0,0],"60":[0,0],"61":[0,0],"62":[0,0],"63":[0,0],"64":[0,0],"65":[0,0],"66":[3,0],"67":[3,3],"68":[3,0],"69":[3,3],"70":[3,0],"71":[3,3]}}
}
