TN:
SF:src\app.controller.ts
FN:6,(anonymous_2)
FN:9,(anonymous_3)
FNF:2
FNH:2
FNDA:1,(anonymous_2)
FNDA:1,(anonymous_3)
DA:1,1
DA:2,1
DA:5,1
DA:6,1
DA:9,1
DA:10,1
LF:6
LH:6
BRDA:6,0,0,1
BRDA:6,0,1,0
BRDA:6,1,0,1
BRDA:6,1,1,1
BRF:4
BRH:3
end_of_record
TN:
SF:src\app.module.ts
FNF:0
FNH:0
DA:1,0
DA:2,0
DA:3,0
DA:4,0
DA:5,0
DA:6,0
DA:7,0
DA:8,0
DA:9,0
DA:10,0
DA:11,0
DA:12,0
DA:13,0
DA:14,0
DA:15,0
DA:16,0
DA:17,0
DA:18,0
DA:19,0
DA:20,0
DA:21,0
DA:22,0
DA:23,0
DA:50,0
LF:24
LH:0
BRF:0
BRH:0
end_of_record
TN:
SF:src\app.service.ts
FN:5,(anonymous_1)
FNF:1
FNH:1
FNDA:1,(anonymous_1)
DA:1,1
DA:4,1
DA:6,1
LF:3
LH:3
BRF:0
BRH:0
end_of_record
TN:
SF:src\main.ts
FN:5,bootstrap
FNF:1
FNH:0
FNDA:0,bootstrap
DA:1,0
DA:2,0
DA:3,0
DA:6,0
DA:9,0
DA:12,0
DA:14,0
DA:15,0
DA:16,0
DA:18,0
LF:10
LH:0
BRDA:14,0,0,0
BRDA:14,0,1,0
BRF:2
BRH:0
end_of_record
TN:
SF:src\auth\auth.controller.ts
FN:7,(anonymous_4)
FN:10,(anonymous_5)
FN:15,(anonymous_6)
FN:20,(anonymous_7)
FN:25,(anonymous_8)
FN:31,(anonymous_9)
FN:42,(anonymous_10)
FNF:7
FNH:0
FNDA:0,(anonymous_4)
FNDA:0,(anonymous_5)
FNDA:0,(anonymous_6)
FNDA:0,(anonymous_7)
FNDA:0,(anonymous_8)
FNDA:0,(anonymous_9)
FNDA:0,(anonymous_10)
DA:1,0
DA:2,0
DA:3,0
DA:6,0
DA:7,0
DA:10,0
DA:11,0
DA:15,0
DA:16,0
DA:20,0
DA:21,0
DA:25,0
DA:26,0
DA:31,0
DA:32,0
DA:33,0
DA:34,0
DA:36,0
DA:42,0
DA:43,0
LF:20
LH:0
BRDA:33,0,0,0
BRDA:33,0,1,0
BRDA:7,1,0,0
BRDA:7,1,1,0
BRDA:7,2,0,0
BRDA:7,2,1,0
BRF:6
BRH:0
end_of_record
TN:
SF:src\auth\auth.module.ts
FNF:0
FNH:0
DA:1,0
DA:2,0
DA:3,0
DA:4,0
DA:5,0
DA:6,0
DA:7,0
DA:8,0
DA:24,0
LF:9
LH:0
BRDA:16,0,0,0
BRDA:16,0,1,0
BRF:2
BRH:0
end_of_record
TN:
SF:src\auth\auth.service.ts
FN:10,(anonymous_11)
FN:16,(anonymous_12)
FN:25,(anonymous_13)
FN:39,(anonymous_14)
FN:46,(anonymous_15)
FN:47,(anonymous_16)
FN:55,(anonymous_17)
FN:79,(anonymous_18)
FN:96,(anonymous_19)
FN:134,(anonymous_20)
FN:146,(anonymous_21)
FN:165,(anonymous_22)
FN:172,(anonymous_23)
FN:173,(anonymous_24)
FN:208,(anonymous_25)
FN:299,(anonymous_26)
FN:308,(anonymous_27)
FN:333,(anonymous_28)
FNF:18
FNH:0
FNDA:0,(anonymous_11)
FNDA:0,(anonymous_12)
FNDA:0,(anonymous_13)
FNDA:0,(anonymous_14)
FNDA:0,(anonymous_15)
FNDA:0,(anonymous_16)
FNDA:0,(anonymous_17)
FNDA:0,(anonymous_18)
FNDA:0,(anonymous_19)
FNDA:0,(anonymous_20)
FNDA:0,(anonymous_21)
FNDA:0,(anonymous_22)
FNDA:0,(anonymous_23)
FNDA:0,(anonymous_24)
FNDA:0,(anonymous_25)
FNDA:0,(anonymous_26)
FNDA:0,(anonymous_27)
FNDA:0,(anonymous_28)
DA:1,0
DA:2,0
DA:3,0
DA:4,0
DA:5,0
DA:6,0
DA:9,0
DA:11,0
DA:12,0
DA:13,0
DA:17,0
DA:18,0
DA:19,0
DA:20,0
DA:22,0
DA:26,0
DA:35,0
DA:36,0
DA:38,0
DA:39,0
DA:45,0
DA:46,0
DA:47,0
DA:55,0
DA:57,0
DA:65,0
DA:80,0
DA:81,0
DA:82,0
DA:85,0
DA:87,0
DA:93,0
DA:97,0
DA:98,0
DA:100,0
DA:102,0
DA:103,0
DA:104,0
DA:112,0
DA:124,0
DA:125,0
DA:131,0
DA:135,0
DA:144,0
DA:146,0
DA:147,0
DA:148,0
DA:151,0
DA:152,0
DA:153,0
DA:154,0
DA:155,0
DA:156,0
DA:157,0
DA:158,0
DA:159,0
DA:162,0
DA:163,0
DA:164,0
DA:165,0
DA:171,0
DA:172,0
DA:173,0
DA:181,0
DA:186,0
DA:194,0
DA:209,0
DA:210,0
DA:213,0
DA:225,0
DA:240,0
DA:255,0
DA:261,0
DA:268,0
DA:273,0
DA:274,0
DA:285,0
DA:296,0
DA:300,0
DA:301,0
DA:302,0
DA:309,0
DA:310,0
DA:313,0
DA:317,0
DA:318,0
DA:322,0
DA:327,0
DA:334,0
DA:335,0
DA:336,0
DA:338,0
DA:339,0
DA:340,0
DA:341,0
DA:342,0
DA:343,0
LF:97
LH:0
BRDA:18,0,0,0
BRDA:18,0,1,0
BRDA:18,1,0,0
BRDA:18,1,1,0
BRDA:18,1,2,0
BRDA:36,2,0,0
BRDA:36,2,1,0
BRDA:45,3,0,0
BRDA:45,3,1,0
BRDA:55,4,0,0
BRDA:55,4,1,0
BRDA:55,4,2,0
BRDA:60,5,0,0
BRDA:60,5,1,0
BRDA:61,6,0,0
BRDA:61,6,1,0
BRDA:62,7,0,0
BRDA:62,7,1,0
BRDA:71,8,0,0
BRDA:71,8,1,0
BRDA:72,9,0,0
BRDA:72,9,1,0
BRDA:73,10,0,0
BRDA:73,10,1,0
BRDA:81,11,0,0
BRDA:81,11,1,0
BRDA:102,12,0,0
BRDA:102,12,1,0
BRDA:107,13,0,0
BRDA:107,13,1,0
BRDA:124,14,0,0
BRDA:124,14,1,0
BRDA:144,15,0,0
BRDA:144,15,1,0
BRDA:147,16,0,0
BRDA:147,16,1,0
BRDA:151,17,0,0
BRDA:151,17,1,0
BRDA:151,18,0,0
BRDA:151,18,1,0
BRDA:153,19,0,0
BRDA:153,19,1,0
BRDA:156,20,0,0
BRDA:156,20,1,0
BRDA:158,21,0,0
BRDA:158,21,1,0
BRDA:158,22,0,0
BRDA:158,22,1,0
BRDA:163,23,0,0
BRDA:163,23,1,0
BRDA:317,24,0,0
BRDA:317,24,1,0
BRDA:335,25,0,0
BRDA:335,25,1,0
BRDA:338,26,0,0
BRDA:338,26,1,0
BRDA:11,27,0,0
BRDA:11,27,1,0
BRDA:11,28,0,0
BRDA:11,28,1,0
BRDA:11,29,0,0
BRDA:11,29,1,0
BRDA:11,30,0,0
BRDA:11,30,1,0
BRDA:12,31,0,0
BRDA:12,31,1,0
BRDA:12,32,0,0
BRDA:12,32,1,0
BRF:68
BRH:0
end_of_record
TN:
SF:src\auth\jwt-auth.guard.ts
FNF:0
FNH:0
DA:1,3
DA:2,3
DA:5,3
LF:3
LH:3
BRF:0
BRH:0
end_of_record
TN:
SF:src\auth\jwt.strategy.ts
FN:7,(anonymous_2)
FN:15,(anonymous_3)
FNF:2
FNH:0
FNDA:0,(anonymous_2)
FNDA:0,(anonymous_3)
DA:1,0
DA:2,0
DA:3,0
DA:6,0
DA:8,0
DA:16,0
LF:6
LH:0
BRDA:11,0,0,0
BRDA:11,0,1,0
BRF:2
BRH:0
end_of_record
TN:
SF:src\categories\categories.controller.ts
FN:8,(anonymous_4)
FN:11,(anonymous_5)
FN:16,(anonymous_6)
FN:21,(anonymous_7)
FN:26,(anonymous_8)
FNF:5
FNH:0
FNDA:0,(anonymous_4)
FNDA:0,(anonymous_5)
FNDA:0,(anonymous_6)
FNDA:0,(anonymous_7)
FNDA:0,(anonymous_8)
DA:1,0
DA:2,0
DA:3,0
DA:7,0
DA:8,0
DA:11,0
DA:12,0
DA:16,0
DA:17,0
DA:21,0
DA:22,0
DA:26,0
DA:27,0
LF:13
LH:0
BRDA:8,0,0,0
BRDA:8,0,1,0
BRDA:8,1,0,0
BRDA:8,1,1,0
BRF:4
BRH:0
end_of_record
TN:
SF:src\categories\categories.module.ts
FNF:0
FNH:0
DA:1,0
DA:2,0
DA:3,0
DA:4,0
DA:12,0
LF:5
LH:0
BRF:0
BRH:0
end_of_record
TN:
SF:src\categories\categories.service.ts
FN:6,(anonymous_2)
FN:8,(anonymous_3)
FN:15,(anonymous_4)
FN:23,(anonymous_5)
FN:33,(anonymous_6)
FN:41,(anonymous_7)
FNF:6
FNH:0
FNDA:0,(anonymous_2)
FNDA:0,(anonymous_3)
FNDA:0,(anonymous_4)
FNDA:0,(anonymous_5)
FNDA:0,(anonymous_6)
FNDA:0,(anonymous_7)
DA:1,2
DA:2,2
DA:5,2
DA:6,0
DA:9,0
DA:16,0
DA:19,0
DA:20,0
DA:24,0
DA:25,0
DA:34,0
DA:35,0
DA:42,0
DA:43,0
LF:14
LH:3
BRDA:19,0,0,0
BRDA:19,0,1,0
BRDA:6,1,0,2
BRDA:6,1,1,0
BRDA:6,2,0,2
BRDA:6,2,1,2
BRF:6
BRH:3
end_of_record
TN:
SF:src\common\utils\crypto.util.ts
FN:8,encrypt
FN:17,decrypt
FNF:2
FNH:0
FNDA:0,encrypt
FNDA:0,decrypt
DA:1,2
DA:3,2
DA:4,2
DA:5,2
DA:6,2
DA:8,2
DA:9,0
DA:10,0
DA:11,0
DA:12,0
DA:13,0
DA:14,0
DA:17,2
DA:18,0
DA:19,0
DA:20,0
DA:21,0
DA:22,0
DA:23,0
DA:24,0
DA:25,0
LF:21
LH:7
BRDA:4,0,0,2
BRDA:4,0,1,0
BRDA:9,1,0,0
BRDA:9,1,1,0
BRDA:18,2,0,0
BRDA:18,2,1,0
BRDA:18,3,0,0
BRDA:18,3,1,0
BRF:8
BRH:1
end_of_record
TN:
SF:src\config\config.controller.ts
FN:9,(anonymous_4)
FN:12,(anonymous_5)
FN:18,(anonymous_6)
FNF:3
FNH:1
FNDA:1,(anonymous_4)
FNDA:0,(anonymous_5)
FNDA:0,(anonymous_6)
DA:1,1
DA:2,1
DA:3,1
DA:8,1
DA:9,1
DA:12,1
DA:13,0
DA:14,0
DA:18,1
DA:22,0
DA:23,0
LF:11
LH:7
BRDA:12,0,0,1
BRDA:12,0,1,0
BRDA:12,1,0,1
BRDA:12,1,1,1
BRDA:21,2,0,1
BRDA:21,2,1,0
BRDA:21,3,0,1
BRDA:21,3,1,1
BRDA:9,4,0,1
BRDA:9,4,1,0
BRDA:9,5,0,1
BRDA:9,5,1,1
BRF:12
BRH:9
end_of_record
TN:
SF:src\config\config.module.ts
FNF:0
FNH:0
DA:1,0
DA:2,0
DA:3,0
DA:4,0
DA:12,0
LF:5
LH:0
BRF:0
BRH:0
end_of_record
TN:
SF:src\config\config.service.ts
FN:7,(anonymous_2)
FN:10,(anonymous_3)
FN:15,(anonymous_4)
FN:23,(anonymous_5)
FN:27,(anonymous_6)
FNF:5
FNH:0
FNDA:0,(anonymous_2)
FNDA:0,(anonymous_3)
FNDA:0,(anonymous_4)
FNDA:0,(anonymous_5)
FNDA:0,(anonymous_6)
DA:1,2
DA:2,2
DA:6,2
DA:7,0
DA:11,0
DA:20,0
DA:22,0
DA:23,0
DA:26,0
DA:27,0
DA:29,0
LF:11
LH:3
BRDA:7,0,0,2
BRDA:7,0,1,0
BRDA:7,1,0,2
BRDA:7,1,1,2
BRF:4
BRH:3
end_of_record
TN:
SF:src\gpt\gpt.module.ts
FNF:0
FNH:0
DA:1,0
DA:2,0
DA:3,0
DA:4,0
DA:5,0
DA:6,0
DA:13,0
LF:7
LH:0
BRF:0
BRH:0
end_of_record
TN:
SF:src\gpt\gpt.service.ts
FN:27,(anonymous_3)
FN:34,(anonymous_4)
FN:48,(anonymous_5)
FN:54,(anonymous_6)
FN:61,(anonymous_7)
FN:80,(anonymous_8)
FN:103,(anonymous_9)
FN:173,(anonymous_10)
FNF:8
FNH:0
FNDA:0,(anonymous_3)
FNDA:0,(anonymous_4)
FNDA:0,(anonymous_5)
FNDA:0,(anonymous_6)
FNDA:0,(anonymous_7)
FNDA:0,(anonymous_8)
FNDA:0,(anonymous_9)
FNDA:0,(anonymous_10)
DA:1,2
DA:2,2
DA:3,2
DA:4,2
DA:5,2
DA:6,2
DA:9,2
DA:10,0
DA:12,0
DA:28,0
DA:29,0
DA:30,0
DA:31,0
DA:35,0
DA:36,0
DA:37,0
DA:38,0
DA:41,0
DA:44,0
DA:45,0
DA:47,0
DA:48,0
DA:51,0
DA:54,0
DA:55,0
DA:58,0
DA:61,0
DA:62,0
DA:66,0
DA:70,0
DA:80,0
DA:82,0
DA:85,0
DA:86,0
DA:89,0
DA:90,0
DA:94,0
DA:99,0
DA:101,0
DA:103,0
DA:109,0
DA:110,0
DA:114,0
DA:145,0
DA:146,0
DA:148,0
DA:149,0
DA:157,0
DA:159,0
DA:160,0
DA:161,0
DA:165,0
DA:166,0
DA:167,0
DA:168,0
DA:169,0
DA:171,0
DA:172,0
DA:173,0
DA:174,0
DA:175,0
DA:182,0
DA:185,0
DA:186,0
DA:187,0
DA:188,0
DA:189,0
DA:192,0
DA:200,0
DA:206,0
DA:207,0
LF:71
LH:7
BRDA:36,0,0,0
BRDA:36,0,1,0
BRDA:45,1,0,0
BRDA:45,1,1,0
BRDA:54,2,0,0
BRDA:54,2,1,0
BRDA:55,3,0,0
BRDA:55,3,1,0
BRDA:61,4,0,0
BRDA:61,4,1,0
BRDA:71,5,0,0
BRDA:71,5,1,0
BRDA:72,6,0,0
BRDA:72,6,1,0
BRDA:104,7,0,0
BRDA:104,7,1,0
BRDA:105,8,0,0
BRDA:105,8,1,0
BRDA:109,9,0,0
BRDA:109,9,1,0
BRDA:109,10,0,0
BRDA:109,10,1,0
BRDA:159,11,0,0
BRDA:159,11,1,0
BRDA:160,12,0,0
BRDA:160,12,1,0
BRDA:171,13,0,0
BRDA:171,13,1,0
BRDA:173,14,0,0
BRDA:173,14,1,0
BRDA:174,15,0,0
BRDA:174,15,1,0
BRDA:177,16,0,0
BRDA:177,16,1,0
BRDA:182,17,0,0
BRDA:182,17,1,0
BRDA:182,17,2,0
BRDA:185,18,0,0
BRDA:185,18,1,0
BRDA:187,19,0,0
BRDA:187,19,1,0
BRDA:187,20,0,0
BRDA:187,20,1,0
BRDA:188,21,0,0
BRDA:188,21,1,0
BRDA:189,22,0,0
BRDA:189,22,1,0
BRDA:201,23,0,0
BRDA:201,23,1,0
BRDA:28,24,0,2
BRDA:28,24,1,0
BRDA:28,25,0,2
BRDA:28,25,1,2
BRDA:28,26,0,2
BRDA:28,26,1,0
BRDA:28,27,0,2
BRDA:28,27,1,2
BRDA:29,28,0,2
BRDA:29,28,1,0
BRDA:29,29,0,2
BRDA:29,29,1,2
BRDA:30,30,0,2
BRDA:30,30,1,0
BRDA:30,31,0,2
BRDA:30,31,1,2
BRF:65
BRH:12
end_of_record
TN:
SF:src\keyword\keyword.controller.ts
FN:10,(anonymous_4)
FN:13,(anonymous_5)
FN:18,(anonymous_6)
FN:23,(anonymous_7)
FN:28,(anonymous_8)
FN:33,(anonymous_9)
FNF:6
FNH:1
FNDA:1,(anonymous_4)
FNDA:0,(anonymous_5)
FNDA:0,(anonymous_6)
FNDA:0,(anonymous_7)
FNDA:0,(anonymous_8)
FNDA:0,(anonymous_9)
DA:1,1
DA:2,1
DA:3,1
DA:4,1
DA:5,1
DA:9,1
DA:10,1
DA:13,1
DA:14,0
DA:18,1
DA:19,0
DA:23,1
DA:24,0
DA:28,1
DA:29,0
DA:33,1
DA:34,0
LF:17
LH:12
BRDA:13,0,0,1
BRDA:13,0,1,0
BRDA:13,1,0,1
BRDA:13,1,1,1
BRDA:28,2,0,1
BRDA:28,2,1,0
BRDA:28,3,0,1
BRDA:28,3,1,1
BRDA:10,4,0,1
BRDA:10,4,1,0
BRDA:10,5,0,1
BRDA:10,5,1,1
BRF:12
BRH:9
end_of_record
TN:
SF:src\keyword\keyword.module.ts
FNF:0
FNH:0
DA:1,0
DA:2,0
DA:3,0
DA:4,0
DA:12,0
LF:5
LH:0
BRF:0
BRH:0
end_of_record
TN:
SF:src\keyword\keyword.service.ts
FN:8,(anonymous_2)
FN:10,(anonymous_3)
FN:19,(anonymous_4)
FN:26,(anonymous_5)
FN:36,(anonymous_6)
FN:44,(anonymous_7)
FNF:6
FNH:3
FNDA:3,(anonymous_2)
FNDA:1,(anonymous_3)
FNDA:1,(anonymous_4)
FNDA:0,(anonymous_5)
FNDA:0,(anonymous_6)
FNDA:0,(anonymous_7)
DA:1,2
DA:4,2
DA:7,2
DA:8,3
DA:11,1
DA:20,1
DA:27,0
DA:30,0
DA:31,0
DA:33,0
DA:37,0
DA:38,0
DA:45,0
DA:46,0
LF:14
LH:6
BRDA:30,0,0,0
BRDA:30,0,1,0
BRDA:8,1,0,2
BRDA:8,1,1,0
BRDA:8,2,0,2
BRDA:8,2,1,2
BRF:6
BRH:3
end_of_record
TN:
SF:src\keyword\dto\create-keyword.dto.ts
FNF:0
FNH:0
DA:1,1
DA:3,1
DA:6,1
DA:10,1
LF:4
LH:4
BRF:0
BRH:0
end_of_record
TN:
SF:src\keyword\dto\update-keyword.dto.ts
FNF:0
FNH:0
DA:1,1
DA:2,1
DA:4,1
LF:3
LH:3
BRF:0
BRH:0
end_of_record
TN:
SF:src\logistics\logistics.controller.ts
FN:8,(anonymous_4)
FN:15,(anonymous_5)
FN:20,(anonymous_6)
FN:25,(anonymous_7)
FN:30,(anonymous_8)
FN:35,(anonymous_9)
FN:44,(anonymous_10)
FN:49,(anonymous_11)
FN:54,(anonymous_12)
FN:59,(anonymous_13)
FN:64,(anonymous_14)
FN:73,(anonymous_15)
FN:78,(anonymous_16)
FN:83,(anonymous_17)
FN:88,(anonymous_18)
FN:93,(anonymous_19)
FNF:16
FNH:0
FNDA:0,(anonymous_4)
FNDA:0,(anonymous_5)
FNDA:0,(anonymous_6)
FNDA:0,(anonymous_7)
FNDA:0,(anonymous_8)
FNDA:0,(anonymous_9)
FNDA:0,(anonymous_10)
FNDA:0,(anonymous_11)
FNDA:0,(anonymous_12)
FNDA:0,(anonymous_13)
FNDA:0,(anonymous_14)
FNDA:0,(anonymous_15)
FNDA:0,(anonymous_16)
FNDA:0,(anonymous_17)
FNDA:0,(anonymous_18)
FNDA:0,(anonymous_19)
DA:1,0
DA:2,0
DA:3,0
DA:7,0
DA:8,0
DA:15,0
DA:16,0
DA:20,0
DA:21,0
DA:25,0
DA:26,0
DA:30,0
DA:31,0
DA:35,0
DA:36,0
DA:44,0
DA:45,0
DA:49,0
DA:50,0
DA:54,0
DA:55,0
DA:59,0
DA:60,0
DA:64,0
DA:65,0
DA:73,0
DA:74,0
DA:78,0
DA:79,0
DA:83,0
DA:84,0
DA:88,0
DA:89,0
DA:93,0
DA:94,0
LF:35
LH:0
BRDA:8,0,0,0
BRDA:8,0,1,0
BRDA:8,1,0,0
BRDA:8,1,1,0
BRF:4
BRH:0
end_of_record
TN:
SF:src\logistics\logistics.module.ts
FNF:0
FNH:0
DA:1,0
DA:2,0
DA:3,0
DA:4,0
DA:12,0
LF:5
LH:0
BRF:0
BRH:0
end_of_record
TN:
SF:src\logistics\logistics.service.ts
FN:6,(anonymous_2)
FN:12,(anonymous_3)
FN:20,(anonymous_4)
FN:29,(anonymous_5)
FN:40,(anonymous_6)
FN:50,(anonymous_7)
FN:57,(anonymous_8)
FN:71,(anonymous_9)
FN:82,(anonymous_10)
FN:93,(anonymous_11)
FN:100,(anonymous_12)
FN:108,(anonymous_13)
FN:120,(anonymous_14)
FN:132,(anonymous_15)
FN:143,(anonymous_16)
FN:150,(anonymous_17)
FN:158,(anonymous_18)
FN:170,(anonymous_19)
FN:182,(anonymous_20)
FNF:19
FNH:0
FNDA:0,(anonymous_2)
FNDA:0,(anonymous_3)
FNDA:0,(anonymous_4)
FNDA:0,(anonymous_5)
FNDA:0,(anonymous_6)
FNDA:0,(anonymous_7)
FNDA:0,(anonymous_8)
FNDA:0,(anonymous_9)
FNDA:0,(anonymous_10)
FNDA:0,(anonymous_11)
FNDA:0,(anonymous_12)
FNDA:0,(anonymous_13)
FNDA:0,(anonymous_14)
FNDA:0,(anonymous_15)
FNDA:0,(anonymous_16)
FNDA:0,(anonymous_17)
FNDA:0,(anonymous_18)
FNDA:0,(anonymous_19)
FNDA:0,(anonymous_20)
DA:1,0
DA:2,0
DA:5,0
DA:6,0
DA:13,0
DA:21,0
DA:25,0
DA:26,0
DA:33,0
DA:40,0
DA:55,0
DA:57,0
DA:59,0
DA:64,0
DA:71,0
DA:83,0
DA:84,0
DA:94,0
DA:101,0
DA:104,0
DA:105,0
DA:112,0
DA:125,0
DA:126,0
DA:133,0
DA:134,0
DA:144,0
DA:151,0
DA:154,0
DA:155,0
DA:162,0
DA:175,0
DA:176,0
DA:183,0
DA:184,0
LF:35
LH:0
BRDA:25,0,0,0
BRDA:25,0,1,0
BRDA:104,1,0,0
BRDA:104,1,1,0
BRDA:154,2,0,0
BRDA:154,2,1,0
BRDA:6,3,0,0
BRDA:6,3,1,0
BRDA:6,4,0,0
BRDA:6,4,1,0
BRF:10
BRH:0
end_of_record
TN:
SF:src\operation-contacts\operation-contacts.controller.ts
FN:8,(anonymous_4)
FN:11,(anonymous_5)
FN:16,(anonymous_6)
FN:21,(anonymous_7)
FN:26,(anonymous_8)
FNF:5
FNH:0
FNDA:0,(anonymous_4)
FNDA:0,(anonymous_5)
FNDA:0,(anonymous_6)
FNDA:0,(anonymous_7)
FNDA:0,(anonymous_8)
DA:1,0
DA:2,0
DA:3,0
DA:7,0
DA:8,0
DA:11,0
DA:12,0
DA:16,0
DA:17,0
DA:21,0
DA:22,0
DA:26,0
DA:27,0
LF:13
LH:0
BRDA:8,0,0,0
BRDA:8,0,1,0
BRDA:8,1,0,0
BRDA:8,1,1,0
BRF:4
BRH:0
end_of_record
TN:
SF:src\operation-contacts\operation-contacts.module.ts
FNF:0
FNH:0
DA:1,0
DA:2,0
DA:3,0
DA:4,0
DA:12,0
LF:5
LH:0
BRF:0
BRH:0
end_of_record
TN:
SF:src\operation-contacts\operation-contacts.service.ts
FN:6,(anonymous_2)
FN:8,(anonymous_3)
FN:24,(anonymous_4)
FN:41,(anonymous_5)
FN:61,(anonymous_6)
FN:82,(anonymous_7)
FNF:6
FNH:0
FNDA:0,(anonymous_2)
FNDA:0,(anonymous_3)
FNDA:0,(anonymous_4)
FNDA:0,(anonymous_5)
FNDA:0,(anonymous_6)
FNDA:0,(anonymous_7)
DA:1,2
DA:2,2
DA:5,2
DA:6,0
DA:9,0
DA:25,0
DA:37,0
DA:38,0
DA:42,0
DA:43,0
DA:62,0
DA:63,0
DA:64,0
DA:83,0
DA:84,0
LF:15
LH:3
BRDA:37,0,0,0
BRDA:37,0,1,0
BRDA:47,1,0,0
BRDA:47,1,1,0
BRDA:68,2,0,0
BRDA:68,2,1,0
BRDA:68,3,0,0
BRDA:68,3,1,0
BRDA:6,4,0,2
BRDA:6,4,1,0
BRDA:6,5,0,2
BRDA:6,5,1,2
BRF:12
BRH:3
end_of_record
TN:
SF:src\orders\orders.controller.ts
FN:8,(anonymous_4)
FN:11,(anonymous_5)
FN:16,(anonymous_6)
FN:21,(anonymous_7)
FN:26,(anonymous_8)
FN:31,(anonymous_9)
FNF:6
FNH:0
FNDA:0,(anonymous_4)
FNDA:0,(anonymous_5)
FNDA:0,(anonymous_6)
FNDA:0,(anonymous_7)
FNDA:0,(anonymous_8)
FNDA:0,(anonymous_9)
DA:1,0
DA:2,0
DA:3,0
DA:7,0
DA:8,0
DA:11,0
DA:12,0
DA:16,0
DA:17,0
DA:21,0
DA:22,0
DA:26,0
DA:27,0
DA:31,0
DA:32,0
LF:15
LH:0
BRDA:8,0,0,0
BRDA:8,0,1,0
BRDA:8,1,0,0
BRDA:8,1,1,0
BRF:4
BRH:0
end_of_record
TN:
SF:src\orders\orders.module.ts
FNF:0
FNH:0
DA:1,0
DA:2,0
DA:3,0
DA:4,0
DA:5,0
DA:13,0
LF:6
LH:0
BRF:0
BRH:0
end_of_record
TN:
SF:src\organizations\organizations.controller.ts
FN:6,(anonymous_4)
FN:9,(anonymous_5)
FN:14,(anonymous_6)
FNF:3
FNH:0
FNDA:0,(anonymous_4)
FNDA:0,(anonymous_5)
FNDA:0,(anonymous_6)
DA:1,0
DA:2,0
DA:5,0
DA:6,0
DA:9,0
DA:10,0
DA:14,0
DA:15,0
LF:8
LH:0
BRDA:6,0,0,0
BRDA:6,0,1,0
BRDA:6,1,0,0
BRDA:6,1,1,0
BRF:4
BRH:0
end_of_record
TN:
SF:src\organizations\organizations.module.ts
FNF:0
FNH:0
DA:1,0
DA:2,0
DA:3,0
DA:4,0
DA:12,0
LF:5
LH:0
BRF:0
BRH:0
end_of_record
TN:
SF:src\organizations\organizations.service.ts
FN:7,(anonymous_2)
FN:9,(anonymous_3)
FN:27,(anonymous_4)
FNF:3
FNH:0
FNDA:0,(anonymous_2)
FNDA:0,(anonymous_3)
FNDA:0,(anonymous_4)
DA:1,0
DA:2,0
DA:3,0
DA:6,0
DA:7,0
DA:10,0
DA:14,0
DA:15,0
DA:19,0
DA:29,0
DA:43,0
DA:45,0
DA:46,0
DA:47,0
DA:50,0
DA:52,0
DA:53,0
DA:57,0
DA:61,0
LF:19
LH:0
BRDA:14,0,0,0
BRDA:14,0,1,0
BRDA:21,1,0,0
BRDA:21,1,1,0
BRDA:22,2,0,0
BRDA:22,2,1,0
BRDA:23,3,0,0
BRDA:23,3,1,0
BRDA:46,4,0,0
BRDA:46,4,1,0
BRDA:50,5,0,0
BRDA:50,5,1,0
BRDA:50,6,0,0
BRDA:50,6,1,0
BRDA:52,7,0,0
BRDA:52,7,1,0
BRDA:7,8,0,0
BRDA:7,8,1,0
BRDA:7,9,0,0
BRDA:7,9,1,0
BRF:20
BRH:0
end_of_record
TN:
SF:src\prisma\prisma.module.ts
FNF:0
FNH:0
DA:1,0
DA:2,0
DA:8,0
LF:3
LH:0
BRF:0
BRH:0
end_of_record
TN:
SF:src\prisma\prisma.service.ts
FN:11,(anonymous_11)
FN:22,(anonymous_12)
FN:31,(anonymous_13)
FNF:3
FNH:1
FNDA:1,(anonymous_11)
FNDA:0,(anonymous_12)
FNDA:0,(anonymous_13)
DA:1,7
DA:2,7
DA:3,7
DA:4,7
DA:6,7
DA:7,7
DA:10,7
DA:12,1
DA:13,1
DA:17,1
DA:19,1
DA:23,0
DA:24,0
DA:25,0
DA:27,0
DA:32,0
LF:16
LH:11
BRDA:27,0,0,0
BRDA:27,0,1,0
BRF:2
BRH:0
end_of_record
TN:
SF:src\products\products.controller.ts
FN:8,(anonymous_4)
FN:11,(anonymous_5)
FN:21,(anonymous_6)
FN:26,(anonymous_7)
FN:31,(anonymous_8)
FN:36,(anonymous_9)
FNF:6
FNH:0
FNDA:0,(anonymous_4)
FNDA:0,(anonymous_5)
FNDA:0,(anonymous_6)
FNDA:0,(anonymous_7)
FNDA:0,(anonymous_8)
FNDA:0,(anonymous_9)
DA:1,0
DA:2,0
DA:3,0
DA:7,0
DA:8,0
DA:11,0
DA:17,0
DA:21,0
DA:22,0
DA:26,0
DA:27,0
DA:31,0
DA:32,0
DA:36,0
DA:37,0
LF:15
LH:0
BRDA:8,0,0,0
BRDA:8,0,1,0
BRDA:8,1,0,0
BRDA:8,1,1,0
BRF:4
BRH:0
end_of_record
TN:
SF:src\products\products.module.ts
FNF:0
FNH:0
DA:1,0
DA:2,0
DA:3,0
DA:4,0
DA:12,0
LF:5
LH:0
BRF:0
BRH:0
end_of_record
TN:
SF:src\products\products.service.ts
FN:6,(anonymous_2)
FN:8,(anonymous_3)
FN:39,(anonymous_4)
FN:54,(anonymous_5)
FN:62,(anonymous_6)
FN:68,(anonymous_7)
FN:81,(anonymous_8)
FN:89,(anonymous_9)
FN:98,(anonymous_10)
FN:118,(anonymous_11)
FN:126,(anonymous_12)
FNF:11
FNH:0
FNDA:0,(anonymous_2)
FNDA:0,(anonymous_3)
FNDA:0,(anonymous_4)
FNDA:0,(anonymous_5)
FNDA:0,(anonymous_6)
FNDA:0,(anonymous_7)
FNDA:0,(anonymous_8)
FNDA:0,(anonymous_9)
FNDA:0,(anonymous_10)
FNDA:0,(anonymous_11)
FNDA:0,(anonymous_12)
DA:1,2
DA:2,2
DA:5,2
DA:6,0
DA:9,0
DA:11,0
DA:12,0
DA:13,0
DA:15,0
DA:18,0
DA:19,0
DA:26,0
DA:40,0
DA:50,0
DA:51,0
DA:55,0
DA:57,0
DA:62,0
DA:68,0
DA:82,0
DA:84,0
DA:87,0
DA:89,0
DA:96,0
DA:98,0
DA:104,0
DA:119,0
DA:120,0
DA:127,0
LF:29
LH:3
BRDA:11,0,0,0
BRDA:11,0,1,0
BRDA:13,1,0,0
BRDA:13,1,1,0
BRDA:18,2,0,0
BRDA:18,2,1,0
BRDA:50,3,0,0
BRDA:50,3,1,0
BRDA:61,4,0,0
BRDA:61,4,1,0
BRDA:61,5,0,0
BRDA:61,5,1,0
BRDA:64,6,0,0
BRDA:64,6,1,0
BRDA:67,7,0,0
BRDA:67,7,1,0
BRDA:67,8,0,0
BRDA:67,8,1,0
BRDA:87,9,0,0
BRDA:87,9,1,0
BRDA:91,10,0,0
BRDA:91,10,1,0
BRDA:96,11,0,0
BRDA:96,11,1,0
BRDA:108,12,0,0
BRDA:108,12,1,0
BRDA:109,13,0,0
BRDA:109,13,1,0
BRDA:6,14,0,2
BRDA:6,14,1,0
BRDA:6,15,0,2
BRDA:6,15,1,2
BRF:32
BRH:3
end_of_record
TN:
SF:src\prompts\prompts.controller.ts
FN:8,(anonymous_4)
FN:11,(anonymous_5)
FN:16,(anonymous_6)
FN:21,(anonymous_7)
FN:26,(anonymous_8)
FN:31,(anonymous_9)
FNF:6
FNH:0
FNDA:0,(anonymous_4)
FNDA:0,(anonymous_5)
FNDA:0,(anonymous_6)
FNDA:0,(anonymous_7)
FNDA:0,(anonymous_8)
FNDA:0,(anonymous_9)
DA:1,0
DA:2,0
DA:3,0
DA:7,0
DA:8,0
DA:11,0
DA:12,0
DA:16,0
DA:17,0
DA:21,0
DA:22,0
DA:26,0
DA:27,0
DA:31,0
DA:32,0
LF:15
LH:0
BRDA:8,0,0,0
BRDA:8,0,1,0
BRDA:8,1,0,0
BRDA:8,1,1,0
BRF:4
BRH:0
end_of_record
TN:
SF:src\prompts\prompts.module.ts
FNF:0
FNH:0
DA:1,0
DA:2,0
DA:3,0
DA:4,0
DA:12,0
LF:5
LH:0
BRF:0
BRH:0
end_of_record
TN:
SF:src\prompts\prompts.service.ts
FN:6,(anonymous_2)
FN:8,(anonymous_3)
FN:15,(anonymous_4)
FN:23,(anonymous_5)
FN:42,(anonymous_6)
FN:58,(anonymous_7)
FN:65,(anonymous_8)
FNF:7
FNH:0
FNDA:0,(anonymous_2)
FNDA:0,(anonymous_3)
FNDA:0,(anonymous_4)
FNDA:0,(anonymous_5)
FNDA:0,(anonymous_6)
FNDA:0,(anonymous_7)
FNDA:0,(anonymous_8)
DA:1,2
DA:2,2
DA:5,2
DA:6,0
DA:9,0
DA:16,0
DA:19,0
DA:20,0
DA:25,0
DA:26,0
DA:32,0
DA:34,0
DA:43,0
DA:45,0
DA:46,0
DA:52,0
DA:59,0
DA:60,0
DA:66,0
LF:19
LH:3
BRDA:19,0,0,0
BRDA:19,0,1,0
BRDA:25,1,0,0
BRDA:25,1,1,0
BRDA:45,2,0,0
BRDA:45,2,1,0
BRDA:6,3,0,2
BRDA:6,3,1,0
BRDA:6,4,0,2
BRDA:6,4,1,2
BRF:10
BRH:3
end_of_record
TN:
SF:src\subcategories\subcategories.controller.ts
FN:8,(anonymous_4)
FN:11,(anonymous_5)
FN:19,(anonymous_6)
FN:24,(anonymous_7)
FN:29,(anonymous_8)
FNF:5
FNH:0
FNDA:0,(anonymous_4)
FNDA:0,(anonymous_5)
FNDA:0,(anonymous_6)
FNDA:0,(anonymous_7)
FNDA:0,(anonymous_8)
DA:1,0
DA:2,0
DA:3,0
DA:7,0
DA:8,0
DA:11,0
DA:12,0
DA:13,0
DA:15,0
DA:19,0
DA:20,0
DA:24,0
DA:25,0
DA:29,0
DA:30,0
LF:15
LH:0
BRDA:12,0,0,0
BRDA:12,0,1,0
BRDA:8,1,0,0
BRDA:8,1,1,0
BRDA:8,2,0,0
BRDA:8,2,1,0
BRF:6
BRH:0
end_of_record
TN:
SF:src\subcategories\subcategories.module.ts
FNF:0
FNH:0
DA:1,0
DA:2,0
DA:3,0
DA:4,0
DA:12,0
LF:5
LH:0
BRF:0
BRH:0
end_of_record
TN:
SF:src\subcategories\subcategories.service.ts
FN:6,(anonymous_2)
FN:8,(anonymous_3)
FN:16,(anonymous_4)
FN:23,(anonymous_5)
FN:32,(anonymous_6)
FN:42,(anonymous_7)
FN:50,(anonymous_8)
FNF:7
FNH:0
FNDA:0,(anonymous_2)
FNDA:0,(anonymous_3)
FNDA:0,(anonymous_4)
FNDA:0,(anonymous_5)
FNDA:0,(anonymous_6)
FNDA:0,(anonymous_7)
FNDA:0,(anonymous_8)
DA:1,0
DA:2,0
DA:5,0
DA:6,0
DA:9,0
DA:17,0
DA:24,0
DA:28,0
DA:29,0
DA:33,0
DA:34,0
DA:43,0
DA:44,0
DA:51,0
DA:52,0
LF:15
LH:0
BRDA:28,0,0,0
BRDA:28,0,1,0
BRDA:6,1,0,0
BRDA:6,1,1,0
BRDA:6,2,0,0
BRDA:6,2,1,0
BRF:6
BRH:0
end_of_record
TN:
SF:src\templates\templates.controller.ts
FN:8,(anonymous_4)
FN:11,(anonymous_5)
FN:16,(anonymous_6)
FN:21,(anonymous_7)
FN:26,(anonymous_8)
FN:31,(anonymous_9)
FNF:6
FNH:0
FNDA:0,(anonymous_4)
FNDA:0,(anonymous_5)
FNDA:0,(anonymous_6)
FNDA:0,(anonymous_7)
FNDA:0,(anonymous_8)
FNDA:0,(anonymous_9)
DA:1,0
DA:2,0
DA:3,0
DA:7,0
DA:8,0
DA:11,0
DA:12,0
DA:16,0
DA:17,0
DA:21,0
DA:22,0
DA:26,0
DA:27,0
DA:31,0
DA:32,0
LF:15
LH:0
BRDA:8,0,0,0
BRDA:8,0,1,0
BRDA:8,1,0,0
BRDA:8,1,1,0
BRF:4
BRH:0
end_of_record
TN:
SF:src\templates\templates.module.ts
FNF:0
FNH:0
DA:1,0
DA:2,0
DA:3,0
DA:4,0
DA:12,0
LF:5
LH:0
BRF:0
BRH:0
end_of_record
TN:
SF:src\templates\templates.service.ts
FN:6,(anonymous_2)
FN:8,(anonymous_3)
FN:15,(anonymous_4)
FN:23,(anonymous_5)
FN:52,(anonymous_6)
FN:82,(anonymous_7)
FNF:6
FNH:0
FNDA:0,(anonymous_2)
FNDA:0,(anonymous_3)
FNDA:0,(anonymous_4)
FNDA:0,(anonymous_5)
FNDA:0,(anonymous_6)
FNDA:0,(anonymous_7)
DA:1,0
DA:2,0
DA:5,0
DA:6,0
DA:9,0
DA:16,0
DA:19,0
DA:20,0
DA:24,0
DA:26,0
DA:27,0
DA:30,0
DA:40,0
DA:41,0
DA:44,0
DA:53,0
DA:55,0
DA:56,0
DA:57,0
DA:60,0
DA:71,0
DA:72,0
DA:76,0
DA:83,0
DA:84,0
LF:25
LH:0
BRDA:19,0,0,0
BRDA:19,0,1,0
BRDA:26,1,0,0
BRDA:26,1,1,0
BRDA:26,2,0,0
BRDA:26,2,1,0
BRDA:40,3,0,0
BRDA:40,3,1,0
BRDA:55,4,0,0
BRDA:55,4,1,0
BRDA:56,5,0,0
BRDA:56,5,1,0
BRDA:71,6,0,0
BRDA:71,6,1,0
BRDA:6,7,0,0
BRDA:6,7,1,0
BRDA:6,8,0,0
BRDA:6,8,1,0
BRF:18
BRH:0
end_of_record
TN:
SF:src\upload\upload.controller.ts
FN:8,(anonymous_4)
FN:25,(anonymous_5)
FN:14,(anonymous_6)
FNF:3
FNH:0
FNDA:0,(anonymous_4)
FNDA:0,(anonymous_5)
FNDA:0,(anonymous_6)
DA:1,0
DA:2,0
DA:3,0
DA:4,0
DA:7,0
DA:8,0
DA:15,0
DA:16,0
DA:18,0
DA:25,0
DA:26,0
DA:27,0
DA:30,0
DA:31,0
DA:33,0
DA:39,0
DA:40,0
LF:17
LH:0
BRDA:26,0,0,0
BRDA:26,0,1,0
BRDA:39,1,0,0
BRDA:39,1,1,0
BRDA:15,2,0,0
BRDA:15,2,1,0
BRDA:25,3,0,0
BRDA:25,3,1,0
BRDA:25,4,0,0
BRDA:25,4,1,0
BRDA:25,4,2,0
BRDA:8,5,0,0
BRDA:8,5,1,0
BRDA:8,6,0,0
BRDA:8,6,1,0
BRF:15
BRH:0
end_of_record
TN:
SF:src\upload\upload.service.ts
FN:11,(anonymous_2)
FN:23,(anonymous_3)
FNF:2
FNH:0
FNDA:0,(anonymous_2)
FNDA:0,(anonymous_3)
DA:1,0
DA:2,0
DA:3,0
DA:7,0
DA:12,0
DA:14,0
DA:24,0
DA:25,0
DA:28,0
DA:29,0
DA:31,0
DA:32,0
DA:43,0
DA:44,0
DA:46,0
DA:48,0
DA:49,0
LF:17
LH:0
BRDA:12,0,0,0
BRDA:12,0,1,0
BRDA:15,1,0,0
BRDA:15,1,1,0
BRDA:17,2,0,0
BRDA:17,2,1,0
BRDA:18,3,0,0
BRDA:18,3,1,0
BRDA:24,4,0,0
BRDA:24,4,1,0
BRDA:43,5,0,0
BRDA:43,5,1,0
BRF:12
BRH:0
end_of_record
TN:
SF:src\users\users.controller.ts
FN:7,(anonymous_4)
FN:11,(anonymous_5)
FN:18,(anonymous_6)
FN:25,(anonymous_7)
FN:31,(anonymous_8)
FN:38,(anonymous_9)
FN:45,(anonymous_10)
FN:52,(anonymous_11)
FN:58,(anonymous_12)
FN:64,(anonymous_13)
FNF:10
FNH:0
FNDA:0,(anonymous_4)
FNDA:0,(anonymous_5)
FNDA:0,(anonymous_6)
FNDA:0,(anonymous_7)
FNDA:0,(anonymous_8)
FNDA:0,(anonymous_9)
FNDA:0,(anonymous_10)
FNDA:0,(anonymous_11)
FNDA:0,(anonymous_12)
FNDA:0,(anonymous_13)
DA:1,0
DA:2,0
DA:3,0
DA:6,0
DA:7,0
DA:11,0
DA:12,0
DA:18,0
DA:19,0
DA:20,0
DA:25,0
DA:26,0
DA:31,0
DA:32,0
DA:33,0
DA:38,0
DA:39,0
DA:40,0
DA:45,0
DA:46,0
DA:52,0
DA:53,0
DA:58,0
DA:59,0
DA:64,0
DA:66,0
DA:67,0
DA:69,0
LF:28
LH:0
BRDA:66,0,0,0
BRDA:66,0,1,0
BRDA:7,1,0,0
BRDA:7,1,1,0
BRDA:7,2,0,0
BRDA:7,2,1,0
BRF:6
BRH:0
end_of_record
TN:
SF:src\users\users.module.ts
FNF:0
FNH:0
DA:1,0
DA:2,0
DA:3,0
DA:4,0
DA:12,0
LF:5
LH:0
BRF:0
BRH:0
end_of_record
TN:
SF:src\users\users.service.ts
FN:7,(anonymous_2)
FN:9,(anonymous_3)
FN:20,(anonymous_4)
FN:31,(anonymous_5)
FN:37,(anonymous_6)
FN:44,(anonymous_7)
FN:52,(anonymous_8)
FN:98,(anonymous_9)
FN:123,(anonymous_10)
FN:141,(anonymous_11)
FN:156,(anonymous_12)
FN:166,(anonymous_13)
FN:192,(anonymous_14)
FN:202,(anonymous_15)
FNF:14
FNH:0
FNDA:0,(anonymous_2)
FNDA:0,(anonymous_3)
FNDA:0,(anonymous_4)
FNDA:0,(anonymous_5)
FNDA:0,(anonymous_6)
FNDA:0,(anonymous_7)
FNDA:0,(anonymous_8)
FNDA:0,(anonymous_9)
FNDA:0,(anonymous_10)
FNDA:0,(anonymous_11)
FNDA:0,(anonymous_12)
FNDA:0,(anonymous_13)
FNDA:0,(anonymous_14)
FNDA:0,(anonymous_15)
DA:1,0
DA:2,0
DA:6,0
DA:7,0
DA:10,0
DA:21,0
DA:32,0
DA:38,0
DA:45,0
DA:49,0
DA:54,0
DA:58,0
DA:59,0
DA:63,0
DA:64,0
DA:68,0
DA:77,0
DA:78,0
DA:82,0
DA:95,0
DA:99,0
DA:105,0
DA:106,0
DA:109,0
DA:124,0
DA:130,0
DA:131,0
DA:134,0
DA:142,0
DA:157,0
DA:167,0
DA:173,0
DA:174,0
DA:177,0
DA:178,0
DA:181,0
DA:193,0
DA:203,0
LF:38
LH:0
BRDA:58,0,0,0
BRDA:58,0,1,0
BRDA:63,1,0,0
BRDA:63,1,1,0
BRDA:77,2,0,0
BRDA:77,2,1,0
BRDA:105,3,0,0
BRDA:105,3,1,0
BRDA:114,4,0,0
BRDA:114,4,1,0
BRDA:115,5,0,0
BRDA:115,5,1,0
BRDA:130,6,0,0
BRDA:130,6,1,0
BRDA:173,7,0,0
BRDA:173,7,1,0
BRDA:177,8,0,0
BRDA:177,8,1,0
BRDA:7,9,0,0
BRDA:7,9,1,0
BRDA:7,10,0,0
BRDA:7,10,1,0
BRF:22
BRH:0
end_of_record
TN:
SF:src\websockets\chat.gateway.ts
FN:22,(anonymous_2)
FN:26,(anonymous_3)
FN:30,(anonymous_4)
FN:35,(anonymous_5)
FN:41,(anonymous_6)
FNF:5
FNH:0
FNDA:0,(anonymous_2)
FNDA:0,(anonymous_3)
FNDA:0,(anonymous_4)
FNDA:0,(anonymous_5)
FNDA:0,(anonymous_6)
DA:1,2
DA:8,2
DA:9,2
DA:18,2
DA:19,2
DA:20,0
DA:23,0
DA:27,0
DA:31,0
DA:36,0
DA:37,0
DA:42,0
DA:43,0
LF:13
LH:5
BRDA:19,0,0,2
BRDA:19,0,1,0
BRDA:19,1,0,2
BRDA:19,1,1,2
BRF:4
BRH:3
end_of_record
TN:
SF:src\websockets\websockets.module.ts
FNF:0
FNH:0
DA:1,0
DA:2,0
DA:9,0
LF:3
LH:0
BRF:0
BRH:0
end_of_record
TN:
SF:src\whatsapp\whatsapp.controller.ts
FN:10,(anonymous_4)
FN:15,(anonymous_5)
FN:36,(anonymous_6)
FN:53,(anonymous_7)
FN:59,(anonymous_8)
FN:69,(anonymous_9)
FN:79,(anonymous_10)
FN:98,(anonymous_11)
FNF:8
FNH:1
FNDA:1,(anonymous_4)
FNDA:0,(anonymous_5)
FNDA:0,(anonymous_6)
FNDA:0,(anonymous_7)
FNDA:0,(anonymous_8)
FNDA:0,(anonymous_9)
FNDA:0,(anonymous_10)
FNDA:0,(anonymous_11)
DA:1,1
DA:2,1
DA:3,1
DA:6,1
DA:8,1
DA:10,1
DA:15,1
DA:20,0
DA:21,0
DA:24,0
DA:26,0
DA:27,0
DA:28,0
DA:31,0
DA:36,1
DA:37,0
DA:39,0
DA:40,0
DA:41,0
DA:43,0
DA:44,0
DA:53,1
DA:54,0
DA:59,1
DA:64,0
DA:69,1
DA:74,0
DA:79,1
DA:85,0
DA:86,0
DA:88,0
DA:89,0
DA:98,1
DA:99,0
LF:34
LH:13
BRDA:20,0,0,0
BRDA:20,0,1,0
BRDA:26,1,0,0
BRDA:26,1,1,0
BRDA:90,2,0,0
BRDA:90,2,1,0
BRDA:10,3,0,1
BRDA:10,3,1,0
BRDA:10,4,0,1
BRDA:10,4,1,1
BRF:10
BRH:3
end_of_record
TN:
SF:src\whatsapp\whatsapp.module.ts
FNF:0
FNH:0
DA:1,0
DA:2,0
DA:3,0
DA:4,0
DA:5,0
DA:12,0
LF:6
LH:0
BRF:0
BRH:0
end_of_record
TN:
SF:src\whatsapp\whatsapp.service.ts
FN:19,(anonymous_11)
FN:25,(anonymous_12)
FN:32,(anonymous_13)
FN:166,(anonymous_14)
FN:208,(anonymous_15)
FN:212,(anonymous_16)
FN:225,(anonymous_17)
FN:241,(anonymous_18)
FN:252,(anonymous_19)
FN:268,(anonymous_20)
FN:332,(anonymous_21)
FN:347,(anonymous_22)
FN:374,(anonymous_23)
FN:394,(anonymous_24)
FN:430,(anonymous_25)
FN:442,(anonymous_26)
FN:456,(anonymous_27)
FN:498,(anonymous_28)
FN:530,(anonymous_29)
FN:556,(anonymous_30)
FNF:20
FNH:1
FNDA:1,(anonymous_11)
FNDA:0,(anonymous_12)
FNDA:0,(anonymous_13)
FNDA:0,(anonymous_14)
FNDA:0,(anonymous_15)
FNDA:0,(anonymous_16)
FNDA:0,(anonymous_17)
FNDA:0,(anonymous_18)
FNDA:0,(anonymous_19)
FNDA:0,(anonymous_20)
FNDA:0,(anonymous_21)
FNDA:0,(anonymous_22)
FNDA:0,(anonymous_23)
FNDA:0,(anonymous_24)
FNDA:0,(anonymous_25)
FNDA:0,(anonymous_26)
FNDA:0,(anonymous_27)
FNDA:0,(anonymous_28)
FNDA:0,(anonymous_29)
FNDA:0,(anonymous_30)
DA:1,2
DA:2,2
DA:3,2
DA:4,2
DA:5,2
DA:6,2
DA:7,2
DA:10,2
DA:11,1
DA:13,1
DA:20,1
DA:21,1
DA:22,1
DA:26,0
DA:29,0
DA:33,0
DA:34,0
DA:35,0
DA:36,0
DA:37,0
DA:38,0
DA:40,0
DA:41,0
DA:42,0
DA:44,0
DA:46,0
DA:50,0
DA:51,0
DA:55,0
DA:56,0
DA:57,0
DA:62,0
DA:63,0
DA:68,0
DA:69,0
DA:70,0
DA:73,0
DA:74,0
DA:75,0
DA:78,0
DA:79,0
DA:80,0
DA:81,0
DA:82,0
DA:84,0
DA:86,0
DA:87,0
DA:88,0
DA:89,0
DA:96,0
DA:97,0
DA:99,0
DA:100,0
DA:105,0
DA:106,0
DA:108,0
DA:109,0
DA:115,0
DA:116,0
DA:122,0
DA:141,0
DA:142,0
DA:144,0
DA:145,0
DA:146,0
DA:147,0
DA:151,0
DA:162,0
DA:165,0
DA:166,0
DA:167,0
DA:169,0
DA:170,0
DA:171,0
DA:172,0
DA:174,0
DA:175,0
DA:176,0
DA:177,0
DA:179,0
DA:191,0
DA:194,0
DA:196,0
DA:198,0
DA:200,0
DA:201,0
DA:202,0
DA:203,0
DA:204,0
DA:207,0
DA:208,0
DA:209,0
DA:212,0
DA:213,0
DA:218,0
DA:220,0
DA:221,0
DA:226,0
DA:227,0
DA:241,0
DA:242,0
DA:243,0
DA:244,0
DA:247,0
DA:248,0
DA:253,0
DA:259,0
DA:260,0
DA:261,0
DA:264,0
DA:265,0
DA:269,0
DA:270,0
DA:275,0
DA:276,0
DA:278,0
DA:279,0
DA:282,0
DA:284,0
DA:286,0
DA:292,0
DA:293,0
DA:294,0
DA:295,0
DA:298,0
DA:307,0
DA:309,0
DA:310,0
DA:311,0
DA:314,0
DA:324,0
DA:325,0
DA:327,0
DA:328,0
DA:333,0
DA:335,0
DA:336,0
DA:337,0
DA:338,0
DA:339,0
DA:341,0
DA:343,0
DA:348,0
DA:349,0
DA:351,0
DA:352,0
DA:355,0
DA:357,0
DA:358,0
DA:359,0
DA:360,0
DA:363,0
DA:364,0
DA:366,0
DA:371,0
DA:376,0
DA:385,0
DA:386,0
DA:387,0
DA:390,0
DA:391,0
DA:394,0
DA:396,0
DA:398,0
DA:399,0
DA:400,0
DA:401,0
DA:405,0
DA:406,0
DA:411,0
DA:413,0
DA:415,0
DA:416,0
DA:419,0
DA:420,0
DA:423,0
DA:424,0
DA:426,0
DA:427,0
DA:431,0
DA:432,0
DA:433,0
DA:435,0
DA:438,0
DA:439,0
DA:443,0
DA:444,0
DA:448,0
DA:449,0
DA:451,0
DA:452,0
DA:457,0
DA:459,0
DA:460,0
DA:461,0
DA:462,0
DA:463,0
DA:466,0
DA:468,0
DA:490,0
DA:491,0
DA:493,0
DA:494,0
DA:499,0
DA:502,0
DA:505,0
DA:507,0
DA:508,0
DA:512,0
DA:516,0
DA:517,0
DA:520,0
DA:521,0
DA:522,0
DA:524,0
DA:526,0
DA:527,0
DA:531,0
DA:532,0
DA:534,0
DA:544,0
DA:545,0
DA:546,0
DA:549,0
DA:551,0
DA:552,0
DA:557,0
LF:227
LH:13
BRDA:40,0,0,0
BRDA:40,0,1,0
BRDA:41,1,0,0
BRDA:41,1,1,0
BRDA:50,2,0,0
BRDA:50,2,1,0
BRDA:55,3,0,0
BRDA:55,3,1,0
BRDA:68,4,0,0
BRDA:68,4,1,0
BRDA:73,5,0,0
BRDA:73,5,1,0
BRDA:87,6,0,0
BRDA:87,6,1,0
BRDA:87,7,0,0
BRDA:87,7,1,0
BRDA:87,7,2,0
BRDA:96,8,0,0
BRDA:96,8,1,0
BRDA:100,9,0,0
BRDA:100,9,1,0
BRDA:105,10,0,0
BRDA:105,10,1,0
BRDA:105,11,0,0
BRDA:105,11,1,0
BRDA:108,12,0,0
BRDA:108,12,1,0
BRDA:115,13,0,0
BRDA:115,13,1,0
BRDA:141,14,0,0
BRDA:141,14,1,0
BRDA:144,15,0,0
BRDA:144,15,1,0
BRDA:144,16,0,0
BRDA:144,16,1,0
BRDA:146,17,0,0
BRDA:146,17,1,0
BRDA:165,18,0,0
BRDA:165,18,1,0
BRDA:165,19,0,0
BRDA:165,19,1,0
BRDA:169,20,0,0
BRDA:169,20,1,0
BRDA:172,21,0,0
BRDA:172,21,1,0
BRDA:176,22,0,0
BRDA:176,22,1,0
BRDA:196,23,0,0
BRDA:196,23,1,0
BRDA:198,24,0,0
BRDA:198,24,1,0
BRDA:201,25,0,0
BRDA:201,25,1,0
BRDA:207,26,0,0
BRDA:207,26,1,0
BRDA:242,27,0,0
BRDA:242,27,1,0
BRDA:243,28,0,0
BRDA:243,28,1,0
BRDA:247,29,0,0
BRDA:247,29,1,0
BRDA:252,30,0,0
BRDA:259,31,0,0
BRDA:259,31,1,0
BRDA:268,32,0,0
BRDA:275,33,0,0
BRDA:275,33,1,0
BRDA:278,34,0,0
BRDA:278,34,1,0
BRDA:278,35,0,0
BRDA:278,35,1,0
BRDA:292,36,0,0
BRDA:292,36,1,0
BRDA:294,37,0,0
BRDA:294,37,1,0
BRDA:309,38,0,0
BRDA:309,38,1,0
BRDA:327,39,0,0
BRDA:327,39,1,0
BRDA:333,40,0,0
BRDA:333,40,1,0
BRDA:335,41,0,0
BRDA:335,41,1,0
BRDA:337,42,0,0
BRDA:337,42,1,0
BRDA:338,43,0,0
BRDA:338,43,1,0
BRDA:349,44,0,0
BRDA:349,44,1,0
BRDA:355,45,0,0
BRDA:355,45,1,0
BRDA:358,46,0,0
BRDA:358,46,1,0
BRDA:359,47,0,0
BRDA:359,47,1,0
BRDA:366,48,0,0
BRDA:366,48,1,0
BRDA:396,49,0,0
BRDA:396,49,1,0
BRDA:398,50,0,0
BRDA:398,50,1,0
BRDA:405,51,0,0
BRDA:405,51,1,0
BRDA:413,52,0,0
BRDA:413,52,1,0
BRDA:413,53,0,0
BRDA:413,53,1,0
BRDA:420,54,0,0
BRDA:420,54,1,0
BRDA:424,55,0,0
BRDA:424,55,1,0
BRDA:451,56,0,0
BRDA:451,56,1,0
BRDA:460,57,0,0
BRDA:460,57,1,0
BRDA:462,58,0,0
BRDA:462,58,1,0
BRDA:493,59,0,0
BRDA:493,59,1,0
BRDA:507,60,0,0
BRDA:507,60,1,0
BRDA:507,61,0,0
BRDA:507,61,1,0
BRDA:508,62,0,0
BRDA:508,62,1,0
BRDA:516,63,0,0
BRDA:516,63,1,0
BRDA:526,64,0,0
BRDA:526,64,1,0
BRDA:545,65,0,0
BRDA:545,65,1,0
BRDA:20,66,0,2
BRDA:20,66,1,0
BRDA:20,67,0,2
BRDA:20,67,1,2
BRDA:20,68,0,2
BRDA:20,68,1,0
BRDA:20,69,0,2
BRDA:20,69,1,2
BRDA:21,70,0,2
BRDA:21,70,1,0
BRDA:21,71,0,2
BRDA:21,71,1,2
BRF:143
BRH:9
end_of_record
